Job <30345> is submitted to default queue <interactive>.

                           Design Compiler Graphical 
                                 DC Ultra (TM)
                                  DFTMAX (TM)
                              Power Compiler (TM)
                                 DesignWare (R)
                                 DC Expert (TM)
                               Design Vision (TM)
                               HDL Compiler (TM)
                               VHDL Compiler (TM)
                                  DFT Compiler
                               Design Compiler(R)

               Version R-2020.09-SP4 for linux64 - Mar 02, 2021 

                    Copyright (c) 1988 - 2021 Synopsys, Inc.
   This software and the associated documentation are proprietary to Synopsys,
 Inc. This software may only be used in accordance with the terms and conditions
 of a written license agreement with Synopsys, Inc. All other use, reproduction,
            or distribution of this software is strictly prohibited.
Initializing...
Error: could not open script file "/home/users/yuyushan/work/rsp_s1_prep/rsp_s1_prep_syn/rsp_s1_prep_syn.tcl" (CMD-015)
dc_shell> 
Information: Interrupting current command. (INT-2)
^CInformation: One more interrupt will exit process. (INT-3)
^CInformation: Process terminated by interrupt. (INT-4)
