srcscan starts
INFO: analyzing module IO_imp_WWV73Q (VERI-9002)
INFO: analyzing module clock_gen_imp_108HZ82 (VERI-9002)
INFO: analyzing module design_0 (VERI-9002)
INFO: analyzing module design_0_ps8_0_axi_periph_0 (VERI-9002)
INFO: analyzing module interrupts_imp_ASG11V (VERI-9002)
INFO: analyzing module m00_couplers_imp_BAEVLC (VERI-9002)
INFO: analyzing module m01_couplers_imp_1JHN2XD (VERI-9002)
INFO: analyzing module m02_couplers_imp_CMB8QB (VERI-9002)
INFO: analyzing module m03_couplers_imp_1HVF30Y (VERI-9002)
INFO: analyzing module m04_couplers_imp_9PVXX2 (VERI-9002)
INFO: analyzing module m05_couplers_imp_1KP1C47 (VERI-9002)
INFO: analyzing module m06_couplers_imp_ARTEK5 (VERI-9002)
INFO: analyzing module m07_couplers_imp_1JWSUTW (VERI-9002)
INFO: analyzing module m08_couplers_imp_HR7KOS (VERI-9002)
INFO: analyzing module m09_couplers_imp_1LWEHST (VERI-9002)
INFO: analyzing module m10_couplers_imp_1YU57VS (VERI-9002)
INFO: analyzing module s00_couplers_imp_1M5AVXU (VERI-9002)
Listing tops:
VeriTop library:xil_defaultlib mod:design_0
END of tops
C:/work/2021/Rac_TI_0621_800w/design/bd/design_0/sim/design_0.v(111): INFO: compiling module 'design_0_default' (VERI-1018)
C:/work/2021/Rac_TI_0621_800w/design/bd/design_0/sim/design_0.v(698): WARNING: Module <design_0_CAM_RSTN_0> not found while processing module instance <CAM_RSTN> (VERI-1063)
C:/work/2021/Rac_TI_0621_800w/design/bd/design_0/sim/design_0.v(719): WARNING: Module <design_0_HOST_IRQ1_0> not found while processing module instance <HOST_IRQ1> (VERI-1063)
C:/work/2021/Rac_TI_0621_800w/design/bd/design_0/sim/design_0.v(741): WARNING: Module <design_0_HOST_IRQ2_0> not found while processing module instance <HOST_IRQ2> (VERI-1063)
C:/work/2021/Rac_TI_0621_800w/design/bd/design_0/sim/design_0.v(763): WARNING: Module <design_0_HOST_IRQ3_0> not found while processing module instance <HOST_IRQ3> (VERI-1063)
C:/work/2021/Rac_TI_0621_800w/design/bd/design_0/sim/design_0.v(785): WARNING: Module <design_0_HOST_IRQ4_0> not found while processing module instance <HOST_IRQ4> (VERI-1063)
C:/work/2021/Rac_TI_0621_800w/design/bd/design_0/sim/design_0.v(47): WARNING: Module <design_0_util_vector_logic_0_0> not found while processing module instance <util_vector_logic_0> (VERI-1063)
C:/work/2021/Rac_TI_0621_800w/design/bd/design_0/sim/design_0.v(50): WARNING: Module <design_0_xlconcat_1_0> not found while processing module instance <xlconcat_1> (VERI-1063)
C:/work/2021/Rac_TI_0621_800w/design/bd/design_0/sim/design_0.v(64): WARNING: Module <design_0_xlslice_0_0> not found while processing module instance <xlslice_0> (VERI-1063)
C:/work/2021/Rac_TI_0621_800w/design/bd/design_0/sim/design_0.v(67): WARNING: Module <design_0_xlslice_1_0> not found while processing module instance <xlslice_1> (VERI-1063)
C:/work/2021/Rac_TI_0621_800w/design/bd/design_0/sim/design_0.v(816): WARNING: Module <design_0_PL_RSTN_0> not found while processing module instance <PL_RSTN> (VERI-1063)
C:/work/2021/Rac_TI_0621_800w/design/bd/design_0/sim/design_0.v(837): WARNING: Module <design_0_axi_bram_ctrl_0_0> not found while processing module instance <axi_bram_ctrl_0> (VERI-1063)
C:/work/2021/Rac_TI_0621_800w/design/bd/design_0/sim/design_0.v(878): WARNING: Module <design_0_axi_bram_ctrl_1_0> not found while processing module instance <axi_bram_ctrl_1> (VERI-1063)
C:/work/2021/Rac_TI_0621_800w/design/bd/design_0/sim/design_0.v(919): WARNING: Module <design_0_axi_dma_0_0> not found while processing module instance <axi_dma_0> (VERI-1063)
C:/work/2021/Rac_TI_0621_800w/design/bd/design_0/sim/design_0.v(958): WARNING: Module <design_0_axi_vdma_0_0> not found while processing module instance <axi_vdma_0> (VERI-1063)
C:/work/2021/Rac_TI_0621_800w/design/bd/design_0/sim/design_0.v(1002): WARNING: Module <design_0_blk_mem_gen_0_0> not found while processing module instance <blk_mem_gen_0> (VERI-1063)
C:/work/2021/Rac_TI_0621_800w/design/bd/design_0/sim/design_0.v(92): WARNING: Module <design_0_rst_148MXX_0> not found while processing module instance <rst_pl_clk0> (VERI-1063)
C:/work/2021/Rac_TI_0621_800w/design/bd/design_0/sim/design_0.v(99): WARNING: Module <design_0_rst_200M_0> not found while processing module instance <rst_pl_clk1> (VERI-1063)
C:/work/2021/Rac_TI_0621_800w/design/bd/design_0/sim/design_0.v(106): WARNING: Module <design_0_xlconstant_0_0> not found while processing module instance <xlconstant_0> (VERI-1063)
C:/work/2021/Rac_TI_0621_800w/design/bd/design_0/sim/design_0.v(3963): WARNING: Module <design_0_xlconcat_0_0> not found while processing module instance <xlconcat_0> (VERI-1063)
C:/work/2021/Rac_TI_0621_800w/design/bd/design_0/sim/design_0.v(3971): WARNING: Module <design_0_xlconcat_1_1> not found while processing module instance <xlconcat_1> (VERI-1063)
C:/work/2021/Rac_TI_0621_800w/design/bd/design_0/sim/design_0.v(3979): WARNING: Module <design_0_xlconstant_0_1> not found while processing module instance <xlconstant_0> (VERI-1063)
C:/work/2021/Rac_TI_0621_800w/design/bd/design_0/sim/design_0.v(4257): WARNING: Module <design_0_auto_ds_0> not found while processing module instance <auto_ds> (VERI-1063)
C:/work/2021/Rac_TI_0621_800w/design/bd/design_0/sim/design_0.v(4334): WARNING: Module <design_0_auto_pc_0> not found while processing module instance <auto_pc> (VERI-1063)
C:/work/2021/Rac_TI_0621_800w/design/bd/design_0/sim/design_0.v(4665): WARNING: Module <design_0_auto_ds_1> not found while processing module instance <auto_ds> (VERI-1063)
C:/work/2021/Rac_TI_0621_800w/design/bd/design_0/sim/design_0.v(4742): WARNING: Module <design_0_auto_pc_1> not found while processing module instance <auto_pc> (VERI-1063)
C:/work/2021/Rac_TI_0621_800w/design/bd/design_0/sim/design_0.v(5073): WARNING: Module <design_0_auto_ds_2> not found while processing module instance <auto_ds> (VERI-1063)
C:/work/2021/Rac_TI_0621_800w/design/bd/design_0/sim/design_0.v(5150): WARNING: Module <design_0_auto_pc_2> not found while processing module instance <auto_pc> (VERI-1063)
C:/work/2021/Rac_TI_0621_800w/design/bd/design_0/sim/design_0.v(5481): WARNING: Module <design_0_auto_ds_3> not found while processing module instance <auto_ds> (VERI-1063)
C:/work/2021/Rac_TI_0621_800w/design/bd/design_0/sim/design_0.v(5558): WARNING: Module <design_0_auto_pc_3> not found while processing module instance <auto_pc> (VERI-1063)
C:/work/2021/Rac_TI_0621_800w/design/bd/design_0/sim/design_0.v(5889): WARNING: Module <design_0_auto_ds_4> not found while processing module instance <auto_ds> (VERI-1063)
C:/work/2021/Rac_TI_0621_800w/design/bd/design_0/sim/design_0.v(5966): WARNING: Module <design_0_auto_pc_4> not found while processing module instance <auto_pc> (VERI-1063)
C:/work/2021/Rac_TI_0621_800w/design/bd/design_0/sim/design_0.v(6318): WARNING: Module <design_0_auto_ds_5> not found while processing module instance <auto_ds> (VERI-1063)
C:/work/2021/Rac_TI_0621_800w/design/bd/design_0/sim/design_0.v(6663): WARNING: Module <design_0_auto_ds_6> not found while processing module instance <auto_ds> (VERI-1063)
C:/work/2021/Rac_TI_0621_800w/design/bd/design_0/sim/design_0.v(6740): WARNING: Module <design_0_auto_pc_5> not found while processing module instance <auto_pc> (VERI-1063)
C:/work/2021/Rac_TI_0621_800w/design/bd/design_0/sim/design_0.v(7066): WARNING: Module <design_0_auto_ds_7> not found while processing module instance <auto_ds> (VERI-1063)
C:/work/2021/Rac_TI_0621_800w/design/bd/design_0/sim/design_0.v(7143): WARNING: Module <design_0_auto_pc_6> not found while processing module instance <auto_pc> (VERI-1063)
C:/work/2021/Rac_TI_0621_800w/design/bd/design_0/sim/design_0.v(7473): WARNING: Module <design_0_auto_ds_8> not found while processing module instance <auto_ds> (VERI-1063)
C:/work/2021/Rac_TI_0621_800w/design/bd/design_0/sim/design_0.v(7550): WARNING: Module <design_0_auto_pc_7> not found while processing module instance <auto_pc> (VERI-1063)
C:/work/2021/Rac_TI_0621_800w/design/bd/design_0/sim/design_0.v(7902): WARNING: Module <design_0_auto_ds_9> not found while processing module instance <auto_ds> (VERI-1063)
C:/work/2021/Rac_TI_0621_800w/design/bd/design_0/sim/design_0.v(8259): WARNING: Module <design_0_auto_ds_10> not found while processing module instance <auto_ds> (VERI-1063)
C:/work/2021/Rac_TI_0621_800w/design/bd/design_0/sim/design_0.v(8336): WARNING: Module <design_0_auto_pc_8> not found while processing module instance <auto_pc> (VERI-1063)
C:/work/2021/Rac_TI_0621_800w/design/bd/design_0/sim/design_0.v(3824): WARNING: Module <design_0_xbar_1> not found while processing module instance <xbar> (VERI-1063)
C:/work/2021/Rac_TI_0621_800w/design/bd/design_0/sim/design_0.v(1317): WARNING: Module <design_0_rst_ps8_0_150M_0> not found while processing module instance <rst_pl_clk0> (VERI-1063)
C:/work/2021/Rac_TI_0621_800w/design/bd/design_0/sim/design_0.v(1324): WARNING: Module <design_0_smartconnect_0_0> not found while processing module instance <smartconnect_0> (VERI-1063)
C:/work/2021/Rac_TI_0621_800w/design/bd/design_0/sim/design_0.v(1357): WARNING: Module <design_0_system_ila_0_0> not found while processing module instance <system_ila_0> (VERI-1063)
C:/work/2021/Rac_TI_0621_800w/design/bd/design_0/sim/design_0.v(1365): WARNING: Module <design_0_zynq_ultra_ps_e_0_0> not found while processing module instance <zynq_ultra_ps_e_0> (VERI-1063)
srcscan exits with return value 0
