#######################################################################################
# log primitive debug message of FSDB dumping                                         #
# This is for R&D to analyze when there are issues happening when FSDB dump           #
#######################################################################################
ANF: vcsd_get_serial_mode_status('./simv: undefined symbol: vcsd_get_serial_mode_status')
ANF: vcsd_enable_sva_success_callback('./simv: undefined symbol: vcsd_enable_sva_success_callback')
ANF: vcsd_disable_sva_success_callback('./simv: undefined symbol: vcsd_disable_sva_success_callback')
ANF: vcsd_get_power_scope_name('./simv: undefined symbol: vcsd_get_power_scope_name')
ANF: vcsd_begin_no_value_var_info('./simv: undefined symbol: vcsd_begin_no_value_var_info')
ANF: vcsd_end_no_value_var_info('./simv: undefined symbol: vcsd_end_no_value_var_info')
ANF: vcsd_remove_xprop_merge_mode_callback('./simv: undefined symbol: vcsd_remove_xprop_merge_mode_callback')
ANF: vhpi_get_cb_info('./simv: undefined symbol: vhpi_get_cb_info')
ANF: vhpi_free_handle('./simv: undefined symbol: vhpi_free_handle')
ANF: vhpi_fetch_vcsd_handle('./simv: undefined symbol: vhpi_fetch_vcsd_handle')
ANF: vhpi_fetch_vpi_handle('./simv: undefined symbol: vhpi_fetch_vpi_handle')
ANF: vhpi_has_verilog_parent('./simv: undefined symbol: vhpi_has_verilog_parent')
ANF: vhpi_is_verilog_scope('./simv: undefined symbol: vhpi_is_verilog_scope')
ANF: scsd_xprop_is_enabled('./simv: undefined symbol: scsd_xprop_is_enabled')
ANF: scsd_xprop_sig_is_promoted('./simv: undefined symbol: scsd_xprop_sig_is_promoted')
ANF: scsd_xprop_int_xvalue('./simv: undefined symbol: scsd_xprop_int_xvalue')
ANF: scsd_xprop_bool_xvalue('./simv: undefined symbol: scsd_xprop_bool_xvalue')
ANF: scsd_xprop_enum_xvalue('./simv: undefined symbol: scsd_xprop_enum_xvalue')
ANF: scsd_xprop_register_merge_mode_cb('./simv: undefined symbol: scsd_xprop_register_merge_mode_cb')
ANF: scsd_xprop_delete_merge_mode_cb('./simv: undefined symbol: scsd_xprop_delete_merge_mode_cb')
ANF: scsd_xprop_get_merge_mode('./simv: undefined symbol: scsd_xprop_get_merge_mode')
ANF: scsd_thread_get_info('./simv: undefined symbol: scsd_thread_get_info')
ANF: scsd_thread_vc_init('./simv: undefined symbol: scsd_thread_vc_init')
ANF: scsd_master_set_delta_sync_cbk('./simv: undefined symbol: scsd_master_set_delta_sync_cbk')
ANF: scsd_fgp_get_fsdb_cores('./simv: undefined symbol: scsd_fgp_get_fsdb_cores')
ANF: vhdi_dt_get_type('./simv: undefined symbol: vhdi_dt_get_type')
ANF: vhdi_dt_get_key('./simv: undefined symbol: vhdi_dt_get_key')
ANF: vhdi_dt_get_vhdl_enum_info('./simv: undefined symbol: vhdi_dt_get_vhdl_enum_info')
ANF: vhdi_dt_get_vhdl_physical_info('./simv: undefined symbol: vhdi_dt_get_vhdl_physical_info')
ANF: vhdi_dt_get_vhdl_array_info('./simv: undefined symbol: vhdi_dt_get_vhdl_array_info')
ANF: vhdi_dt_get_vhdl_record_info('./simv: undefined symbol: vhdi_dt_get_vhdl_record_info')
ANF: vhdi_def_traverse_module('./simv: undefined symbol: vhdi_def_traverse_module')
ANF: vhdi_def_traverse_scope('./simv: undefined symbol: vhdi_def_traverse_scope')
ANF: vhdi_def_traverse_variable('./simv: undefined symbol: vhdi_def_traverse_variable')
ANF: vhdi_def_get_module_id_by_vhpi('./simv: undefined symbol: vhdi_def_get_module_id_by_vhpi')
ANF: vhdi_def_get_handle_by_module_id('./simv: undefined symbol: vhdi_def_get_handle_by_module_id')
ANF: vhdi_def_get_variable_info_by_vhpi('./simv: undefined symbol: vhdi_def_get_variable_info_by_vhpi')
ANF: vhdi_def_free('./simv: undefined symbol: vhdi_def_free')
ANF: vhdi_ist_traverse_scope('./simv: undefined symbol: vhdi_ist_traverse_scope')
ANF: vhdi_ist_traverse_variable('./simv: undefined symbol: vhdi_ist_traverse_variable')
ANF: vhdi_ist_convert_by_vhpi('./simv: undefined symbol: vhdi_ist_convert_by_vhpi')
ANF: vhdi_ist_clone('./simv: undefined symbol: vhdi_ist_clone')
ANF: vhdi_ist_free('./simv: undefined symbol: vhdi_ist_free')
ANF: vhdi_ist_hash_key('./simv: undefined symbol: vhdi_ist_hash_key')
ANF: vhdi_ist_compare('./simv: undefined symbol: vhdi_ist_compare')
ANF: vhdi_ist_get_value_addr('./simv: undefined symbol: vhdi_ist_get_value_addr')
ANF: vhdi_set_scsd_callback('./simv: undefined symbol: vhdi_set_scsd_callback')
ANF: vhdi_cbk_set_force_callback('./simv: undefined symbol: vhdi_cbk_set_force_callback')
ANF: vhdi_trigger_init_force('./simv: undefined symbol: vhdi_trigger_init_force')
ANF: vhdi_ist_check_scsd_callback('./simv: undefined symbol: vhdi_ist_check_scsd_callback')
ANF: vhdi_ist_add_scsd_callback('./simv: undefined symbol: vhdi_ist_add_scsd_callback')
ANF: vhdi_ist_remove_scsd_callback('./simv: undefined symbol: vhdi_ist_remove_scsd_callback')
ANF: vhdi_ist_get_scsd_user_data('./simv: undefined symbol: vhdi_ist_get_scsd_user_data')
ANF: vhdi_add_time_change_callback('./simv: undefined symbol: vhdi_add_time_change_callback')
ANF: vhdi_get_real_value_by_value_addr('./simv: undefined symbol: vhdi_get_real_value_by_value_addr')
ANF: vhdi_get_64_value_by_value_addr('./simv: undefined symbol: vhdi_get_64_value_by_value_addr')
ANF: vhdi_xprop_inst_is_promoted('./simv: undefined symbol: vhdi_xprop_inst_is_promoted')
ANF: vdi_ist_convert_by_vhdi('./simv: undefined symbol: vdi_ist_convert_by_vhdi')
ANF: vhdi_ist_get_module_id('./simv: undefined symbol: vhdi_ist_get_module_id')
ANF: vhdi_refine_foreign_scope_type('./simv: undefined symbol: vhdi_refine_foreign_scope_type')
ANF: vhdi_flush_callback('./simv: undefined symbol: vhdi_flush_callback')
ANF: vhdi_set_orig_name('./simv: undefined symbol: vhdi_set_orig_name')
ANF: vhdi_set_dump_pt('./simv: undefined symbol: vhdi_set_dump_pt')
ANF: vhdi_get_fsdb_option('./simv: undefined symbol: vhdi_get_fsdb_option')
ANF: vhdi_fgp_get_mode('./simv: undefined symbol: vhdi_fgp_get_mode')
ANF: vhdi_node_register_composite_var('./simv: undefined symbol: vhdi_node_register_composite_var')
ANF: vhdi_node_analysis('./simv: undefined symbol: vhdi_node_analysis')
ANF: vhdi_node_id('./simv: undefined symbol: vhdi_node_id')
ANF: vhdi_node_ist_check_scsd_callback('./simv: undefined symbol: vhdi_node_ist_check_scsd_callback')
ANF: vhdi_node_ist_add_scsd_callback('./simv: undefined symbol: vhdi_node_ist_add_scsd_callback')
ANF: vhdi_node_ist_get_value_addr('./simv: undefined symbol: vhdi_node_ist_get_value_addr')
ANF: vhdi_enc_def_traverse_module('./simv: undefined symbol: vhdi_enc_def_traverse_module')
ANF: vhdi_enc_def_traverse_scope('./simv: undefined symbol: vhdi_enc_def_traverse_scope')
ANF: vhdi_enc_def_traverse_variable('./simv: undefined symbol: vhdi_enc_def_traverse_variable')
ANF: vhdi_enc_ist_traverse_scope('./simv: undefined symbol: vhdi_enc_ist_traverse_scope')
ANF: vhdi_enc_ist_traverse_variable('./simv: undefined symbol: vhdi_enc_ist_traverse_variable')
ANF: vhdi_enc_ist_get_module_id('./simv: undefined symbol: vhdi_enc_ist_get_module_id')
ANF: vhdi_enc_def_get_handle_by_module_id('./simv: undefined symbol: vhdi_enc_def_get_handle_by_module_id')
VCS compile option:
 option[0]: ./simv
 option[1]: +fsdb+sva_success
 option[2]: /home/tools/synopsys/VCS2020/Q-2020.03-SP2/linux64/bin/vcs1
 option[3]: -Mcc=gcc
 option[4]: -Mcplusplus=g++
 option[5]: -Masflags=
 option[6]: -Mcfl= -pipe -fPIC -O -I/home/tools/synopsys/VCS2020/Q-2020.03-SP2/include 
 option[7]: -Mxllcflags=
 option[8]: -Mxcflags= -pipe -fPIC -I/home/tools/synopsys/VCS2020/Q-2020.03-SP2/include
 option[9]: -Mldflags= -rdynamic 
 option[10]: -Mout=simv
 option[11]: -Mamsrun=
 option[12]: -Mvcsaceobjs=
 option[13]: -Mobjects= /home/tools/synopsys/VCS2020/Q-2020.03-SP2/linux64/lib/libvirsim.so /home/tools/synopsys/VCS2020/Q-2020.03-SP2/linux64/lib/liberrorinf.so /home/tools/synopsys/VCS2020/Q-2020.03-SP2/linux64/lib/libsnpsmalloc.so /home/tools/synopsys/VCS2020/Q-2020.03-SP2/linux64/lib/libvfs.so 
 option[14]: -Mexternalobj=
 option[15]: -Msaverestoreobj=/home/tools/synopsys/VCS2020/Q-2020.03-SP2/linux64/lib/vcs_save_restore_new.o
 option[16]: -Mcrt0=
 option[17]: -Mcrtn=
 option[18]: -Mcsrc=
 option[19]: -Msyslibs=/home/tools/synopsys/verdi/Q-2020.03-SP2/share/PLI/VCS/LINUX64/pli.a -ldl 
 option[20]: -l
 option[21]: run.log
 option[22]: -full64
 option[23]: +v2k
 option[24]: -override_timescale=1ps/1ps
 option[25]: -debug_acc+all
 option[26]: +vpi
 option[27]: +vcsd1
 option[28]: +itf+/home/tools/synopsys/VCS2020/Q-2020.03-SP2/linux64/lib/vcsdp_lite.tab
 option[29]: -fsdb
 option[30]: -P
 option[31]: /home/tools/synopsys/verdi/Q-2020.03-SP2/share/PLI/VCS/LINUX64/verdi.tab
 option[32]: -picarchive
 option[33]: -debug_acc+fsdb
 option[34]: -sverilog
 option[35]: -gen_obj
 option[36]: +incdir+/prj/chips/pvg/venus/yuyushan/jade_venus_3/vobs/ip/rsp/design/rsp_common/header
 option[37]: +incdir+/prj/chips/pvg/venus/yuyushan/jade_venus_3/vobs/ip/rsp/design/rsp_s1/sub/rsp_s1_prep/src
 option[38]: -f
 option[39]: tb.f
 option[40]: -load
 option[41]: /home/tools/synopsys/verdi/Q-2020.03-SP2/share/PLI/VCS/LINUX64/libnovas.so:FSDBDumpCmd
Chronologic Simulation VCS Release Q-2020.03-SP2_Full64
Linux 3.10.0-1160.el7.x86_64 #1 SMP Mon Oct 19 16:18:59 UTC 2020 x86_64
CPU cores: 32
Limit information:
======================================
cputime		unlimited
filesize		unlimited
datasize		unlimited
stacksize		8192 kbytes
coredumpsize		unlimited
memoryuse		unlimited
vmemoryuse		unlimited
descriptors		4096
memorylocked		64 kbytes
maxproc		2062063
======================================
(Special)Runtime environment variables:

Runtime environment variables:
REMOTEHOST=gateway
VNCDESKTOP=shzj-03:16 (yuyushan)
axi2ahb_sync=/prj/chips/pvg/venus/yuyushan/jade_venus_3/vobs/cores/axi2ahb_sync
rsp_s2_prep=/prj/chips/pvg/venus/yuyushan/jade_venus_3/vobs/ip/rsp/design/rsp_s2/sub/rsp_s2_prep
MANPATH=/usr/share/man:/data/lsf/10.1/man:
XDG_SESSION_ID=23866
SSH_AGENT_PID=2886
MEM_VERSION=latest
LSB_EXEC_CLUSTER=cluster1
rsp_s1_ram_banks=/prj/chips/pvg/venus/yuyushan/jade_venus_3/vobs/ip/rsp/design/rsp_s1/sub/rsp_s1_ram_banks
rsp_s2_extract=/prj/chips/pvg/venus/yuyushan/jade_venus_3/vobs/ip/rsp/design/rsp_s2/sub/rsp_s2_extract
HOSTNAME=shzj-09
IMSETTINGS_INTEGRATE_DESKTOP=yes
modelsim=/home/tools/mentor/modelsim/modelsim10.3/modelsim_dlx
UVM_HOME=/home/tools/synopsys/VCS2020/Q-2020.03-SP2/etc/uvm-1.2
LSB_EFFECTIVE_RSRCREQ=select[type == local] order[r15s:pg] 
LSF_LOGDIR=/data/lsf/log
LSF_LIM_API_NTRIES=1
HOST=shzj-03
SHELL=/bin/csh
VTE_VERSION=5204
XDG_MENU_PREFIX=gnome-
spyglass=/home/tools/synopsys/spyglass/SPYGLASS2019.06/SPYGLASS_HOME
TERM=xterm-256color
LSB_BATCH_JID=366100
rsp_dsp_lib=/prj/chips/pvg/venus/yuyushan/jade_venus_3/vobs/ip/rsp/design/rsp_common/rsp_dsp_lib
PROJECT=venus
DESIGNWARE_HOME=/cad/vip/svt_202003
PERL5LIB=/cad/rtl_util/1.0/ARM_AHB_BusMatrix_Gen/bin/lib
LSB_TRAPSIGS=trap # 15 10 12 2 1
LS_EXECCWD=/home/users/yuyushan/work/rsp_s1_prep/rsp_s1_prep_sim/sim
rsp_cores=/prj/chips/pvg/venus/yuyushan/jade_venus_3/vobs/ip/rsp/design/rsp_cores
rsp_s2_dma=/prj/chips/pvg/venus/yuyushan/jade_venus_3/vobs/ip/rsp/design/rsp_s2/sub/rsp_s2_dma
rsp_uart=/prj/chips/pvg/venus/yuyushan/jade_venus_3/vobs/ip/rsp/design/rsp_cores/rsp_uart
GNOME_TERMINAL_SCREEN=/org/gnome/Terminal/screen/8ac78b3c_efb2_4d0c_914d_a2060ef10a58
LS_JOBPID=913
stdcell=/prj/chips/pvg/venus/yuyushan/jade_venus_3/vobs/cores/stdcell
VCS_TARGET_ARCH=amd64
ARM_AHB_BusMatrix_Gen=/cad/rtl_util/1.0/ARM_AHB_BusMatrix_Gen
LSB_MAX_NUM_PROCESSORS=2
LSB_JOBRES_CALLBACK=40530@shzj-09
GNOME_KEYRING_CONTROL=/home/users/yuyushan/.cache/keyring-SV2JJ2
ahb2ahb_sync=/prj/chips/pvg/venus/yuyushan/jade_venus_3/vobs/cores/ahb2ahb_sync
LSF_SERVERDIR=/data/lsf/10.1/linux3.10-glibc2.17-x86_64/etc
QTDIR=/usr/lib64/qt-3.3
LSB_JOBID=366100
LSB_JOB_EXECUSER=yuyushan
apss=/prj/chips/pvg/venus/yuyushan/jade_venus_3/vobs/chips/apss
RTL_UTIL=/cad/rtl_util/1.0
QTINC=/usr/lib64/qt-3.3/include
LSB_JOBRES_PID=913
VERA_HOME=/home/tools/synopsys/vera_vI-2014.03-1.auth/linux/vera_vI-2014.03-1_linux
rsp_s2_dispatch=/prj/chips/pvg/venus/yuyushan/jade_venus_3/vobs/ip/rsp/design/rsp_s2/sub/rsp_s2_dispatch
LSB_JOBNAME=test
rsp_s3_power_cfar=/prj/chips/pvg/venus/yuyushan/jade_venus_3/vobs/ip/rsp/design/rsp_s3/sub/rsp_s3_power_cfar
BSUB_BLOCK_EXEC_HOST=
IMSETTINGS_MODULE=none
LSF_LIBDIR=/data/lsf/10.1/linux3.10-glibc2.17-x86_64/lib
QT_GRAPHICSSYSTEM_CHECKED=1
pcie_phy=/iceng/ip/tsmcn28/synopsys/dwc_pcie4phy_tsmc28hpcp_x4ns_3.00a
rsp_s3_dbf=/prj/chips/pvg/venus/yuyushan/jade_venus_3/vobs/ip/rsp/design/rsp_s3/sub/rsp_s3_dbf
GROUP=rsp
LSB_PROJECT_NAME=default
USER=yuyushan
LD_LIBRARY_PATH=/data/lsf/10.1/linux3.10-glibc2.17-x86_64/lib
LS_COLORS=rs=0:di=38;5;27:ln=38;5;51:mh=44;38;5;15:pi=40;38;5;11:so=38;5;13:do=38;5;5:bd=48;5;232;38;5;11:cd=48;5;232;38;5;3:or=48;5;232;38;5;9:mi=05;48;5;232;38;5;15:su=48;5;196;38;5;15:sg=48;5;11;38;5;16:ca=48;5;196;38;5;226:tw=48;5;10;38;5;16:ow=48;5;10;38;5;21:st=48;5;21;38;5;15:ex=38;5;34:*.tar=38;5;9:*.tgz=38;5;9:*.arc=38;5;9:*.arj=38;5;9:*.taz=38;5;9:*.lha=38;5;9:*.lz4=38;5;9:*.lzh=38;5;9:*.lzma=38;5;9:*.tlz=38;5;9:*.txz=38;5;9:*.tzo=38;5;9:*.t7z=38;5;9:*.zip=38;5;9:*.z=38;5;9:*.Z=38;5;9:*.dz=38;5;9:*.gz=38;5;9:*.lrz=38;5;9:*.lz=38;5;9:*.lzo=38;5;9:*.xz=38;5;9:*.bz2=38;5;9:*.bz=38;5;9:*.tbz=38;5;9:*.tbz2=38;5;9:*.tz=38;5;9:*.deb=38;5;9:*.rpm=38;5;9:*.jar=38;5;9:*.war=38;5;9:*.ear=38;5;9:*.sar=38;5;9:*.rar=38;5;9:*.alz=38;5;9:*.ace=38;5;9:*.zoo=38;5;9:*.cpio=38;5;9:*.7z=38;5;9:*.rz=38;5;9:*.cab=38;5;9:*.jpg=38;5;13:*.jpeg=38;5;13:*.gif=38;5;13:*.bmp=38;5;13:*.pbm=38;5;13:*.pgm=38;5;13:*.ppm=38;5;13:*.tga=38;5;13:*.xbm=38;5;13:*.xpm=38;5;13:*.tif=38;5;13:*.tiff=38;5;13:*.png=38;5;13:*.svg=38;5;13:*.svgz=38;5;13:*.mng=38;5;13:*.pcx=38;5;13:*.mov=38;5;13:*.mpg=38;5;13:*.mpeg=38;5;13:*.m2v=38;5;13:*.mkv=38;5;13:*.webm=38;5;13:*.ogm=38;5;13:*.mp4=38;5;13:*.m4v=38;5;13:*.mp4v=38;5;13:*.vob=38;5;13:*.qt=38;5;13:*.nuv=38;5;13:*.wmv=38;5;13:*.asf=38;5;13:*.rm=38;5;13:*.rmvb=38;5;13:*.flc=38;5;13:*.avi=38;5;13:*.fli=38;5;13:*.flv=38;5;13:*.gl=38;5;13:*.dl=38;5;13:*.xcf=38;5;13:*.xwd=38;5;13:*.yuv=38;5;13:*.cgm=38;5;13:*.emf=38;5;13:*.axv=38;5;13:*.anx=38;5;13:*.ogv=38;5;13:*.ogx=38;5;13:*.aac=38;5;45:*.au=38;5;45:*.flac=38;5;45:*.mid=38;5;45:*.midi=38;5;45:*.mka=38;5;45:*.mp3=38;5;45:*.mpc=38;5;45:*.ogg=38;5;45:*.ra=38;5;45:*.wav=38;5;45:*.axa=38;5;45:*.oga=38;5;45:*.spx=38;5;45:*.xspf=38;5;45:
hspice=/home/tools/synopsys/hspice/Q-2020.03-SP1/hspice
SBD_KRB5CCNAME_VAL=
SYNPATH=/home/tools/synopsys/finesim/P-2019.06/bin:/home/tools/synopsys/fmR-2020/R-2020.09-SP2/bin:/home/tools/synopsys/hspice/Q-2020.03-SP1/hspice/bin:/home/tools/synopsys/lc/R-2020.09/bin:/home/tools/synopsys/pt/R-2020.09-SP5-1/bin:/home/tools/synopsys/siliconsmart/P-2019.06-2/bin:/home/tools/synopsys/spyglass/SPYGLASS2019.06/SPYGLASS_HOME/bin:/home/tools/synopsys/starrc/R-2020.09-SP1/bin:/home/tools/synopsys/starrc/R-2020.09-SP1/linux64_starrc/bin:/home/tools/synopsys/syn/R-2020.09-SP4/bin:/home/tools/synopsys/VCS2020/Q-2020.03-SP2/bin:/home/tools/synopsys/verdi/Q-2020.03-SP2/bin:/home/tools/synopsys/wv/Q-2020.03-SP2/bin
GNOME_TERMINAL_SERVICE=:1.100
axi2axi_async=/prj/chips/pvg/venus/yuyushan/jade_venus_3/vobs/cores/axi2axi_async
rsp_config_nic=/prj/chips/pvg/venus/yuyushan/jade_venus_3/vobs/cores/rsp_config_nic
transpose_common=/prj/chips/pvg/venus/yuyushan/jade_venus_3/vobs/ip/rsp/design/rsp_common/transpose_common
ahb2apb_4ch_sync=/prj/chips/pvg/venus/yuyushan/jade_venus_3/vobs/cores/ahb2apb_4ch_sync
backbone_nic=/prj/chips/pvg/venus/yuyushan/jade_venus_3/vobs/cores/backbone_nic
rsp_dma_common=/prj/chips/pvg/venus/yuyushan/jade_venus_3/vobs/ip/rsp/design/rsp_common/dma_common
rsp_s1_comp=/prj/chips/pvg/venus/yuyushan/jade_venus_3/vobs/ip/rsp/design/rsp_s1/sub/rsp_s1_comp
rsp_s2_dbf=/prj/chips/pvg/venus/yuyushan/jade_venus_3/vobs/ip/rsp/design/rsp_s2/sub/rsp_s2_dbf
LSB_EEXEC_REAL_UID=
isp_gdc=/prj/chips/pvg/venus/yuyushan/jade_venus_3/vobs/ip/isp/design/gdc
conformal=/home/tools/cadence/conformal/CONFRML201
finesim=/home/tools/synopsys/finesim/P-2019.06
SSH_AUTH_SOCK=/home/users/yuyushan/.cache/keyring-SV2JJ2/ssh
HOSTTYPE=X86_64
powerArtist=/home/tools/ansys/powerArtist/PowerArtist_linux-x86_64_rhel6_2021R1.4
ahb2ahb_async=/prj/chips/pvg/venus/yuyushan/jade_venus_3/vobs/cores/ahb2ahb_async
rsp_s1_dispatch=/prj/chips/pvg/venus/yuyushan/jade_venus_3/vobs/ip/rsp/design/rsp_s1/sub/rsp_s1_dispatch
rsp_transpose=/prj/chips/pvg/venus/yuyushan/jade_venus_3/vobs/ip/rsp/design/rsp_transpose
sstlib_t28_hd=/prj/chips/pvg/venus/yuyushan/jade_venus_3/vobs/cores/stdcell/sub/sstlib_t28_hd
LSF_INVOKE_CMD=bsub
t28_mem_wrap=/iceng/lib/tsmcn28/memory/latest/t28_mem_wrap
pll=/iceng/ip/tsmcn28/pll
SNPSLMD_LICENSE_FILE=26585@sensemi:27000@10.0.0.70:27007@10.0.0.204
SESSION_MANAGER=local/unix:@/tmp/.ICE-unix/2766,unix/unix:/tmp/.ICE-unix/2766
canfd=/prj/chips/pvg/venus/yuyushan/jade_venus_3/vobs/cores/canfd
cdc_demet=/prj/chips/pvg/venus/yuyushan/jade_venus_3/vobs/cores/cdc_demet
isp=/prj/chips/pvg/venus/yuyushan/jade_venus_3/vobs/ip/isp
ram=/iceng/lib/tsmcn28/memory/latest/wrapper
t28_mem=/iceng/lib/tsmcn28/memory/latest/VERILOG
LS_EXEC_T=START
CDSPATH=/home/tools/cadence/conformal/CONFRML201/bin:/data/lsf/10.1/linux3.10-glibc2.17-x86_64/etc:/data/lsf/10.1/linux3.10-glibc2.17-x86_64/bin:/home/xilinx/Vitis_HLS/2021.1/bin:/home/xilinx/Model_Composer/2021.1/bin:/home/xilinx/Vivado/2021.1/bin:/home/xilinx/DocNav:/home/tools/synopsys/vera201404/vera_vI-2014.03_linux/bin:/home/tools/synopsys/finesim/P-2019.06/bin:/home/tools/synopsys/fmR-2020/R-2020.09-SP2/bin:/home/tools/synopsys/hspice/Q-2020.03-SP1/hspice/bin:/home/tools/synopsys/lc/R-2020.09/bin:/home/tools/synopsys/pt/R-2020.09-SP5-1/bin:/home/tools/synopsys/siliconsmart/P-2019.06-2/bin:/home/tools/synopsys/spyglass/SPYGLASS2019.06/SPYGLASS_HOME/bin:/home/tools/synopsys/starrc/R-2020.09-SP1/bin:/home/tools/synopsys/starrc/R-2020.09-SP1/linux64_starrc/bin:/home/tools/synopsys/syn/R-2020.09-SP4/bin:/home/tools/synopsys/VCS2020/Q-2020.03-SP2/bin:/home/tools/synopsys/verdi/Q-2020.03-SP2/bin:/home/tools/synopsys/wv/Q-2020.03-SP2/bin:/home/tools/cadence/conformal/CONFRML201/bin:/usr/lib64/qt-3.3/bin:/usr/local/bin:/bin:/usr/bin:/usr/local/sbin:/usr/sbin:/home/tools/mentor/modelsim/modelsim10.3/modelsim_dlx/bin:/home/tools/ansys/powerArtist/PowerArtist_linux-x86_64_rhel6_2021R1.4/bin:/data/lsf/10.1/linux3.10-glibc2.17-x86_64/etc:/data/lsf/10.1/linux3.10-glibc2.17-x86_64/bin:/usr/lib64/qt-3.3/bin:/usr/local/bin:/bin:/usr/bin:/usr/local/sbin:/usr/sbin:/home/tools/synopsys/fpga/Q-2020.03-SP1/bin
axi2axi_async_128=/prj/chips/pvg/venus/yuyushan/jade_venus_3/vobs/cores/axi2axi_async_128
gic400=/prj/chips/pvg/venus/yuyushan/jade_venus_3/vobs/ip/gic400
SITE=pvg
rpss_config_nic=/prj/chips/pvg/venus/yuyushan/jade_venus_3/vobs/cores/rpss_config_nic
rpss_periph_nic=/prj/chips/pvg/venus/yuyushan/jade_venus_3/vobs/cores/rpss_periph_nic
LSF_VERSION=34
LS_SUBCWD=/home/users/yuyushan/work/rsp_s1_prep/rsp_s1_prep_sim/sim
dw=/prj/chips/pvg/venus/yuyushan/jade_venus_3/vobs/ip/dw
LSB_UNIXGROUP_INT=rsp
mem=/iceng/lib/tsmcn28/memory/latest/wrapper
LSB_HOSTS=shzj-09 shzj-09
include=/prj/chips/pvg/venus/yuyushan/jade_venus_3/vobs/chips/include
rsp_s3=/prj/chips/pvg/venus/yuyushan/jade_venus_3/vobs/ip/rsp/design/rsp_s3
vobs=/prj/chips/pvg/venus/yuyushan/jade_venus_3/vobs
GNOME_SHELL_SESSION_MODE=classic
LSB_JOBFILENAME=/home/users/yuyushan/.lsbatch/1710150305.366100
MAIL=/var/spool/mail/yuyushan
PATH=/data/lsf/10.1/linux3.10-glibc2.17-x86_64/bin:/prj/chips/pvg/venus/yuyushan/jade_venus_3/vobs/scripts:/data/lsf/10.1/linux3.10-glibc2.17-x86_64/etc:/home/xilinx/Vitis_HLS/2021.1/bin:/home/xilinx/Model_Composer/2021.1/bin:/home/xilinx/Vivado/2021.1/bin:/home/xilinx/DocNav:/home/tools/synopsys/vera201404/vera_vI-2014.03_linux/bin:/home/tools/synopsys/finesim/P-2019.06/bin:/home/tools/synopsys/fmR-2020/R-2020.09-SP2/bin:/home/tools/synopsys/hspice/Q-2020.03-SP1/hspice/bin:/home/tools/synopsys/lc/R-2020.09/bin:/home/tools/synopsys/pt/R-2020.09-SP5-1/bin:/home/tools/synopsys/siliconsmart/P-2019.06-2/bin:/home/tools/synopsys/spyglass/SPYGLASS2019.06/SPYGLASS_HOME/bin:/home/tools/synopsys/starrc/R-2020.09-SP1/bin:/home/tools/synopsys/starrc/R-2020.09-SP1/linux64_starrc/bin:/home/tools/synopsys/syn/R-2020.09-SP4/bin:/home/tools/synopsys/VCS2020/Q-2020.03-SP2/bin:/home/tools/synopsys/verdi/Q-2020.03-SP2/bin:/home/tools/synopsys/wv/Q-2020.03-SP2/bin:/home/tools/cadence/conformal/CONFRML201/bin:/home/xilinx/Vitis_HLS/2021.1/bin:/home/xilinx/Model_Composer/2021.1/bin:/home/xilinx/Vivado/2021.1/bin:/home/xilinx/DocNav:/home/tools/synopsys/vera201404/vera_vI-2014.03_linux/bin:/home/tools/synopsys/finesim/P-2019.06/bin:/home/tools/synopsys/fmR-2020/R-2020.09-SP2/bin:/home/tools/synopsys/hspice/Q-2020.03-SP1/hspice/bin:/home/tools/synopsys/lc/R-2020.09/bin:/home/tools/synopsys/pt/R-2020.09-SP5-1/bin:/home/tools/synopsys/siliconsmart/P-2019.06-2/bin:/home/tools/synopsys/spyglass/SPYGLASS2019.06/SPYGLASS_HOME/bin:/home/tools/synopsys/starrc/R-2020.09-SP1/bin:/home/tools/synopsys/starrc/R-2020.09-SP1/linux64_starrc/bin:/home/tools/synopsys/syn/R-2020.09-SP4/bin:/home/tools/synopsys/VCS2020/Q-2020.03-SP2/bin:/home/tools/synopsys/verdi/Q-2020.03-SP2/bin:/home/tools/synopsys/wv/Q-2020.03-SP2/bin:/home/tools/cadence/conformal/CONFRML201/bin:/usr/lib64/qt-3.3/bin:/usr/local/bin:/bin:/usr/bin:/usr/local/sbin:/usr/sbin:/home/tools/mentor/modelsim/modelsim10.3/modelsim_dlx/bin:/home/tools/ansys/powerArtist/PowerArtist_linux-x86_64_rhel6_2021R1.4/bin:/data/lsf/10.1/linux3.10-glibc2.17-x86_64/etc:/usr/lib64/qt-3.3/bin:/usr/local/bin:/bin:/usr/bin:/usr/local/sbin:/usr/sbin:/home/tools/synopsys/fpga/Q-2020.03-SP1/bin:/home/tools/mentor/modelsim/modelsim10.3/modelsim_dlx/bin:/home/tools/ansys/powerArtist/PowerArtist_linux-x86_64_rhel6_2021R1.4/bin:/data/lsf/10.1/linux3.10-glibc2.17-x86_64/etc:/home/xilinx/Vitis_HLS/2021.1/bin:/home/xilinx/Model_Composer/2021.1/bin:/home/xilinx/Vivado/2021.1/bin:/home/xilinx/DocNav:/home/tools/synopsys/vera201404/vera_vI-2014.03_linux/bin:/home/tools/synopsys/finesim/P-2019.06/bin:/home/tools/synopsys/fmR-2020/R-2020.09-SP2/bin:/home/tools/synopsys/hspice/Q-2020.03-SP1/hspice/bin:/home/tools/synopsys/lc/R-2020.09/bin:/home/tools/synopsys/pt/R-2020.09-SP5-1/bin:/home/tools/synopsys/siliconsmart/P-2019.06-2/bin:/home/tools/synopsys/spyglass/SPYGLASS2019.06/SPYGLASS_HOME/bin:/home/tools/synopsys/starrc/R-2020.09-SP1/bin:/home/tools/synopsys/starrc/R-2020.09-SP1/linux64_starrc/bin:/home/tools/synopsys/syn/R-2020.09-SP4/bin:/home/tools/synopsys/VCS2020/Q-2020.03-SP2/bin:/home/tools/synopsys/verdi/Q-2020.03-SP2/bin:/home/tools/synopsys/wv/Q-2020.03-SP2/bin:/home/tools/cadence/conformal/CONFRML201/bin:/usr/lib64/qt-3.3/bin:/usr/local/bin:/bin:/usr/bin:/usr/local/sbin:/usr/sbin:/home/tools/mentor/modelsim/modelsim10.3/modelsim_dlx/bin:/home/tools/ansys/powerArtist/PowerArtist_linux-x86_64_rhel6_2021R1.4/bin:/data/lsf/10.1/linux3.10-glibc2.17-x86_64/etc:/usr/lib64/qt-3.3/bin:/usr/local/bin:/bin:/usr/bin:/usr/local/sbin:/usr/sbin:/home/tools/synopsys/fpga/Q-2020.03-SP1/bin:/home/tools/synopsys/fpga/Q-2020.03-SP1/bin:/home/tools/arm/toolchian/arm-gnu-toolchain-13.2.Rel1-x86_64-aarch64-none-elf/bin:/cad/rtl_util/1.0:/cad/rtl_util/1.0/vp:/cad/rtl_util/1.0/ARM_AHB_BusMatrix_Gen/bin:/home/tools/synopsys/vera_vI-2014.03-1.auth/linux/vera_vI-2014.03-1_linux/bin:/home/tools/synopsys/core2021/tools/synopsys/coretools/S-2021.09-SP3/bin
rsp_s2=/prj/chips/pvg/venus/yuyushan/jade_venus_3/vobs/ip/rsp/design/rsp_s2
rsp_s2_dmac=/prj/chips/pvg/venus/yuyushan/jade_venus_3/vobs/ip/rsp/design/rsp_cores/rsp_s2_dmac
rsp_s2_dmac_core=/prj/chips/pvg/venus/yuyushan/jade_venus_3/vobs/ip/rsp/design/rsp_cores/rsp_s2_dmac/sub
LSB_JOBINDEX=0
rsp_s1=/prj/chips/pvg/venus/yuyushan/jade_venus_3/vobs/ip/rsp/design/rsp_s1
rsp_s2_histogram=/prj/chips/pvg/venus/yuyushan/jade_venus_3/vobs/ip/rsp/design/rsp_s2/sub/rsp_s2_histogram
QT_IM_MODULE=ibus
LSB_EXIT_PRE_ABORT=99
VERDI_HOME=/home/tools/synopsys/verdi/Q-2020.03-SP2
LSB_JOBEXIT_STAT=0
a53_core=/prj/chips/pvg/venus/yuyushan/jade_venus_3/vobs/ip/a53_core
s1_dma_common=/prj/chips/pvg/venus/yuyushan/jade_venus_3/vobs/ip/rsp/design/rsp_common/s1_dma_common
PWD=/home/users/yuyushan/work/rsp_s1_prep/rsp_s1_prep_sim/sim
rsp_cdc=/prj/chips/pvg/venus/yuyushan/jade_venus_3/vobs/cores/cdc_demet
rsp_s2_nic=/prj/chips/pvg/venus/yuyushan/jade_venus_3/vobs/cores/rsp_s2_nic
VCS_HOME=/home/tools/synopsys/VCS2020/Q-2020.03-SP2
XMODIFIERS=@im=ibus
_LMFILES_=/usr/share/Modules/modulefiles/venus_asic_1.0
LSB_INTERACTIVE=Y
wv=/home/tools/synopsys/wv/Q-2020.03-SP2
axi2ahb_async=/prj/chips/pvg/venus/yuyushan/jade_venus_3/vobs/cores/axi2ahb_async
rsp_s3_dmac_core=/prj/chips/pvg/venus/yuyushan/jade_venus_3/vobs/ip/rsp/design/rsp_cores/rsp_s3_dmac/sub
rsp_spi=/prj/chips/pvg/venus/yuyushan/jade_venus_3/vobs/ip/rsp/design/rsp_cores/rsp_spi
sstlib_t28_uhp=/prj/chips/pvg/venus/yuyushan/jade_venus_3/vobs/cores/stdcell/sub/sstlib_t28_uhp
LANG=en_US.UTF-8
pt=/home/tools/synopsys/pt/R-2020.09-SP5-1
LSB_RES_GET_FANOUT_INFO=Y
rsp_s1_dma=/prj/chips/pvg/venus/yuyushan/jade_venus_3/vobs/ip/rsp/design/rsp_s1/sub/rsp_s1_dma
MODULEPATH=/usr/share/Modules/modulefiles:/etc/modulefiles
LSB_CHKFILENAME=/home/users/yuyushan/.lsbatch/1710150305.366100
rsp_s3_dmac=/prj/chips/pvg/venus/yuyushan/jade_venus_3/vobs/ip/rsp/design/rsp_cores/rsp_s3_dmac
KDEDIRS=/usr
siliconsmart=/home/tools/synopsys/siliconsmart/P-2019.06-2
LOADEDMODULES=venus_asic_1.0
LSB_DJOB_HOSTFILE=/home/users/yuyushan/.lsbatch/1710150305.366100.hostfile
lc=/home/tools/synopsys/lc/R-2020.09
XILINX_HLS=/home/xilinx/Vitis_HLS/2021.1
rsp_s1_atb=/prj/chips/pvg/venus/yuyushan/jade_venus_3/vobs/ip/rsp/design/rsp_s1/sub/rsp_s1_atb
LSF_JOB_TIMESTAMP_VALUE=1710150305
amba_if=/prj/chips/pvg/venus/yuyushan/jade_venus_3/vobs/cores/amba_if
crg_cell=/prj/chips/pvg/venus/yuyushan/jade_venus_3/vobs/cores/crg_cell
rsp_s1_data_format=/prj/chips/pvg/venus/yuyushan/jade_venus_3/vobs/ip/rsp/design/rsp_s1/sub/rsp_s1_data_format
LSB_AFFINITY_HOSTFILE=/home/users/yuyushan/.lsbatch/1710150305.366100.hostAffinityFile
LM_LICENSE_FILE=2788@sensemi:27007@10.0.0.204
XILINX_VIVADO=/home/xilinx/Vivado/2021.1
a53_cfg_bm=/prj/chips/pvg/venus/yuyushan/jade_venus_3/vobs/chips/apss/sub/a53_cfg_bm
ddr=/prj/chips/pvg/venus/yuyushan/jade_venus_3/vobs/cores/ddr
rsp_s1_top=/prj/chips/pvg/venus/yuyushan/jade_venus_3/vobs/ip/rsp/design/rsp_s1_top
LSF_BINDIR=/data/lsf/10.1/linux3.10-glibc2.17-x86_64/bin
LSB_EXEC_HOSTTYPE=X86_64
LSB_DJOB_NUMPROC=2
rsp_top=/prj/chips/pvg/venus/yuyushan/jade_venus_3/vobs/ip/rsp/design/rsp_top
coresight=/prj/chips/pvg/venus/yuyushan/jade_venus_3/vobs/ip/coresight
rpss_top=/prj/chips/pvg/venus/yuyushan/jade_venus_3/vobs/ip/rsp/design/rpss_top
rsp_nic_top=/prj/chips/pvg/venus/yuyushan/jade_venus_3/vobs/cores/rsp_nic_top
SHLVL=6
fifos=/prj/chips/pvg/venus/yuyushan/jade_venus_3/vobs/cores/fifos
rsp_common=/prj/chips/pvg/venus/yuyushan/jade_venus_3/vobs/ip/rsp/design/rsp_common
rsp_timer=/prj/chips/pvg/venus/yuyushan/jade_venus_3/vobs/ip/rsp/design/rsp_cores/rsp_timer
HOME=/home/users/yuyushan
rsp_s2_cfar=/prj/chips/pvg/venus/yuyushan/jade_venus_3/vobs/ip/rsp/design/rsp_s2/sub/rsp_s2_cfar
OSTYPE=linux
rsp=/prj/chips/pvg/venus/yuyushan/jade_venus_3/vobs/ip/rsp
rsp_amba=/prj/chips/pvg/venus/yuyushan/jade_venus_3/vobs/cores/amba_if
rsp_s2_atb=/prj/chips/pvg/venus/yuyushan/jade_venus_3/vobs/ip/rsp/design/rsp_s2/sub/rsp_s2_atb
rsp_s3_nic=/prj/chips/pvg/venus/yuyushan/jade_venus_3/vobs/cores/rsp_s3_nic
JOB_TERMINATE_INTERVAL=10
sstlib_t28_uhd=/prj/chips/pvg/venus/yuyushan/jade_venus_3/vobs/cores/stdcell/sub/sstlib_t28_uhd
GNOME_DESKTOP_SESSION_ID=this-is-deprecated
LSB_ACCT_FILE=/tmp/366100.tmpdir/.1710150305.366100.acct
rsp_wdt=/prj/chips/pvg/venus/yuyushan/jade_venus_3/vobs/ip/rsp/design/rsp_cores/rsp_wdt
VIP_HOME=/cad/vip/svt_202003_vip
LSB_SUB_HOST=shzj-03
mipi_radar=/prj/chips/pvg/venus/yuyushan/jade_venus_3/vobs/cores/mipi_radar
VENDOR=unknown
LSFUSER=yuyushan
LSB_SUB_USER=yuyushan
__LSF_JOB_TMPDIR__=/tmp/366100.tmpdir
LOGNAME=yuyushan
rsp_s1_fft=/prj/chips/pvg/venus/yuyushan/jade_venus_3/vobs/ip/rsp/design/rsp_s1/sub/rsp_s1_fft
MACHTYPE=x86_64
PYTHONPATH=/cad/rtl_util/1.0/sconn:/cad/rtl_util/1.0/reg:/cad/rtl_util/1.0/mypylib
LSB_MCPU_HOSTS=shzj-09 2 
LSB_QUEUE=interactive
LSB_OUTDIR=/home/users/yuyushan/work/rsp_s1_prep/rsp_s1_prep_sim/sim
MGLS_LICENSE_FILE=27001@sensemi
SPYGLASS_HOME=/home/tools/synopsys/spyglass/SPYGLASS2019.06/SPYGLASS_HOME
QTLIB=/usr/lib64/qt-3.3/lib
DBUS_SESSION_BUS_ADDRESS=unix:abstract=/tmp/dbus-Y1yo1xqjPQ,guid=b9ea1cd3c21d6103baacb23265dc2c76
starrc=/home/tools/synopsys/starrc/R-2020.09-SP1
rsp_s2_ddma=/prj/chips/pvg/venus/yuyushan/jade_venus_3/vobs/ip/rsp/design/rsp_s2/sub/rsp_s2_ddma
LSB_ECHKPNT_RSH_CMD=ssh
MODULESHOME=/usr/share/Modules
CDS_LIC_FILE=5280@sensemi
LESSOPEN=||/usr/bin/lesspipe.sh %s
LSF_CGROUP_TOPDIR_KEY=cluster1
DW_LICENSE_FILE=27007@10.0.0.204
rsp_s1_prep=/prj/chips/pvg/venus/yuyushan/jade_venus_3/vobs/ip/rsp/design/rsp_s1/sub/rsp_s1_prep
LSB_XFER_OP=
DISPLAY=shzj-03:16
LSB_EEXEC_REAL_GID=
rsp_s2_power=/prj/chips/pvg/venus/yuyushan/jade_venus_3/vobs/ip/rsp/design/rsp_s2/sub/rsp_s2_power
QT_PLUGIN_PATH=/usr/lib64/kde4/plugins:/usr/lib/kde4/plugins
rsp_s2_ram_banks=/prj/chips/pvg/venus/yuyushan/jade_venus_3/vobs/ip/rsp/design/rsp_s2/sub/rsp_s2_ram_banks
rsp_s3_transpose=/prj/chips/pvg/venus/yuyushan/jade_venus_3/vobs/ip/rsp/design/rsp_s3/sub/rsp_s3_transpose
XDG_CURRENT_DESKTOP=GNOME
LSF_ENVDIR=/data/lsf/conf
dsp_lib=/prj/chips/pvg/venus/yuyushan/jade_venus_3/vobs/cores/dsp_lib
rsp_header=/prj/chips/pvg/venus/yuyushan/jade_venus_3/vobs/ip/rsp/design/rsp_common/header
rsp_s2_transpose=/prj/chips/pvg/venus/yuyushan/jade_venus_3/vobs/ip/rsp/design/rsp_s2/sub/rsp_s2_transpose
rsp_s3_ram_banks=/prj/chips/pvg/venus/yuyushan/jade_venus_3/vobs/ip/rsp/design/rsp_s3/sub/rsp_s3_ram_banks
rsp_i2c=/prj/chips/pvg/venus/yuyushan/jade_venus_3/vobs/ip/rsp/design/rsp_cores/rsp_i2c
syn=/home/tools/synopsys/syn/R-2020.09-SP4
LSB_DJOB_RANKFILE=/home/users/yuyushan/.lsbatch/1710150305.366100.hostfile
COLORTERM=truecolor
fm=/home/tools/synopsys/fmR-2020/R-2020.09-SP2
_=./simv
VCS_HEAP_EXEC=true
VCS_PATHMAP_PRELOAD_DONE=1
VCS_EXEC_DONE=1
LC_ALL=C
DVE=/home/tools/synopsys/VCS2020/Q-2020.03-SP2/gui/dve
SPECMAN_OUTPUT_TO_TTY=1
FLEXLM_BORROWFILE=/home/users/yuyushan/.shzj-09-borrow.txt
Runtime command line arguments:
argv[0]=./simv
argv[1]=+fsdb+sva_success
390 profile - 100
          CPU/Mem usage: 0.100 sys,  0.420 user,  291.75M mem
391 Elapsed time:    0:00:01    Mon Mar 11 17:45:17 2024
392 pliAppInit
393 FSDB_GATE is set.
394 FSDB_RTL is set.
395 FSDB_RTL is set.
396 FSDB_FIELDTYPE is set.
397 Enable Parallel Dumping.
398 pliAppMiscSet: New Sim Round
399 pliEntryInit
400 LIBSSCORE=found /home/tools/synopsys/verdi/Q-2020.03-SP2/share/PLI/lib/LINUXAMD64/libsscore_vcs202003.so through $NOVAS_HOME setting.
401 FSDB Dumper for VCS, Release Verdi_Q-2020.03-SP2, Linux x86_64/64bit, 08/31/2020
402 (C) 1996 - 2020 by Synopsys, Inc.
403 sps_call_fsdbDumpfile_main at 0 : ../tb1/common_tb.sv(485)
404 argv[0]: (tb_common_wave.fsdb)
405 *Verdi* FSDB WARNING: The FSDB file already exists. Overwriting the FSDB file may crash the programs that are using this file.
406 *Verdi* : Create FSDB file 'tb_common_wave.fsdb'
407 compile option from '/home/users/yuyushan/work/rsp_s1_prep/rsp_s1_prep_sim/sim/simv.daidir/vcs_rebuild'.
408   "vcs '+incdir+/prj/chips/pvg/venus/yuyushan/jade_venus_3/vobs/ip/rsp/design/rsp_common/header' '+incdir+/prj/chips/pvg/venus/yuyushan/jade_venus_3/vobs/ip/rsp/design/rsp_s1/sub/rsp_s1_prep/src' '-sverilog' '-f' 'tb.f' '-full64' '+v2k' '-override_timescale=1ps/1ps' '-l' 'run.log' '-debug_acc+all' '-fsdb' 2>&1"
409 DVDI_is_vir_unload_enabled is enable
410 FSDB_VCS_ENABLE_NATIVE_VC is enable
411 sps_call_fsdbDumpvars_vd_main at 0 : ../tb1/common_tb.sv(486)
412 argv[0]: (0)
413 argv[1]: (handle) commmon_tb
414 argv[2]: (+all)
415 [spi_vcs_vd_ppi_create_root]: no upf option
416 FSDB dumper cannot dump UPF related power signal ($power_tree): no ppiPowerNetwork.
417 Power dumping is enabled and VIR_REDUCTION may not work.
418 *Verdi* : Begin traversing the scope (commmon_tb), layer (0).
419 *Verdi* : Enable +all dumping.
420 *Verdi* : End of traversing.
421 pliAppHDL_DumpVarComplete traverse var: profile - 
          CPU/Mem usage: 0.150 sys,  0.570 user,  410.70M mem
                   incr: 0.010 sys,  0.060 user,  8.98M mem
                   accu: 0.010 sys,  0.060 user,  8.98M mem
              accu incr: 0.010 sys,  0.060 user,  8.98M mem

          Count usage: 10916 var,  9393 idcode,  2262 callback
                 incr: 10916 var,  9393 idcode,  2262 callback
                 accu: 10916 var,  9393 idcode,  2262 callback
            accu incr: 10916 var,  9393 idcode,  2262 callback
422 Elapsed time:    0:00:01    Mon Mar 11 17:45:17 2024
423 pliAppHDL_DumpVarComplete: profile - 
          CPU/Mem usage: 0.150 sys,  0.570 user,  412.03M mem
                   incr: 0.000 sys,  0.000 user,  1.33M mem
                   accu: 0.010 sys,  0.060 user,  10.31M mem
              accu incr: 0.000 sys,  0.000 user,  1.33M mem

          Count usage: 10916 var,  9393 idcode,  2262 callback
                 incr: 0 var,  0 idcode,  0 callback
                 accu: 10916 var,  9393 idcode,  2262 callback
            accu incr: 0 var,  0 idcode,  0 callback
424 Elapsed time:    0:00:01    Mon Mar 11 17:45:17 2024
425 sps_call_fsdbDumpMDA_vd_main at 0 : ../tb1/common_tb.sv(487)
426 *Verdi* : Begin traversing the MDAs, layer (0).
427 *Verdi* : Enable +mda and +packedmda dumping.
428 *Verdi* : End of traversing the MDAs.
429 pliAppHDL_DumpVarComplete traverse var: profile - 
          CPU/Mem usage: 0.150 sys,  0.610 user,  412.67M mem
                   incr: 0.000 sys,  0.030 user,  0.64M mem
                   accu: 0.000 sys,  0.030 user,  0.64M mem
              accu incr: 0.000 sys,  0.030 user,  0.64M mem

          Count usage: 21819 var,  14999 idcode,  2513 callback
                 incr: 10903 var,  5606 idcode,  251 callback
                 accu: 10903 var,  5606 idcode,  251 callback
            accu incr: 10903 var,  5606 idcode,  251 callback
430 Elapsed time:    0:00:01    Mon Mar 11 17:45:17 2024
431 pliAppHDL_DumpVarComplete: profile - 
          CPU/Mem usage: 0.150 sys,  0.610 user,  412.95M mem
                   incr: 0.000 sys,  0.000 user,  0.27M mem
                   accu: 0.000 sys,  0.030 user,  0.91M mem
              accu incr: 0.000 sys,  0.000 user,  0.27M mem

          Count usage: 21819 var,  14999 idcode,  2513 callback
                 incr: 0 var,  0 idcode,  0 callback
                 accu: 10903 var,  5606 idcode,  251 callback
            accu incr: 0 var,  0 idcode,  0 callback
432 Elapsed time:    0:00:01    Mon Mar 11 17:45:17 2024
433 End of simulation at 39355
434 Elapsed time:    0:00:02    Mon Mar 11 17:45:18 2024
435 Begin FSDB profile info:
436 FSDB Writer : bc1(236118) bcn(1107446) mtf/stf(0/0)
FSDB Writer elapsed time : flush(0.106169) io wait(0.000000) theadpool wait(0.000000)
FSDB Writer cpu time : MT Compression : 0
437 End FSDB profile info
438 Parallel profile     - ProducerThread:1 ConsumerThread:1 Buffer:64MB
439                      - BlockUsed:14 Acquire:1364498 BufferUsed:24674796
440                      - Flush:4 Expand:0 ProducerWait:0 ConsumerWait:12
441                      - MainProducerTime:1.111553109 TotalConsumerTime:0.127274945
442                      - ElapsedTime:0.629724000
443 Producer   0 profile - BlockUsed:14 Acquire:1364498 BufferUsed:24674796
444 Consumer   0 profile - Affinity:-1 CPUTime:0.127274945 LifeTime:0.236262982 (0.54%)
445                      - BlockUsed:14 Acquire:1364498 BufferUsed:24674796
446 SimExit
447 Elapsed time:    0:00:02    Mon Mar 11 17:45:18 2024
448 Sim process exit
