Command: vcs +incdir+/prj/chips/pvg/venus/yuyushan/jade_venus_3/vobs/ip/rsp/design/rsp_common/header \
+incdir+/prj/chips/pvg/venus/yuyushan/jade_venus_3/vobs/ip/rsp/design/rsp_s1/sub/rsp_s1_prep/src \
-sverilog -f tb.f -full64 +v2k -override_timescale=1ps/1ps -l run.log -debug_acc+all \
-fsdb
                         Chronologic VCS (TM)
       Version Q-2020.03-SP2_Full64 -- Mon Mar 11 17:45:06 2024
               Copyright (c) 1991-2020 by Synopsys Inc.
                         ALL RIGHTS RESERVED

This program is proprietary and confidential information of Synopsys Inc.
and may be used and disclosed only as authorized in a license agreement
controlling such use and disclosure.

Parsing design file '/prj/chips/pvg/venus/yuyushan/jade_venus_3/vobs/ip/rsp/design/rsp_common/header/rsp_s1_op_info.svh'
Parsing included file '/prj/chips/pvg/venus/yuyushan/jade_venus_3/vobs/ip/rsp/design/rsp_common/header/rsp_common_defines.vh'.
Back to file '/prj/chips/pvg/venus/yuyushan/jade_venus_3/vobs/ip/rsp/design/rsp_common/header/rsp_s1_op_info.svh'.
Parsing design file '/prj/chips/pvg/venus/yuyushan/jade_venus_3/vobs/ip/rsp/design/rsp_common/header/rsp_common_defines.vh'
Parsing design file '/prj/chips/pvg/venus/yuyushan/jade_venus_3/vobs/ip/rsp/design/rsp_s1/sub/rsp_s1_prep/src/rsp_s1_prep_defines.vh'
Parsing included file '/prj/chips/pvg/venus/yuyushan/jade_venus_3/vobs/ip/rsp/design/rsp_common/header/rsp_common_defines.vh'.
Back to file '/prj/chips/pvg/venus/yuyushan/jade_venus_3/vobs/ip/rsp/design/rsp_s1/sub/rsp_s1_prep/src/rsp_s1_prep_defines.vh'.
Parsing design file '/prj/chips/pvg/venus/yuyushan/jade_venus_3/vobs/cores/amba_if/src/ahb2fifo.v'
Parsing design file '/prj/chips/pvg/venus/yuyushan/jade_venus_3/vobs/cores/amba_if/src/axi_v4_wr_if.sv'
Parsing design file '/prj/chips/pvg/venus/yuyushan/jade_venus_3/vobs/cores/amba_if/src/ahb_if_cfg.sv'
Parsing design file '/prj/chips/pvg/venus/yuyushan/jade_venus_3/vobs/cores/amba_if/src/axi_v4_rd_if.sv'
Parsing design file '/prj/chips/pvg/venus/yuyushan/jade_venus_3/vobs/cores/amba_if/src/axi_v4_if.sv'
Parsing design file '/prj/chips/pvg/venus/yuyushan/jade_venus_3/vobs/cores/cdc_demet/src/cdc_demet_ares.sv'
Parsing design file '/prj/chips/pvg/venus/yuyushan/jade_venus_3/vobs/cores/cdc_demet/src/pulse_sync.sv'
Parsing design file '/prj/chips/pvg/venus/yuyushan/jade_venus_3/vobs/cores/cdc_demet/src/cdc_demet_aset_m.sv'
Parsing design file '/prj/chips/pvg/venus/yuyushan/jade_venus_3/vobs/cores/cdc_demet/src/cdc_demet_aset.sv'
Parsing design file '/prj/chips/pvg/venus/yuyushan/jade_venus_3/vobs/cores/cdc_demet/src/cdc_demet_ares_m.sv'
Parsing design file '/home/tools/synopsys/syn/R-2020.09-SP4/dw/sim_ver/DW02_mult_6_stage.v'
Parsing design file '/home/tools/synopsys/syn/R-2020.09-SP4/dw/sim_ver/DW02_mult_3_stage.v'
Parsing design file '/home/tools/synopsys/syn/R-2020.09-SP4/dw/sim_ver/DW02_mult_5_stage.v'
Parsing design file '/prj/chips/pvg/venus/yuyushan/jade_venus_3/vobs/cores/dsp_lib/src/data_delay.v'
Parsing design file '/prj/chips/pvg/venus/yuyushan/jade_venus_3/vobs/cores/dsp_lib/src/mult.v'
Parsing design file '/prj/chips/pvg/venus/yuyushan/jade_venus_3/vobs/cores/dsp_lib/src/adder.v'
Parsing design file '/prj/chips/pvg/venus/yuyushan/jade_venus_3/vobs/cores/dsp_lib/src/data_delay_ce.v'
Parsing design file '/prj/chips/pvg/venus/yuyushan/jade_venus_3/vobs/cores/dsp_lib/src/handshake_pipe_forward.v'
Parsing design file '/prj/chips/pvg/venus/yuyushan/jade_venus_3/vobs/cores/dsp_lib/src/complex_multiplier_3mult.v'
Parsing design file '/prj/chips/pvg/venus/yuyushan/jade_venus_3/vobs/cores/dsp_lib/src/tcbn28hpcplusbwp35p140hvt.v'
Parsing design file '/prj/chips/pvg/venus/yuyushan/jade_venus_3/vobs/cores/dsp_lib/src/delay_ce.v'
Parsing design file '/prj/chips/pvg/venus/yuyushan/jade_venus_3/vobs/cores/dsp_lib/src/handshake_pipe_backward.v'
Parsing design file '/prj/chips/pvg/venus/yuyushan/jade_venus_3/vobs/cores/dsp_lib/src/interpolation.sv'
Parsing design file '/prj/chips/pvg/venus/yuyushan/jade_venus_3/vobs/cores/dsp_lib/src/rsp_s1_op_fsm.sv'
Parsing included file '/prj/chips/pvg/venus/yuyushan/jade_venus_3/vobs/ip/rsp/design/rsp_common/header/rsp_s1_op_info.svh'.
Back to file '/prj/chips/pvg/venus/yuyushan/jade_venus_3/vobs/cores/dsp_lib/src/rsp_s1_op_fsm.sv'.
Parsing design file '/prj/chips/pvg/venus/yuyushan/jade_venus_3/vobs/cores/dsp_lib/src/demux.sv'
Parsing design file '/prj/chips/pvg/venus/yuyushan/jade_venus_3/vobs/cores/dsp_lib/src/log2.sv'
Parsing design file '/prj/chips/pvg/venus/yuyushan/jade_venus_3/vobs/cores/dsp_lib/src/abs.sv'
Parsing design file '/prj/chips/pvg/venus/yuyushan/jade_venus_3/vobs/cores/dsp_lib/src/data_select_2d.sv'
Parsing design file '/prj/chips/pvg/venus/yuyushan/jade_venus_3/vobs/cores/dsp_lib/src/frac_divider.sv'
Parsing design file '/prj/chips/pvg/venus/yuyushan/jade_venus_3/vobs/cores/dsp_lib/src/mux.sv'
Parsing design file '/prj/chips/pvg/venus/yuyushan/jade_venus_3/vobs/cores/fifos/src/fifo_fwft_small.v'
Parsing design file '/prj/chips/pvg/venus/yuyushan/jade_venus_3/vobs/cores/fifos/src/fifo_standard_small.v'
Parsing design file '/prj/chips/pvg/venus/yuyushan/jade_venus_3/vobs/cores/fifos/src/fifo_fwft_with_update.v'
Parsing design file '/prj/chips/pvg/venus/yuyushan/jade_venus_3/vobs/cores/fifos/src/fifo_fwft_large.v'
Parsing design file '/prj/chips/pvg/venus/yuyushan/jade_venus_3/vobs/cores/fifos/src/fifo_standard_large.v'
Parsing design file '/prj/chips/pvg/venus/yuyushan/jade_venus_3/vobs/cores/fifos/src/fifo_fwft.v'
Parsing design file '/prj/chips/pvg/venus/yuyushan/jade_venus_3/vobs/cores/fifos/src/fifo_standard.v'
Parsing design file '/prj/chips/pvg/venus/yuyushan/jade_venus_3/vobs/cores/fifos/src/reg_sfifo.sv'
Parsing design file '/prj/chips/pvg/venus/yuyushan/jade_venus_3/vobs/cores/fifos/src/afifo_ctrl.sv'
Parsing design file '/prj/chips/pvg/venus/yuyushan/jade_venus_3/vobs/cores/fifos/src/reg_afifo.sv'
Parsing design file '/prj/chips/pvg/venus/yuyushan/jade_venus_3/vobs/cores/fifos/src/sfifo_ctrl.sv'
Parsing design file '/prj/chips/pvg/venus/yuyushan/jade_venus_3/vobs/ip/rsp/design/rsp_common/rsp_dsp_lib/src/radix2_3mul.v'
Parsing design file '/prj/chips/pvg/venus/yuyushan/jade_venus_3/vobs/ip/rsp/design/rsp_common/rsp_dsp_lib/src/radix2_opt.v'
Parsing design file '/prj/chips/pvg/venus/yuyushan/jade_venus_3/vobs/ip/rsp/design/rsp_common/rsp_dsp_lib/src/rsp_irq.v'
Parsing design file '/prj/chips/pvg/venus/yuyushan/jade_venus_3/vobs/ip/rsp/design/rsp_common/rsp_dsp_lib/src/rsp_s2_op_fsm.sv'
Parsing included file '/prj/chips/pvg/venus/yuyushan/jade_venus_3/vobs/ip/rsp/design/rsp_common/header/rsp_s2_op_info.svh'.
Parsing included file '/prj/chips/pvg/venus/yuyushan/jade_venus_3/vobs/ip/rsp/design/rsp_common/header/rsp_common_defines.vh'.
Back to file '/prj/chips/pvg/venus/yuyushan/jade_venus_3/vobs/ip/rsp/design/rsp_common/header/rsp_s2_op_info.svh'.
Back to file '/prj/chips/pvg/venus/yuyushan/jade_venus_3/vobs/ip/rsp/design/rsp_common/rsp_dsp_lib/src/rsp_s2_op_fsm.sv'.
Parsing design file '/prj/chips/pvg/venus/yuyushan/jade_venus_3/vobs/ip/rsp/design/rsp_common/rsp_dsp_lib/src/radix2_shared_tw.sv'
Parsing design file '/prj/chips/pvg/venus/yuyushan/jade_venus_3/vobs/ip/rsp/design/rsp_common/rsp_dsp_lib/src/pipelined_radix2_shared_tw.sv'
Parsing design file '/prj/chips/pvg/venus/yuyushan/jade_venus_3/vobs/ip/rsp/design/rsp_common/rsp_dsp_lib/src/radix2_shared_tw_ce.sv'
Parsing design file '/prj/chips/pvg/venus/yuyushan/jade_venus_3/vobs/ip/rsp/design/rsp_common/rsp_dsp_lib/src/rsp_s3_op_fsm.sv'
Parsing included file '/prj/chips/pvg/venus/yuyushan/jade_venus_3/vobs/ip/rsp/design/rsp_common/header/rsp_s3_op_info.svh'.
Parsing included file '/prj/chips/pvg/venus/yuyushan/jade_venus_3/vobs/ip/rsp/design/rsp_common/header/rsp_common_defines.vh'.
Back to file '/prj/chips/pvg/venus/yuyushan/jade_venus_3/vobs/ip/rsp/design/rsp_common/header/rsp_s3_op_info.svh'.
Back to file '/prj/chips/pvg/venus/yuyushan/jade_venus_3/vobs/ip/rsp/design/rsp_common/rsp_dsp_lib/src/rsp_s3_op_fsm.sv'.
Parsing design file '/prj/chips/pvg/venus/yuyushan/jade_venus_3/vobs/cores/ahb2ahb_async/src/ahb2ahb_async_DW_ahb_h2h_cc_constants.v'
Parsing design file '/prj/chips/pvg/venus/yuyushan/jade_venus_3/vobs/cores/ahb2ahb_async/src/ahb2ahb_async_DW_ahb_h2h_constants.v'
Parsing design file '/prj/chips/pvg/venus/yuyushan/jade_venus_3/vobs/cores/ahb2ahb_async/src/ahb2ahb_async_DW_ahb_h2h_bcm_params.v'
Parsing design file '/prj/chips/pvg/venus/yuyushan/jade_venus_3/vobs/cores/ahb2ahb_async/src/ahb2ahb_async_DW_ahb_h2h_bcm02.v'
Parsing design file '/prj/chips/pvg/venus/yuyushan/jade_venus_3/vobs/cores/ahb2ahb_async/src/ahb2ahb_async_DW_ahb_h2h_sfsm.v'
Parsing design file '/prj/chips/pvg/venus/yuyushan/jade_venus_3/vobs/cores/ahb2ahb_async/src/ahb2ahb_async_DW_ahb_h2h_sbiu.v'
Parsing design file '/prj/chips/pvg/venus/yuyushan/jade_venus_3/vobs/cores/ahb2ahb_async/src/ahb2ahb_async_DW_ahb_h2h_begen.v'
Parsing design file '/prj/chips/pvg/venus/yuyushan/jade_venus_3/vobs/cores/ahb2ahb_async/src/ahb2ahb_async_DW_ahb_h2h_dreg.v'
Parsing design file '/prj/chips/pvg/venus/yuyushan/jade_venus_3/vobs/cores/ahb2ahb_async/src/ahb2ahb_async_DW_ahb_h2h_mfsm.v'
Parsing design file '/prj/chips/pvg/venus/yuyushan/jade_venus_3/vobs/cores/ahb2ahb_async/src/ahb2ahb_async_DW_ahb_h2h_mbiu.v'
Parsing design file '/prj/chips/pvg/venus/yuyushan/jade_venus_3/vobs/cores/ahb2ahb_async/src/ahb2ahb_async_DW_ahb_h2h_core.v'
Parsing design file '/prj/chips/pvg/venus/yuyushan/jade_venus_3/vobs/cores/ahb2ahb_async/src/ahb2ahb_async_DW_ahb_h2h_bcm21.v'
Parsing design file '/prj/chips/pvg/venus/yuyushan/jade_venus_3/vobs/cores/ahb2ahb_async/src/ahb2ahb_async_DW_ahb_h2h_bcm99.v'
Parsing design file '/prj/chips/pvg/venus/yuyushan/jade_venus_3/vobs/cores/ahb2ahb_async/src/ahb2ahb_async_DW_ahb_h2h_sync.v'
Parsing design file '/prj/chips/pvg/venus/yuyushan/jade_venus_3/vobs/cores/ahb2ahb_async/src/ahb2ahb_async_DW_ahb_h2h.v'
Parsing design file '/prj/chips/pvg/venus/yuyushan/jade_venus_3/vobs/cores/ahb2ahb_async/src/ahb2ahb_async_DW_ahb_h2h-undef.v'
Parsing design file '/prj/chips/pvg/venus/yuyushan/jade_venus_3/vobs/ip/rsp/design/rsp_s1/sub/rsp_s1_prep/src/../ahb_ic/src/rsp_s1_prep_ahbic_out.v'
Parsing design file '/prj/chips/pvg/venus/yuyushan/jade_venus_3/vobs/ip/rsp/design/rsp_s1/sub/rsp_s1_prep/src/../ahb_ic/src/rsp_s1_prep_ahbic_default_slave.v'
Parsing design file '/prj/chips/pvg/venus/yuyushan/jade_venus_3/vobs/ip/rsp/design/rsp_s1/sub/rsp_s1_prep/src/../ahb_ic/src/rsp_s1_prep_ahbic_lite.v'
Parsing design file '/prj/chips/pvg/venus/yuyushan/jade_venus_3/vobs/ip/rsp/design/rsp_s1/sub/rsp_s1_prep/src/../ahb_ic/src/rsp_s1_prep_ahbic_arb.v'
Parsing design file '/prj/chips/pvg/venus/yuyushan/jade_venus_3/vobs/ip/rsp/design/rsp_s1/sub/rsp_s1_prep/src/../ahb_ic/src/rsp_s1_prep_ahbic_decS0.v'
Parsing design file '/prj/chips/pvg/venus/yuyushan/jade_venus_3/vobs/ip/rsp/design/rsp_s1/sub/rsp_s1_prep/src/../ahb_ic/src/rsp_s1_prep_ahbic.v'
Parsing design file '/prj/chips/pvg/venus/yuyushan/jade_venus_3/vobs/ip/rsp/design/rsp_s1/sub/rsp_s1_prep/src/../ahb_ic/src/rsp_s1_prep_ahbic_in.v'
Parsing design file '/prj/chips/pvg/venus/yuyushan/jade_venus_3/vobs/ip/rsp/design/rsp_s1/sub/rsp_s1_prep/src/../reg/rsp_s1_prep_csr_reg.v'
Parsing design file '/prj/chips/pvg/venus/yuyushan/jade_venus_3/vobs/ip/rsp/design/rsp_s1/sub/rsp_s1_prep/src/../reg/rsp_s1_prep_glb_reg.v'
Parsing design file '../src1/rsp_s1_prep_ahb_mux.v'
Parsing design file '../src1/rsp_s1_prep_mult.v'
Parsing design file '../src1/rsp_s1_prep_fifo.v'
Parsing design file '../src1/rsp_s1_prep_estimation.sv'
Parsing included file '/prj/chips/pvg/venus/yuyushan/jade_venus_3/vobs/ip/rsp/design/rsp_s1/sub/rsp_s1_prep/src/rsp_s1_prep_defines.vh'.
Back to file '../src1/rsp_s1_prep_estimation.sv'.
Parsing design file '../src1/rsp_s1_prep_pg_select_ram_data.sv'
Parsing design file '../src1/rsp_s1_prep_abs_cmp.sv'
Parsing included file '/prj/chips/pvg/venus/yuyushan/jade_venus_3/vobs/ip/rsp/design/rsp_s1/sub/rsp_s1_prep/src/rsp_s1_prep_defines.vh'.
Back to file '../src1/rsp_s1_prep_abs_cmp.sv'.
Parsing design file '../src1/rsp_s1_prep_combination.sv'
Parsing included file '/prj/chips/pvg/venus/yuyushan/jade_venus_3/vobs/ip/rsp/design/rsp_s1/sub/rsp_s1_prep/src/rsp_s1_prep_defines.vh'.
Back to file '../src1/rsp_s1_prep_combination.sv'.
Parsing design file '../src1/rsp_s1_prep_delay_data.sv'
Parsing design file '../src1/rsp_s1_prep_read_ram.sv'
Parsing included file '/prj/chips/pvg/venus/yuyushan/jade_venus_3/vobs/ip/rsp/design/rsp_common/header/rsp_common_defines.vh'.
Back to file '../src1/rsp_s1_prep_read_ram.sv'.
Parsing included file '/prj/chips/pvg/venus/yuyushan/jade_venus_3/vobs/ip/rsp/design/rsp_s1/sub/rsp_s1_prep/src/rsp_s1_prep_defines.vh'.
Back to file '../src1/rsp_s1_prep_read_ram.sv'.
Parsing design file '../src1/rsp_s1_prep_core.sv'
Parsing included file '/prj/chips/pvg/venus/yuyushan/jade_venus_3/vobs/ip/rsp/design/rsp_common/header/rsp_common_defines.vh'.
Back to file '../src1/rsp_s1_prep_core.sv'.
Parsing included file '/prj/chips/pvg/venus/yuyushan/jade_venus_3/vobs/ip/rsp/design/rsp_s1/sub/rsp_s1_prep/src/rsp_s1_prep_defines.vh'.
Back to file '../src1/rsp_s1_prep_core.sv'.
Parsing design file '../src1/rsp_s1_prep_diff.sv'
Parsing included file '/prj/chips/pvg/venus/yuyushan/jade_venus_3/vobs/ip/rsp/design/rsp_s1/sub/rsp_s1_prep/src/rsp_s1_prep_defines.vh'.
Back to file '../src1/rsp_s1_prep_diff.sv'.
Parsing design file '../src1/rsp_s1_prep_multiplier0.sv'
Parsing included file '/prj/chips/pvg/venus/yuyushan/jade_venus_3/vobs/ip/rsp/design/rsp_s1/sub/rsp_s1_prep/src/rsp_s1_prep_defines.vh'.
Back to file '../src1/rsp_s1_prep_multiplier0.sv'.
Parsing design file '../src1/rsp_s1_prep_top.sv'
Parsing included file '/prj/chips/pvg/venus/yuyushan/jade_venus_3/vobs/ip/rsp/design/rsp_s1/sub/rsp_s1_prep/src/rsp_s1_prep_defines.vh'.
Back to file '../src1/rsp_s1_prep_top.sv'.
Parsing design file '../src1/rsp_s1_prep_abs_real.sv'
Parsing design file '../src1/rsp_s1_prep_write_ram.sv'
Parsing included file '/prj/chips/pvg/venus/yuyushan/jade_venus_3/vobs/ip/rsp/design/rsp_common/header/rsp_common_defines.vh'.
Back to file '../src1/rsp_s1_prep_write_ram.sv'.
Parsing included file '/prj/chips/pvg/venus/yuyushan/jade_venus_3/vobs/ip/rsp/design/rsp_s1/sub/rsp_s1_prep/src/rsp_s1_prep_defines.vh'.
Back to file '../src1/rsp_s1_prep_write_ram.sv'.
Parsing design file '../src1/rsp_s1_prep_phase_generation.sv'
Parsing design file '../src1/rsp_s1_prep_abs_complex.sv'
Parsing design file '../src1/rsp_s1_prep_add_u.sv'
Parsing design file '../src1/rsp_s1_prep.sv'
Parsing included file '/prj/chips/pvg/venus/yuyushan/jade_venus_3/vobs/ip/rsp/design/rsp_common/header/rsp_common_defines.vh'.
Back to file '../src1/rsp_s1_prep.sv'.
Parsing included file '/prj/chips/pvg/venus/yuyushan/jade_venus_3/vobs/ip/rsp/design/rsp_s1/sub/rsp_s1_prep/src/rsp_s1_prep_defines.vh'.
Back to file '../src1/rsp_s1_prep.sv'.
Parsing included file '/prj/chips/pvg/venus/yuyushan/jade_venus_3/vobs/ip/rsp/design/rsp_common/header/rsp_s1_op_info.svh'.
Back to file '../src1/rsp_s1_prep.sv'.
Parsing design file '../tb1/spram.v'
Parsing design file '../tb1/tpram.v'
Parsing design file '../tb1/spram_136x64.v'
Parsing design file '../tb1/delay.v'
Parsing design file '../tb1/common_tb.sv'
Parsing included file '/prj/chips/pvg/venus/yuyushan/jade_venus_3/vobs/ip/rsp/design/rsp_common/header/rsp_common_defines.vh'.
Back to file '../tb1/common_tb.sv'.
Parsing included file '/prj/chips/pvg/venus/yuyushan/jade_venus_3/vobs/ip/rsp/design/rsp_s1/sub/rsp_s1_prep/src/rsp_s1_prep_defines.vh'.
Back to file '../tb1/common_tb.sv'.
Parsing included file '/prj/chips/pvg/venus/yuyushan/jade_venus_3/vobs/ip/rsp/design/rsp_common/header/rsp_s1_op_info.svh'.
Back to file '../tb1/common_tb.sv'.
Parsing design file '../tb1/save_file_tb.sv'
Parsing design file '../tb1/rd_txt_data_tb.sv'
Top Level Modules:
       cdc_demet_aset_m
       handshake_pipe_forward
       complex_multiplier_3mult
       AN2D0BWP35P140HVT
       AN2D16BWP35P140HVT
       AN2D1BWP35P140HVT
       AN2D2BWP35P140HVT
       AN2D4BWP35P140HVT
       AN2D6BWP35P140HVT
       AN2D8BWP35P140HVT
       AN3D0BWP35P140HVT
       AN3D16BWP35P140HVT
       AN3D1BWP35P140HVT
       AN3D2BWP35P140HVT
       AN3D4BWP35P140HVT
       AN3D6BWP35P140HVT
       AN3D8BWP35P140HVT
       AN4D0BWP35P140HVT
       AN4D1BWP35P140HVT
       AN4D2BWP35P140HVT
       AN4D4BWP35P140HVT
       AN4D8BWP35P140HVT
       ANTENNABWP35P140HVT
       AO211D0BWP35P140HVT
       AO211D1BWP35P140HVT
       AO211D2BWP35P140HVT
       AO211D4BWP35P140HVT
       AO21D0BWP35P140HVT
       AO21D1BWP35P140HVT
       AO21D2BWP35P140HVT
       AO21D4BWP35P140HVT
       AO22D0BWP35P140HVT
       AO22D16BWP35P140HVT
       AO22D1BWP35P140HVT
       AO22D2BWP35P140HVT
       AO22D4BWP35P140HVT
       AO22D6BWP35P140HVT
       AO22D8BWP35P140HVT
       AOI211D0BWP35P140HVT
       AOI211D16BWP35P140HVT
       AOI211D1BWP35P140HVT
       AOI211D2BWP35P140HVT
       AOI211D4BWP35P140HVT
       AOI211D6BWP35P140HVT
       AOI211D8BWP35P140HVT
       AOI211OPTREPBD12BWP35P140HVT
       AOI211OPTREPBD16BWP35P140HVT
       AOI211OPTREPBD1BWP35P140HVT
       AOI211OPTREPBD2BWP35P140HVT
       AOI211OPTREPBD4BWP35P140HVT
       AOI211OPTREPBD6BWP35P140HVT
       AOI211OPTREPBD8BWP35P140HVT
       AOI21D0BWP35P140HVT
       AOI21D0P7BWP35P140HVT
       AOI21D16BWP35P140HVT
       AOI21D1BWP35P140HVT
       AOI21D1P5BWP35P140HVT
       AOI21D2BWP35P140HVT
       AOI21D4BWP35P140HVT
       AOI21D6BWP35P140HVT
       AOI21D8BWP35P140HVT
       AOI21OPTREPBD12BWP35P140HVT
       AOI21OPTREPBD16BWP35P140HVT
       AOI21OPTREPBD1BWP35P140HVT
       AOI21OPTREPBD2BWP35P140HVT
       AOI21OPTREPBD4BWP35P140HVT
       AOI21OPTREPBD6BWP35P140HVT
       AOI21OPTREPBD8BWP35P140HVT
       AOI221D0BWP35P140HVT
       AOI221D1BWP35P140HVT
       AOI221D2BWP35P140HVT
       AOI221D4BWP35P140HVT
       AOI222D0BWP35P140HVT
       AOI222D1BWP35P140HVT
       AOI222D2BWP35P140HVT
       AOI222D4BWP35P140HVT
       AOI22D0BWP35P140HVT
       AOI22D0P7BWP35P140HVT
       AOI22D16BWP35P140HVT
       AOI22D1BWP35P140HVT
       AOI22D1P5BWP35P140HVT
       AOI22D2BWP35P140HVT
       AOI22D4BWP35P140HVT
       AOI22D6BWP35P140HVT
       AOI22D8BWP35P140HVT
       AOI31D0BWP35P140HVT
       AOI31D1BWP35P140HVT
       AOI31D2BWP35P140HVT
       AOI31D4BWP35P140HVT
       AOI32D0BWP35P140HVT
       AOI32D1BWP35P140HVT
       AOI32D2BWP35P140HVT
       AOI32D4BWP35P140HVT
       AOI33D0BWP35P140HVT
       AOI33D1BWP35P140HVT
       AOI33D2BWP35P140HVT
       AOI33D4BWP35P140HVT
       BHDBWP35P140HVT
       BOUNDARY_LEFTBWP35P140
       BOUNDARY_RIGHTBWP35P140
       BUFFD0BWP35P140HVT
       BUFFD0P7BWP35P140HVT
       BUFFD12BWP35P140HVT
       BUFFD16BWP35P140HVT
       BUFFD1BWP35P140HVT
       BUFFD1P5BWP35P140HVT
       BUFFD20BWP35P140HVT
       BUFFD24BWP35P140HVT
       BUFFD2BWP35P140HVT
       BUFFD3BWP35P140HVT
       BUFFD4BWP35P140HVT
       BUFFD6BWP35P140HVT
       BUFFD8BWP35P140HVT
       BUFTD12BWP35P140HVT
       BUFTD16BWP35P140HVT
       BUFTD20BWP35P140HVT
       BUFTD24BWP35P140HVT
       BUFTD4BWP35P140HVT
       BUFTD6BWP35P140HVT
       BUFTD8BWP35P140HVT
       CKAN2D0BWP35P140HVT
       CKAN2D1BWP35P140HVT
       CKAN2D2BWP35P140HVT
       CKAN2D4BWP35P140HVT
       CKAN2D8BWP35P140HVT
       CKBD0BWP35P140HVT
       CKBD12BWP35P140HVT
       CKBD16BWP35P140HVT
       CKBD1BWP35P140HVT
       CKBD20BWP35P140HVT
       CKBD24BWP35P140HVT
       CKBD2BWP35P140HVT
       CKBD3BWP35P140HVT
       CKBD4BWP35P140HVT
       CKBD6BWP35P140HVT
       CKBD8BWP35P140HVT
       CKLHQD12BWP35P140HVT
       CKLHQD16BWP35P140HVT
       CKLHQD1BWP35P140HVT
       CKLHQD20BWP35P140HVT
       CKLHQD24BWP35P140HVT
       CKLHQD2BWP35P140HVT
       CKLHQD3BWP35P140HVT
       CKLHQD4BWP35P140HVT
       CKLHQD6BWP35P140HVT
       CKLHQD8BWP35P140HVT
       CKLNQD12BWP35P140HVT
       CKLNQD16BWP35P140HVT
       CKLNQD1BWP35P140HVT
       CKLNQD20BWP35P140HVT
       CKLNQD24BWP35P140HVT
       CKLNQD2BWP35P140HVT
       CKLNQD3BWP35P140HVT
       CKLNQD4BWP35P140HVT
       CKLNQD6BWP35P140HVT
       CKLNQD8BWP35P140HVT
       CKLNQOPTMAD16BWP35P140HVT
       CKLNQOPTMAD4BWP35P140HVT
       CKLNQOPTMAD8BWP35P140HVT
       CKMUX2D0BWP35P140HVT
       CKMUX2D1BWP35P140HVT
       CKMUX2D2BWP35P140HVT
       CKMUX2D4BWP35P140HVT
       CKND0BWP35P140HVT
       CKND12BWP35P140HVT
       CKND16BWP35P140HVT
       CKND1BWP35P140HVT
       CKND20BWP35P140HVT
       CKND24BWP35P140HVT
       CKND2BWP35P140HVT
       CKND2D0BWP35P140HVT
       CKND2D1BWP35P140HVT
       CKND2D2BWP35P140HVT
       CKND2D3BWP35P140HVT
       CKND2D4BWP35P140HVT
       CKND2D8BWP35P140HVT
       CKND3BWP35P140HVT
       CKND4BWP35P140HVT
       CKND6BWP35P140HVT
       CKND8BWP35P140HVT
       CKXOR2D0BWP35P140HVT
       CKXOR2D1BWP35P140HVT
       CKXOR2D2BWP35P140HVT
       CKXOR2D4BWP35P140HVT
       DCAP16BWP35P140HVT
       DCAP32BWP35P140HVT
       DCAP4BWP35P140HVT
       DCAP64BWP35P140HVT
       DCAP8BWP35P140HVT
       DCCKBD12BWP35P140HVT
       DCCKBD16BWP35P140HVT
       DCCKBD20BWP35P140HVT
       DCCKBD4BWP35P140HVT
       DCCKBD8BWP35P140HVT
       DCCKND12BWP35P140HVT
       DCCKND16BWP35P140HVT
       DCCKND20BWP35P140HVT
       DCCKND4BWP35P140HVT
       DCCKND8BWP35P140HVT
       DEL025D1BWP35P140HVT
       DEL050MD1BWP35P140HVT
       DEL075MD1BWP35P140HVT
       DEL100MD1BWP35P140HVT
       DEL150MD1BWP35P140HVT
       DEL200MD1BWP35P140HVT
       DEL250MD1BWP35P140HVT
       DFCND1BWP35P140HVT
       DFCND2BWP35P140HVT
       DFCND4BWP35P140HVT
       DFCNQD1BWP35P140HVT
       DFCNQD2BWP35P140HVT
       DFCNQD4BWP35P140HVT
       DFCSND1BWP35P140HVT
       DFCSND2BWP35P140HVT
       DFCSND4BWP35P140HVT
       DFCSNQD1BWP35P140HVT
       DFCSNQD2BWP35P140HVT
       DFCSNQD4BWP35P140HVT
       DFD1BWP35P140HVT
       DFD2BWP35P140HVT
       DFD4BWP35P140HVT
       DFKCND1BWP35P140HVT
       DFKCND2BWP35P140HVT
       DFKCND4BWP35P140HVT
       DFKCNQD1BWP35P140HVT
       DFKCNQD2BWP35P140HVT
       DFKCNQD4BWP35P140HVT
       DFKCSND1BWP35P140HVT
       DFKCSND2BWP35P140HVT
       DFKCSND4BWP35P140HVT
       DFKSND1BWP35P140HVT
       DFKSND2BWP35P140HVT
       DFKSND4BWP35P140HVT
       DFMD1BWP35P140HVT
       DFMD2BWP35P140HVT
       DFMD4BWP35P140HVT
       DFMQD1BWP35P140HVT
       DFMQD2BWP35P140HVT
       DFMQD4BWP35P140HVT
       DFNCND1BWP35P140HVT
       DFNCND2BWP35P140HVT
       DFNCND4BWP35P140HVT
       DFNCSND1BWP35P140HVT
       DFNCSND2BWP35P140HVT
       DFNCSND4BWP35P140HVT
       DFND1BWP35P140HVT
       DFND2BWP35P140HVT
       DFND4BWP35P140HVT
       DFNSND1BWP35P140HVT
       DFNSND2BWP35P140HVT
       DFNSND4BWP35P140HVT
       DFQD1BWP35P140HVT
       DFQD2BWP35P140HVT
       DFQD4BWP35P140HVT
       DFSND1BWP35P140HVT
       DFSND2BWP35P140HVT
       DFSND4BWP35P140HVT
       DFSNQD1BWP35P140HVT
       DFSNQD2BWP35P140HVT
       DFSNQD4BWP35P140HVT
       EDFCND1BWP35P140HVT
       EDFCND2BWP35P140HVT
       EDFCND4BWP35P140HVT
       EDFCNQD1BWP35P140HVT
       EDFCNQD2BWP35P140HVT
       EDFCNQD4BWP35P140HVT
       EDFD1BWP35P140HVT
       EDFD2BWP35P140HVT
       EDFD4BWP35P140HVT
       EDFQD1BWP35P140HVT
       EDFQD2BWP35P140HVT
       EDFQD4BWP35P140HVT
       FA1D0BWP35P140HVT
       FA1D1BWP35P140HVT
       FA1D2BWP35P140HVT
       FA1D4BWP35P140HVT
       FA1OPTCD1BWP35P140HVT
       FA1OPTCD2BWP35P140HVT
       FA1OPTSD1BWP35P140HVT
       FA1OPTSD2BWP35P140HVT
       FILL16BWP35P140HVT
       FILL2BWP35P140HVT
       FILL32BWP35P140HVT
       FILL3BWP35P140HVT
       FILL4BWP35P140HVT
       FILL64BWP35P140HVT
       FILL8BWP35P140HVT
       GAN2D1BWP30P140HVT
       GAN2D2BWP30P140HVT
       GAOI21D1BWP30P140HVT
       GAOI21D2BWP30P140HVT
       GAOI22D1BWP30P140HVT
       GBUFFD1BWP30P140HVT
       GBUFFD2BWP30P140HVT
       GBUFFD3BWP30P140HVT
       GBUFFD4BWP30P140HVT
       GBUFFD8BWP30P140HVT
       GDCAP10BWP30P140HVT
       GDCAP12BWP30P140HVT
       GDCAP2BWP30P140HVT
       GDCAP3BWP30P140HVT
       GDCAP4BWP30P140HVT
       GDCAPBWP30P140HVT
       GDFCNQD1BWP30P140HVT
       GDFQD1BWP30P140HVT
       GFILL10BWP30P140HVT
       GFILL12BWP30P140HVT
       GFILL2BWP30P140HVT
       GFILL3BWP30P140HVT
       GFILL4BWP30P140HVT
       GFILLBWP30P140HVT
       GINVD1BWP30P140HVT
       GINVD2BWP30P140HVT
       GINVD3BWP30P140HVT
       GINVD4BWP30P140HVT
       GINVD8BWP30P140HVT
       GMUX2D1BWP30P140HVT
       GMUX2D2BWP30P140HVT
       GMUX2ND1BWP30P140HVT
       GMUX2ND2BWP30P140HVT
       GND2D1BWP30P140HVT
       GND2D2BWP30P140HVT
       GND2D3BWP30P140HVT
       GND2D4BWP30P140HVT
       GND3D1BWP30P140HVT
       GND3D2BWP30P140HVT
       GNR2D1BWP30P140HVT
       GNR2D2BWP30P140HVT
       GNR3D1BWP30P140HVT
       GNR3D2BWP30P140HVT
       GOAI21D1BWP30P140HVT
       GOAI21D2BWP30P140HVT
       GOR2D1BWP30P140HVT
       GOR2D2BWP30P140HVT
       GSDFCNQD1BWP30P140HVT
       GTIEHBWP30P140HVT
       GTIELBWP30P140HVT
       GXNR2D1BWP30P140HVT
       GXNR2D2BWP30P140HVT
       GXOR2D1BWP30P140HVT
       GXOR2D2BWP30P140HVT
       HA1D0BWP35P140HVT
       HA1D1BWP35P140HVT
       HA1D2BWP35P140HVT
       HA1D4BWP35P140HVT
       IAO21D0BWP35P140HVT
       IAO21D1BWP35P140HVT
       IAO21D2BWP35P140HVT
       IAO21D4BWP35P140HVT
       IAO22D0BWP35P140HVT
       IAO22D1BWP35P140HVT
       IAO22D2BWP35P140HVT
       IAO22D4BWP35P140HVT
       IND2D0BWP35P140HVT
       IND2D16BWP35P140HVT
       IND2D1BWP35P140HVT
       IND2D2BWP35P140HVT
       IND2D4BWP35P140HVT
       IND2D6BWP35P140HVT
       IND2D8BWP35P140HVT
       IND3D0BWP35P140HVT
       IND3D16BWP35P140HVT
       IND3D1BWP35P140HVT
       IND3D2BWP35P140HVT
       IND3D4BWP35P140HVT
       IND3D6BWP35P140HVT
       IND3D8BWP35P140HVT
       IND4D0BWP35P140HVT
       IND4D1BWP35P140HVT
       IND4D2BWP35P140HVT
       IND4D4BWP35P140HVT
       INR2D0BWP35P140HVT
       INR2D16BWP35P140HVT
       INR2D1BWP35P140HVT
       INR2D2BWP35P140HVT
       INR2D4BWP35P140HVT
       INR2D6BWP35P140HVT
       INR2D8BWP35P140HVT
       INR3D0BWP35P140HVT
       INR3D16BWP35P140HVT
       INR3D1BWP35P140HVT
       INR3D2BWP35P140HVT
       INR3D4BWP35P140HVT
       INR3D6BWP35P140HVT
       INR3D8BWP35P140HVT
       INR4D0BWP35P140HVT
       INR4D1BWP35P140HVT
       INR4D2BWP35P140HVT
       INR4D4BWP35P140HVT
       INVD0BWP35P140HVT
       INVD0P7BWP35P140HVT
       INVD12BWP35P140HVT
       INVD15BWP35P140HVT
       INVD16BWP35P140HVT
       INVD18BWP35P140HVT
       INVD1BWP35P140HVT
       INVD1P5BWP35P140HVT
       INVD20BWP35P140HVT
       INVD21BWP35P140HVT
       INVD24BWP35P140HVT
       INVD2BWP35P140HVT
       INVD32BWP35P140HVT
       INVD3BWP35P140HVT
       INVD4BWP35P140HVT
       INVD6BWP35P140HVT
       INVD8BWP35P140HVT
       INVD9BWP35P140HVT
       IOA21D0BWP35P140HVT
       IOA21D1BWP35P140HVT
       IOA21D2BWP35P140HVT
       IOA21D4BWP35P140HVT
       IOA22D0BWP35P140HVT
       IOA22D1BWP35P140HVT
       IOA22D2BWP35P140HVT
       IOA22D4BWP35P140HVT
       LHCNDD1BWP35P140HVT
       LHCNDD2BWP35P140HVT
       LHCNDD4BWP35P140HVT
       LHCNDQD1BWP35P140HVT
       LHCNDQD2BWP35P140HVT
       LHCNDQD4BWP35P140HVT
       LHCSNDD1BWP35P140HVT
       LHCSNDD2BWP35P140HVT
       LHCSNDD4BWP35P140HVT
       LHCSNDQD1BWP35P140HVT
       LHCSNDQD2BWP35P140HVT
       LHCSNDQD4BWP35P140HVT
       LHD1BWP35P140HVT
       LHD2BWP35P140HVT
       LHD4BWP35P140HVT
       LHQD1BWP35P140HVT
       LHQD2BWP35P140HVT
       LHQD4BWP35P140HVT
       LHQOPTDAD1BWP35P140HVT
       LHQOPTDAD2BWP35P140HVT
       LHQOPTDAD4BWP35P140HVT
       LHQOPTDAD8BWP35P140HVT
       LHSNDD1BWP35P140HVT
       LHSNDD2BWP35P140HVT
       LHSNDD4BWP35P140HVT
       LHSNDQD1BWP35P140HVT
       LHSNDQD2BWP35P140HVT
       LHSNDQD4BWP35P140HVT
       LNCNDD1BWP35P140HVT
       LNCNDD2BWP35P140HVT
       LNCNDD4BWP35P140HVT
       LNCNDQD1BWP35P140HVT
       LNCNDQD2BWP35P140HVT
       LNCNDQD4BWP35P140HVT
       LNCSNDD1BWP35P140HVT
       LNCSNDD2BWP35P140HVT
       LNCSNDD4BWP35P140HVT
       LNCSNDQD1BWP35P140HVT
       LNCSNDQD2BWP35P140HVT
       LNCSNDQD4BWP35P140HVT
       LND1BWP35P140HVT
       LND2BWP35P140HVT
       LND4BWP35P140HVT
       LNQD1BWP35P140HVT
       LNQD2BWP35P140HVT
       LNQD4BWP35P140HVT
       LNSNDD1BWP35P140HVT
       LNSNDD2BWP35P140HVT
       LNSNDD4BWP35P140HVT
       LNSNDQD1BWP35P140HVT
       LNSNDQD2BWP35P140HVT
       LNSNDQD4BWP35P140HVT
       MAOI222D0BWP35P140HVT
       MAOI222D1BWP35P140HVT
       MAOI222D2BWP35P140HVT
       MAOI222D4BWP35P140HVT
       MAOI22D0BWP35P140HVT
       MAOI22D1BWP35P140HVT
       MAOI22D2BWP35P140HVT
       MAOI22D4BWP35P140HVT
       MOAI22D0BWP35P140HVT
       MOAI22D1BWP35P140HVT
       MOAI22D2BWP35P140HVT
       MOAI22D4BWP35P140HVT
       MUX2D0BWP35P140HVT
       MUX2D1BWP35P140HVT
       MUX2D2BWP35P140HVT
       MUX2D4BWP35P140HVT
       MUX2ND0BWP35P140HVT
       MUX2ND1BWP35P140HVT
       MUX2ND2BWP35P140HVT
       MUX2ND4BWP35P140HVT
       MUX2NOPTD2BWP35P140HVT
       MUX2NOPTD4BWP35P140HVT
       MUX2NOPTD6BWP35P140HVT
       MUX2NOPTD8BWP35P140HVT
       MUX2NUD1BWP35P140HVT
       MUX2OPTD12BWP35P140HVT
       MUX2OPTD2BWP35P140HVT
       MUX2OPTD4BWP35P140HVT
       MUX2OPTD6BWP35P140HVT
       MUX2OPTD8BWP35P140HVT
       MUX3D0BWP35P140HVT
       MUX3D1BWP35P140HVT
       MUX3D2BWP35P140HVT
       MUX3D4BWP35P140HVT
       MUX3ND0BWP35P140HVT
       MUX3ND1BWP35P140HVT
       MUX3ND2BWP35P140HVT
       MUX3ND4BWP35P140HVT
       MUX3NUD1BWP35P140HVT
       MUX4D0BWP35P140HVT
       MUX4D1BWP35P140HVT
       MUX4D2BWP35P140HVT
       MUX4D4BWP35P140HVT
       MUX4ND0BWP35P140HVT
       MUX4ND1BWP35P140HVT
       MUX4ND2BWP35P140HVT
       MUX4ND4BWP35P140HVT
       ND2D0BWP35P140HVT
       ND2D0P7BWP35P140HVT
       ND2D16BWP35P140HVT
       ND2D1BWP35P140HVT
       ND2D1P5BWP35P140HVT
       ND2D2BWP35P140HVT
       ND2D3BWP35P140HVT
       ND2D4BWP35P140HVT
       ND2D6BWP35P140HVT
       ND2D8BWP35P140HVT
       ND2OPTD12BWP35P140HVT
       ND2OPTD20BWP35P140HVT
       ND2OPTD6BWP35P140HVT
       ND2OPTIBD12BWP35P140HVT
       ND2OPTIBD16BWP35P140HVT
       ND2OPTIBD1BWP35P140HVT
       ND2OPTIBD20BWP35P140HVT
       ND2OPTIBD24BWP35P140HVT
       ND2OPTIBD2BWP35P140HVT
       ND2OPTIBD4BWP35P140HVT
       ND2OPTIBD6BWP35P140HVT
       ND2OPTIBD8BWP35P140HVT
       ND2OPTPAD12BWP35P140HVT
       ND2OPTPAD16BWP35P140HVT
       ND2OPTPAD1BWP35P140HVT
       ND2OPTPAD20BWP35P140HVT
       ND2OPTPAD2BWP35P140HVT
       ND2OPTPAD4BWP35P140HVT
       ND2OPTPAD6BWP35P140HVT
       ND2OPTPAD8BWP35P140HVT
       ND3D0BWP35P140HVT
       ND3D0P7BWP35P140HVT
       ND3D16BWP35P140HVT
       ND3D1BWP35P140HVT
       ND3D1P5BWP35P140HVT
       ND3D2BWP35P140HVT
       ND3D3BWP35P140HVT
       ND3D4BWP35P140HVT
       ND3D6BWP35P140HVT
       ND3D8BWP35P140HVT
       ND3OPTD12BWP35P140HVT
       ND3OPTD6BWP35P140HVT
       ND3OPTPAD12BWP35P140HVT
       ND3OPTPAD16BWP35P140HVT
       ND3OPTPAD1BWP35P140HVT
       ND3OPTPAD2BWP35P140HVT
       ND3OPTPAD4BWP35P140HVT
       ND3OPTPAD6BWP35P140HVT
       ND3OPTPAD8BWP35P140HVT
       ND4D0BWP35P140HVT
       ND4D1BWP35P140HVT
       ND4D2BWP35P140HVT
       ND4D3BWP35P140HVT
       ND4D4BWP35P140HVT
       ND4D8BWP35P140HVT
       NR2D0BWP35P140HVT
       NR2D0P7BWP35P140HVT
       NR2D16BWP35P140HVT
       NR2D1BWP35P140HVT
       NR2D1P5BWP35P140HVT
       NR2D2BWP35P140HVT
       NR2D3BWP35P140HVT
       NR2D4BWP35P140HVT
       NR2D6BWP35P140HVT
       NR2D8BWP35P140HVT
       NR2OPTD12BWP35P140HVT
       NR2OPTD20BWP35P140HVT
       NR2OPTD6BWP35P140HVT
       NR2OPTIBD12BWP35P140HVT
       NR2OPTIBD16BWP35P140HVT
       NR2OPTIBD1BWP35P140HVT
       NR2OPTIBD20BWP35P140HVT
       NR2OPTIBD24BWP35P140HVT
       NR2OPTIBD2BWP35P140HVT
       NR2OPTIBD4BWP35P140HVT
       NR2OPTIBD6BWP35P140HVT
       NR2OPTIBD8BWP35P140HVT
       NR2OPTPAD12BWP35P140HVT
       NR2OPTPAD16BWP35P140HVT
       NR2OPTPAD1BWP35P140HVT
       NR2OPTPAD20BWP35P140HVT
       NR2OPTPAD2BWP35P140HVT
       NR2OPTPAD4BWP35P140HVT
       NR2OPTPAD6BWP35P140HVT
       NR2OPTPAD8BWP35P140HVT
       NR3D0BWP35P140HVT
       NR3D0P7BWP35P140HVT
       NR3D16BWP35P140HVT
       NR3D1BWP35P140HVT
       NR3D1P5BWP35P140HVT
       NR3D2BWP35P140HVT
       NR3D3BWP35P140HVT
       NR3D4BWP35P140HVT
       NR3D6BWP35P140HVT
       NR3D8BWP35P140HVT
       NR3OPTD12BWP35P140HVT
       NR3OPTD6BWP35P140HVT
       NR3OPTPAD12BWP35P140HVT
       NR3OPTPAD16BWP35P140HVT
       NR3OPTPAD1BWP35P140HVT
       NR3OPTPAD2BWP35P140HVT
       NR3OPTPAD4BWP35P140HVT
       NR3OPTPAD6BWP35P140HVT
       NR3OPTPAD8BWP35P140HVT
       NR4D0BWP35P140HVT
       NR4D1BWP35P140HVT
       NR4D2BWP35P140HVT
       NR4D3BWP35P140HVT
       NR4D4BWP35P140HVT
       NR4D8BWP35P140HVT
       OA211D0BWP35P140HVT
       OA211D1BWP35P140HVT
       OA211D2BWP35P140HVT
       OA211D4BWP35P140HVT
       OA21D0BWP35P140HVT
       OA21D16BWP35P140HVT
       OA21D1BWP35P140HVT
       OA21D2BWP35P140HVT
       OA21D4BWP35P140HVT
       OA21D6BWP35P140HVT
       OA21D8BWP35P140HVT
       OA22D0BWP35P140HVT
       OA22D16BWP35P140HVT
       OA22D1BWP35P140HVT
       OA22D2BWP35P140HVT
       OA22D4BWP35P140HVT
       OA22D6BWP35P140HVT
       OA22D8BWP35P140HVT
       OAI211D0BWP35P140HVT
       OAI211D1BWP35P140HVT
       OAI211D2BWP35P140HVT
       OAI211D4BWP35P140HVT
       OAI211OPTD6BWP35P140HVT
       OAI211OPTD8BWP35P140HVT
       OAI211OPTREPBD12BWP35P140HVT
       OAI211OPTREPBD16BWP35P140HVT
       OAI211OPTREPBD1BWP35P140HVT
       OAI211OPTREPBD2BWP35P140HVT
       OAI211OPTREPBD4BWP35P140HVT
       OAI211OPTREPBD6BWP35P140HVT
       OAI211OPTREPBD8BWP35P140HVT
       OAI21D0BWP35P140HVT
       OAI21D0P7BWP35P140HVT
       OAI21D16BWP35P140HVT
       OAI21D1BWP35P140HVT
       OAI21D1P5BWP35P140HVT
       OAI21D2BWP35P140HVT
       OAI21D4BWP35P140HVT
       OAI21D6BWP35P140HVT
       OAI21D8BWP35P140HVT
       OAI21OPTREPBD12BWP35P140HVT
       OAI21OPTREPBD16BWP35P140HVT
       OAI21OPTREPBD1BWP35P140HVT
       OAI21OPTREPBD2BWP35P140HVT
       OAI21OPTREPBD4BWP35P140HVT
       OAI21OPTREPBD6BWP35P140HVT
       OAI21OPTREPBD8BWP35P140HVT
       OAI221D0BWP35P140HVT
       OAI221D1BWP35P140HVT
       OAI221D2BWP35P140HVT
       OAI221D4BWP35P140HVT
       OAI222D0BWP35P140HVT
       OAI222D1BWP35P140HVT
       OAI222D2BWP35P140HVT
       OAI222D4BWP35P140HVT
       OAI22D0BWP35P140HVT
       OAI22D0P7BWP35P140HVT
       OAI22D16BWP35P140HVT
       OAI22D1BWP35P140HVT
       OAI22D1P5BWP35P140HVT
       OAI22D2BWP35P140HVT
       OAI22D4BWP35P140HVT
       OAI22D6BWP35P140HVT
       OAI22D8BWP35P140HVT
       OAI22OPTPBD12BWP35P140HVT
       OAI22OPTPBD16BWP35P140HVT
       OAI22OPTPBD1BWP35P140HVT
       OAI22OPTPBD2BWP35P140HVT
       OAI22OPTPBD4BWP35P140HVT
       OAI22OPTPBD6BWP35P140HVT
       OAI22OPTPBD8BWP35P140HVT
       OAI31D0BWP35P140HVT
       OAI31D1BWP35P140HVT
       OAI31D2BWP35P140HVT
       OAI31D4BWP35P140HVT
       OAI32D0BWP35P140HVT
       OAI32D1BWP35P140HVT
       OAI32D2BWP35P140HVT
       OAI32D4BWP35P140HVT
       OAI33D0BWP35P140HVT
       OAI33D1BWP35P140HVT
       OAI33D2BWP35P140HVT
       OAI33D4BWP35P140HVT
       OD18DCAP16BWP35P140
       OD18DCAP32BWP35P140
       OD18DCAP64BWP35P140
       OR2D0BWP35P140HVT
       OR2D16BWP35P140HVT
       OR2D1BWP35P140HVT
       OR2D2BWP35P140HVT
       OR2D4BWP35P140HVT
       OR2D6BWP35P140HVT
       OR2D8BWP35P140HVT
       OR3D0BWP35P140HVT
       OR3D16BWP35P140HVT
       OR3D1BWP35P140HVT
       OR3D2BWP35P140HVT
       OR3D4BWP35P140HVT
       OR3D6BWP35P140HVT
       OR3D8BWP35P140HVT
       OR4D0BWP35P140HVT
       OR4D1BWP35P140HVT
       OR4D2BWP35P140HVT
       OR4D4BWP35P140HVT
       OR4D8BWP35P140HVT
       SDFCNARD1BWP35P140HVT
       SDFCNARD2BWP35P140HVT
       SDFCNARD4BWP35P140HVT
       SDFCND0BWP35P140HVT
       SDFCND1BWP35P140HVT
       SDFCND2BWP35P140HVT
       SDFCND4BWP35P140HVT
       SDFCNOPTBD1BWP35P140HVT
       SDFCNOPTBD2BWP35P140HVT
       SDFCNOPTBD4BWP35P140HVT
       SDFCNOPTMAD12BWP35P140HVT
       SDFCNOPTMAD4BWP35P140HVT
       SDFCNOPTMAD8BWP35P140HVT
       SDFCNOPTMCD12BWP35P140HVT
       SDFCNOPTMCD8BWP35P140HVT
       SDFCNOPTSADD12BWP35P140HVT
       SDFCNOPTSADD4BWP35P140HVT
       SDFCNOPTSADD8BWP35P140HVT
       SDFCNQARD1BWP35P140HVT
       SDFCNQARD2BWP35P140HVT
       SDFCNQARD4BWP35P140HVT
       SDFCNQD0BWP35P140HVT
       SDFCNQD1BWP35P140HVT
       SDFCNQD2BWP35P140HVT
       SDFCNQD4BWP35P140HVT
       SDFCNQOPTBD1BWP35P140HVT
       SDFCNQOPTBD2BWP35P140HVT
       SDFCNQOPTBD4BWP35P140HVT
       SDFCNQOPTMAD12BWP35P140HVT
       SDFCNQOPTMAD4BWP35P140HVT
       SDFCNQOPTMAD8BWP35P140HVT
       SDFCNQOPTMCD12BWP35P140HVT
       SDFCNQOPTMCD8BWP35P140HVT
       SDFCNQOPTSADD12BWP35P140HVT
       SDFCNQOPTSADD4BWP35P140HVT
       SDFCNQOPTSADD8BWP35P140HVT
       SDFCSNARD1BWP35P140HVT
       SDFCSND0BWP35P140HVT
       SDFCSND1BWP35P140HVT
       SDFCSND2BWP35P140HVT
       SDFCSND4BWP35P140HVT
       SDFCSNQD0BWP35P140HVT
       SDFCSNQD1BWP35P140HVT
       SDFCSNQD2BWP35P140HVT
       SDFCSNQD4BWP35P140HVT
       SDFD0BWP35P140HVT
       SDFD1BWP35P140HVT
       SDFD2BWP35P140HVT
       SDFD4BWP35P140HVT
       SDFKCNARD1BWP35P140HVT
       SDFKCNARD2BWP35P140HVT
       SDFKCNARD4BWP35P140HVT
       SDFKCND0BWP35P140HVT
       SDFKCND1BWP35P140HVT
       SDFKCND2BWP35P140HVT
       SDFKCND4BWP35P140HVT
       SDFKCNQARD1BWP35P140HVT
       SDFKCNQARD2BWP35P140HVT
       SDFKCNQARD4BWP35P140HVT
       SDFKCNQD0BWP35P140HVT
       SDFKCNQD1BWP35P140HVT
       SDFKCNQD2BWP35P140HVT
       SDFKCNQD4BWP35P140HVT
       SDFKCNQOPTMAD12BWP35P140HVT
       SDFKCNQOPTMAD4BWP35P140HVT
       SDFKCNQOPTMAD8BWP35P140HVT
       SDFKCSNARD1BWP35P140HVT
       SDFKCSND0BWP35P140HVT
       SDFKCSND1BWP35P140HVT
       SDFKCSND2BWP35P140HVT
       SDFKCSND4BWP35P140HVT
       SDFKCSNQD0BWP35P140HVT
       SDFKCSNQD1BWP35P140HVT
       SDFKCSNQD2BWP35P140HVT
       SDFKCSNQD4BWP35P140HVT
       SDFKSNARD1BWP35P140HVT
       SDFKSND0BWP35P140HVT
       SDFKSND1BWP35P140HVT
       SDFKSND2BWP35P140HVT
       SDFKSND4BWP35P140HVT
       SDFKSNQARD1BWP35P140HVT
       SDFKSNQD0BWP35P140HVT
       SDFKSNQD1BWP35P140HVT
       SDFKSNQD2BWP35P140HVT
       SDFKSNQD4BWP35P140HVT
       SDFMARD1BWP35P140HVT
       SDFMD0BWP35P140HVT
       SDFMD1BWP35P140HVT
       SDFMD2BWP35P140HVT
       SDFMD4BWP35P140HVT
       SDFMQARD1BWP35P140HVT
       SDFMQD0BWP35P140HVT
       SDFMQD1BWP35P140HVT
       SDFMQD2BWP35P140HVT
       SDFMQD4BWP35P140HVT
       SDFNCNARD1BWP35P140HVT
       SDFNCND0BWP35P140HVT
       SDFNCND1BWP35P140HVT
       SDFNCND2BWP35P140HVT
       SDFNCND4BWP35P140HVT
       SDFNCSNARD1BWP35P140HVT
       SDFNCSND0BWP35P140HVT
       SDFNCSND1BWP35P140HVT
       SDFNCSND2BWP35P140HVT
       SDFNCSND4BWP35P140HVT
       SDFND0BWP35P140HVT
       SDFND1BWP35P140HVT
       SDFND2BWP35P140HVT
       SDFND4BWP35P140HVT
       SDFNSND0BWP35P140HVT
       SDFNSND1BWP35P140HVT
       SDFNSND2BWP35P140HVT
       SDFNSND4BWP35P140HVT
       SDFNSYNCND1BWP35P140HVT
       SDFNSYNCND2BWP35P140HVT
       SDFNSYNCND4BWP35P140HVT
       SDFNSYNCSND1BWP35P140HVT
       SDFNSYNCSND2BWP35P140HVT
       SDFNSYNCSND4BWP35P140HVT
       SDFNSYND1BWP35P140HVT
       SDFNSYND2BWP35P140HVT
       SDFNSYND4BWP35P140HVT
       SDFNSYNSND1BWP35P140HVT
       SDFNSYNSND2BWP35P140HVT
       SDFNSYNSND4BWP35P140HVT
       SDFOPTBD1BWP35P140HVT
       SDFOPTBD2BWP35P140HVT
       SDFOPTBD4BWP35P140HVT
       SDFOPTMAD12BWP35P140HVT
       SDFOPTMAD4BWP35P140HVT
       SDFOPTMAD8BWP35P140HVT
       SDFOPTMCD12BWP35P140HVT
       SDFOPTMCD8BWP35P140HVT
       SDFOPTSADD12BWP35P140HVT
       SDFOPTSADD4BWP35P140HVT
       SDFOPTSADD8BWP35P140HVT
       SDFQD0BWP35P140HVT
       SDFQD1BWP35P140HVT
       SDFQD2BWP35P140HVT
       SDFQD4BWP35P140HVT
       SDFQNARD1BWP35P140HVT
       SDFQND0BWP35P140HVT
       SDFQND1BWP35P140HVT
       SDFQND2BWP35P140HVT
       SDFQND4BWP35P140HVT
       SDFQNOPTMAD12BWP35P140HVT
       SDFQNOPTMAD4BWP35P140HVT
       SDFQNOPTMAD8BWP35P140HVT
       SDFQNOPTSADD12BWP35P140HVT
       SDFQNOPTSADD4BWP35P140HVT
       SDFQNOPTSADD8BWP35P140HVT
       SDFQOPTBD1BWP35P140HVT
       SDFQOPTBD2BWP35P140HVT
       SDFQOPTBD4BWP35P140HVT
       SDFQOPTMAD12BWP35P140HVT
       SDFQOPTMAD4BWP35P140HVT
       SDFQOPTMAD8BWP35P140HVT
       SDFQOPTMCD12BWP35P140HVT
       SDFQOPTMCD8BWP35P140HVT
       SDFQOPTSADD12BWP35P140HVT
       SDFQOPTSADD4BWP35P140HVT
       SDFQOPTSADD8BWP35P140HVT
       SDFSND0BWP35P140HVT
       SDFSND1BWP35P140HVT
       SDFSND2BWP35P140HVT
       SDFSND4BWP35P140HVT
       SDFSNOPTMAD12BWP35P140HVT
       SDFSNOPTMAD4BWP35P140HVT
       SDFSNOPTMAD8BWP35P140HVT
       SDFSNQD0BWP35P140HVT
       SDFSNQD1BWP35P140HVT
       SDFSNQD2BWP35P140HVT
       SDFSNQD4BWP35P140HVT
       SDFSNQOPTMAD12BWP35P140HVT
       SDFSNQOPTMAD4BWP35P140HVT
       SDFSNQOPTMAD8BWP35P140HVT
       SDFSYNCND1BWP35P140HVT
       SDFSYNCND2BWP35P140HVT
       SDFSYNCND4BWP35P140HVT
       SDFSYNCNQD1BWP35P140HVT
       SDFSYNCNQD2BWP35P140HVT
       SDFSYNCNQD4BWP35P140HVT
       SDFSYNCSND1BWP35P140HVT
       SDFSYNCSND2BWP35P140HVT
       SDFSYNCSND4BWP35P140HVT
       SDFSYNCSNQD1BWP35P140HVT
       SDFSYNCSNQD2BWP35P140HVT
       SDFSYNCSNQD4BWP35P140HVT
       SDFSYND1BWP35P140HVT
       SDFSYND2BWP35P140HVT
       SDFSYND4BWP35P140HVT
       SDFSYNQD1BWP35P140HVT
       SDFSYNQD2BWP35P140HVT
       SDFSYNQD4BWP35P140HVT
       SDFSYNQND1BWP35P140HVT
       SDFSYNQND2BWP35P140HVT
       SDFSYNQND4BWP35P140HVT
       SDFSYNSND1BWP35P140HVT
       SDFSYNSND2BWP35P140HVT
       SDFSYNSND4BWP35P140HVT
       SDFSYNSNQD1BWP35P140HVT
       SDFSYNSNQD2BWP35P140HVT
       SDFSYNSNQD4BWP35P140HVT
       SEDFARD0BWP35P140HVT
       SEDFARD1BWP35P140HVT
       SEDFARD2BWP35P140HVT
       SEDFARD4BWP35P140HVT
       SEDFCNARD0BWP35P140HVT
       SEDFCNARD1BWP35P140HVT
       SEDFCND0BWP35P140HVT
       SEDFCND1BWP35P140HVT
       SEDFCND2BWP35P140HVT
       SEDFCND4BWP35P140HVT
       SEDFCNQARD0BWP35P140HVT
       SEDFCNQARD1BWP35P140HVT
       SEDFCNQD0BWP35P140HVT
       SEDFCNQD1BWP35P140HVT
       SEDFCNQD2BWP35P140HVT
       SEDFCNQD4BWP35P140HVT
       SEDFD0BWP35P140HVT
       SEDFD1BWP35P140HVT
       SEDFD2BWP35P140HVT
       SEDFD4BWP35P140HVT
       SEDFQARD0BWP35P140HVT
       SEDFQARD1BWP35P140HVT
       SEDFQARD2BWP35P140HVT
       SEDFQARD4BWP35P140HVT
       SEDFQD0BWP35P140HVT
       SEDFQD1BWP35P140HVT
       SEDFQD2BWP35P140HVT
       SEDFQD4BWP35P140HVT
       TAPCELLBWP35P140
       TIEHBWP35P140HVT
       TIELBWP35P140HVT
       XNR2D0BWP35P140HVT
       XNR2D1BWP35P140HVT
       XNR2D2BWP35P140HVT
       XNR2D4BWP35P140HVT
       XNR2OPTND2BWP35P140HVT
       XNR2OPTND4BWP35P140HVT
       XNR2OPTND6BWP35P140HVT
       XNR2OPTND8BWP35P140HVT
       XNR2UD0BWP35P140HVT
       XNR2UD1BWP35P140HVT
       XNR3D0BWP35P140HVT
       XNR3D1BWP35P140HVT
       XNR3D2BWP35P140HVT
       XNR3D4BWP35P140HVT
       XNR3UD0BWP35P140HVT
       XNR3UD1BWP35P140HVT
       XNR4D0BWP35P140HVT
       XNR4D1BWP35P140HVT
       XNR4D2BWP35P140HVT
       XNR4D4BWP35P140HVT
       XOR2D0BWP35P140HVT
       XOR2D1BWP35P140HVT
       XOR2D2BWP35P140HVT
       XOR2D4BWP35P140HVT
       XOR2OPTND2BWP35P140HVT
       XOR2OPTND4BWP35P140HVT
       XOR2OPTND6BWP35P140HVT
       XOR2OPTND8BWP35P140HVT
       XOR2UD0BWP35P140HVT
       XOR2UD1BWP35P140HVT
       XOR3D0BWP35P140HVT
       XOR3D1BWP35P140HVT
       XOR3D2BWP35P140HVT
       XOR3D4BWP35P140HVT
       XOR3UD0BWP35P140HVT
       XOR3UD1BWP35P140HVT
       XOR4D0BWP35P140HVT
       XOR4D1BWP35P140HVT
       XOR4D2BWP35P140HVT
       XOR4D4BWP35P140HVT
       ISOHID1BWP35P140HVT
       ISOHID2BWP35P140HVT
       ISOHID4BWP35P140HVT
       ISOHID8BWP35P140HVT
       ISOLOD1BWP35P140HVT
       ISOLOD2BWP35P140HVT
       ISOLOD4BWP35P140HVT
       ISOLOD8BWP35P140HVT
       ISOSRHID2BWP35P140HVT
       ISOSRHID4BWP35P140HVT
       ISOSRHID8BWP35P140HVT
       ISOSRLOD2BWP35P140HVT
       ISOSRLOD4BWP35P140HVT
       ISOSRLOD8BWP35P140HVT
       LVLHLCD1BWP35P140HVT
       LVLHLCD2BWP35P140HVT
       LVLHLCD4BWP35P140HVT
       LVLHLCD8BWP35P140HVT
       LVLHLCLOD1BWP35P140HVT
       LVLHLCLOD2BWP35P140HVT
       LVLHLCLOD4BWP35P140HVT
       LVLHLCLOD8BWP35P140HVT
       LVLHLD1BWP35P140HVT
       LVLHLD2BWP35P140HVT
       LVLHLD4BWP35P140HVT
       LVLHLD8BWP35P140HVT
       LVLLHCD1BWP35P140HVT
       LVLLHCD2BWP35P140HVT
       LVLLHCD4BWP35P140HVT
       LVLLHCD8BWP35P140HVT
       LVLLHCLOD1BWP35P140HVT
       LVLLHCLOD2BWP35P140HVT
       LVLLHCLOD4BWP35P140HVT
       LVLLHCLOD8BWP35P140HVT
       LVLLHD1BWP35P140HVT
       LVLLHD2BWP35P140HVT
       LVLLHD4BWP35P140HVT
       LVLLHD8BWP35P140HVT
       LVLSRLHCD2BWP35P140HVT
       LVLSRLHCD4BWP35P140HVT
       LVLSRLHCD8BWP35P140HVT
       LVLSRLHD2BWP35P140HVT
       LVLSRLHD4BWP35P140HVT
       LVLSRLHD8BWP35P140HVT
       handshake_pipe_backward
       interpolation
       demux
       log2
       abs
       data_select_2d
       mux
       fifo_fwft_with_update
       fifo_standard
       reg_sfifo
       reg_afifo
       rsp_irq
       rsp_s2_op_fsm
       radix2_shared_tw
       pipelined_radix2_shared_tw
       rsp_s3_op_fsm
       ahb2ahb_async_DW_ahb_h2h_bcm99
       rsp_s1_prep_ahbic_lite
       commmon_tb

Warning-[AOUP] Attempt to override undefined parameter
../src1/rsp_s1_prep_top.sv, 201
  Attempting to override undefined parameter "READ_RAM_WIDTH", will ignore it.


Warning-[AOUP] Attempt to override undefined parameter
../src1/rsp_s1_prep_top.sv, 201
  Attempting to override undefined parameter "DATA_WIDTH", will ignore it.


Warning-[AOUP] Attempt to override undefined parameter
../src1/rsp_s1_prep_top.sv, 230
  Attempting to override undefined parameter "READ_RAM_WIDTH", will ignore it.


Warning-[AOUP] Attempt to override undefined parameter
../src1/rsp_s1_prep_top.sv, 230
  Attempting to override undefined parameter "DATA_WIDTH", will ignore it.


Warning-[AOUP] Attempt to override undefined parameter
../src1/rsp_s1_prep_top.sv, 251
  Attempting to override undefined parameter "READ_RAM_WIDTH", will ignore it.


Warning-[AOUP] Attempt to override undefined parameter
../src1/rsp_s1_prep_top.sv, 251
  Attempting to override undefined parameter "DATA_WIDTH", will ignore it.


Warning-[UII-L] Interface not instantiated
/prj/chips/pvg/venus/yuyushan/jade_venus_3/vobs/cores/amba_if/src/axi_v4_wr_if.sv, 1
  Interface 'axi_v4_wr_if' defined in logic library 'work' is never 
  instantiated in design. It will be ignored.


Warning-[UII-L] Interface not instantiated
/prj/chips/pvg/venus/yuyushan/jade_venus_3/vobs/cores/amba_if/src/axi_v4_rd_if.sv, 1
  Interface 'axi_v4_rd_if' defined in logic library 'work' is never 
  instantiated in design. It will be ignored.


Warning-[UII-L] Interface not instantiated
/prj/chips/pvg/venus/yuyushan/jade_venus_3/vobs/cores/amba_if/src/axi_v4_if.sv, 1
  Interface 'axi_v4_if' defined in logic library 'work' is never instantiated 
  in design. It will be ignored.

TimeScale is 1 ps / 1 ps

Warning-[TFIPC] Too few instance port connections
/prj/chips/pvg/venus/yuyushan/jade_venus_3/vobs/ip/rsp/design/rsp_common/rsp_dsp_lib/src/radix2_shared_tw.sv, 478
inst_radix2_3mul, "radix2_3mul #(.DATA_WIDTH(DATA_WIDTH), .TWID_WIDTH(TWID_WIDTH), .PIPE_STAGE(RADIX_DELAY_3MUL)) u_radix2_3mul( .rst_n (rst_n),  .clk (clk),  .ce (1'b1),  .i_x0 (input_data_delay[((0 * DATA_WIDTH) * 2)+:(DATA_WIDTH * 2)]),  .i_x1 (input_data[((0 * DATA_WIDTH) * 2)+:(DATA_WIDTH * 2)]),  .i_w (twiddle_in),  .i_shift (i_shift),  .o_y0 (y0[((0 * DATA_WIDTH) * 2)+:(DATA_WIDTH * 2)]),  .o_y1 (y1[((0 * DATA_WIDTH) * 2)+:(DATA_WIDTH * 2)]));"
  The above instance has fewer port connections than the module definition.
  Please use '+lint=TFIPC-L' to print out detailed information of unconnected 
  ports.


Warning-[TFIPC] Too few instance port connections
/prj/chips/pvg/venus/yuyushan/jade_venus_3/vobs/ip/rsp/design/rsp_common/rsp_dsp_lib/src/radix2_shared_tw.sv, 478
inst_radix2_3mul, "radix2_3mul #(.DATA_WIDTH(DATA_WIDTH), .TWID_WIDTH(TWID_WIDTH), .PIPE_STAGE(RADIX_DELAY_3MUL)) u_radix2_3mul( .rst_n (rst_n),  .clk (clk),  .ce (1'b1),  .i_x0 (input_data_delay[((1 * DATA_WIDTH) * 2)+:(DATA_WIDTH * 2)]),  .i_x1 (input_data[((1 * DATA_WIDTH) * 2)+:(DATA_WIDTH * 2)]),  .i_w (twiddle_in),  .i_shift (i_shift),  .o_y0 (y0[((1 * DATA_WIDTH) * 2)+:(DATA_WIDTH * 2)]),  .o_y1 (y1[((1 * DATA_WIDTH) * 2)+:(DATA_WIDTH * 2)]));"
  The above instance has fewer port connections than the module definition.
  Please use '+lint=TFIPC-L' to print out detailed information of unconnected 
  ports.


Warning-[PCWM-W] Port connection width mismatch
../src1/rsp_s1_prep_estimation.sv, 360
"rsp_s1_prep_mult #(5, 40, 17, (5 + 17)) u_mult_cimag( .A (s_mul_c_imag),  .B (DCEST_SCALE),  .TC (1'b0),  .CLK (clk),  .PRODUCT ({temp_cimg_mul, mul_c_imag}));"
  The following 57-bit expression is connected to 22-bit port "PRODUCT" of 
  module "rsp_s1_prep_mult", instance "u_mult_cimag".
  Expression: {temp_cimg_mul, mul_c_imag}
  Instantiated module defined at: "../src1/rsp_s1_prep_mult.v", 14
  Use +lint=PCWM for more details.


Warning-[PCWM-W] Port connection width mismatch
../src1/rsp_s1_prep_estimation.sv, 372
"rsp_s1_prep_mult #(5, 40, 17, (5 + 17)) u_mult_creal( .A (s_mul_c_real),  .B (DCEST_SCALE),  .TC (1'b0),  .CLK (clk),  .PRODUCT ({temp_creal_mul, mul_c_real}));"
  The following 57-bit expression is connected to 22-bit port "PRODUCT" of 
  module "rsp_s1_prep_mult", instance "u_mult_creal".
  Expression: {temp_creal_mul, mul_c_real}
  Instantiated module defined at: "../src1/rsp_s1_prep_mult.v", 14
  Use +lint=PCWM for more details.


Warning-[PCWM-W] Port connection width mismatch
../src1/rsp_s1_prep_estimation.sv, 384
"rsp_s1_prep_mult #(5, 40, 17, (5 + 17)) u_mult_rreal( .A (s_mul_r[39:0]),  .B (DCEST_SCALE),  .TC (1'b0),  .CLK (clk),  .PRODUCT ({temp_mulr, mul_r}));"
  The following 57-bit expression is connected to 22-bit port "PRODUCT" of 
  module "rsp_s1_prep_mult", instance "u_mult_rreal".
  Expression: {temp_mulr, mul_r}
  Instantiated module defined at: "../src1/rsp_s1_prep_mult.v", 14
  Use +lint=PCWM for more details.


Warning-[PCWM-W] Port connection width mismatch
../src1/rsp_s1_prep_core.sv, 117
"rsp_s1_prep_read_ram #(2, L1_DATA_WIDTH, SAMPLE_WIDTH, 50, 16) u_rsp_s1_prep_read_ram( .clk (clk),  .rst_n (rst_n),  .CSR_BURST_LEN (CSR_BURST_LEN),  .CSR_EST_SMP_CNT (CSR_EST_SMP_CNT),  .CSR_EST_CHP_CNT (CSR_EST_CHP_CNT),  .CSR_EST_FRM_CNT (CSR_EST_FRM_CNT),  .CSR_RD_START_ADDR (CSR_RD_START_ADDR),  .i_start (i_start),  .i_m0_rd_data (i_m0_rd_data),  .o_m0_rd_addr (o_m0_rd_addr),  .o_m0_rd_en (o_m0_rd_en),  .o_data (rd_data),  .o_data_valid (rd_valid),  .o_data_last (rd_last));"
  The following 14-bit expression is connected to 13-bit port 
  "CSR_EST_SMP_CNT" of module "rsp_s1_prep_read_ram", instance 
  "u_rsp_s1_prep_read_ram".
  Expression: CSR_EST_SMP_CNT
  Instantiated module defined at: "../src1/rsp_s1_prep_read_ram.sv", 24
  Use +lint=PCWM for more details.


Warning-[PCWM-W] Port connection width mismatch
../src1/rsp_s1_prep_core.sv, 117
"rsp_s1_prep_read_ram #(2, L1_DATA_WIDTH, SAMPLE_WIDTH, 50, 16) u_rsp_s1_prep_read_ram( .clk (clk),  .rst_n (rst_n),  .CSR_BURST_LEN (CSR_BURST_LEN),  .CSR_EST_SMP_CNT (CSR_EST_SMP_CNT),  .CSR_EST_CHP_CNT (CSR_EST_CHP_CNT),  .CSR_EST_FRM_CNT (CSR_EST_FRM_CNT),  .CSR_RD_START_ADDR (CSR_RD_START_ADDR),  .i_start (i_start),  .i_m0_rd_data (i_m0_rd_data),  .o_m0_rd_addr (o_m0_rd_addr),  .o_m0_rd_en (o_m0_rd_en),  .o_data (rd_data),  .o_data_valid (rd_valid),  .o_data_last (rd_last));"
  The following 10-bit expression is connected to 9-bit port "CSR_EST_CHP_CNT"
  of module "rsp_s1_prep_read_ram", instance "u_rsp_s1_prep_read_ram".
  Expression: CSR_EST_CHP_CNT
  Instantiated module defined at: "../src1/rsp_s1_prep_read_ram.sv", 24
  Use +lint=PCWM for more details.


Warning-[PCWM-W] Port connection width mismatch
../src1/rsp_s1_prep_core.sv, 117
"rsp_s1_prep_read_ram #(2, L1_DATA_WIDTH, SAMPLE_WIDTH, 50, 16) u_rsp_s1_prep_read_ram( .clk (clk),  .rst_n (rst_n),  .CSR_BURST_LEN (CSR_BURST_LEN),  .CSR_EST_SMP_CNT (CSR_EST_SMP_CNT),  .CSR_EST_CHP_CNT (CSR_EST_CHP_CNT),  .CSR_EST_FRM_CNT (CSR_EST_FRM_CNT),  .CSR_RD_START_ADDR (CSR_RD_START_ADDR),  .i_start (i_start),  .i_m0_rd_data (i_m0_rd_data),  .o_m0_rd_addr (o_m0_rd_addr),  .o_m0_rd_en (o_m0_rd_en),  .o_data (rd_data),  .o_data_valid (rd_valid),  .o_data_last (rd_last));"
  The following 4-bit expression is connected to 3-bit port "CSR_EST_FRM_CNT" 
  of module "rsp_s1_prep_read_ram", instance "u_rsp_s1_prep_read_ram".
  Expression: CSR_EST_FRM_CNT
  Instantiated module defined at: "../src1/rsp_s1_prep_read_ram.sv", 24
  Use +lint=PCWM for more details.


Warning-[PCWM-W] Port connection width mismatch
../src1/rsp_s1_prep_core.sv, 117
"rsp_s1_prep_read_ram #(2, L1_DATA_WIDTH, SAMPLE_WIDTH, 50, 16) u_rsp_s1_prep_read_ram( .clk (clk),  .rst_n (rst_n),  .CSR_BURST_LEN (CSR_BURST_LEN),  .CSR_EST_SMP_CNT (CSR_EST_SMP_CNT),  .CSR_EST_CHP_CNT (CSR_EST_CHP_CNT),  .CSR_EST_FRM_CNT (CSR_EST_FRM_CNT),  .CSR_RD_START_ADDR (CSR_RD_START_ADDR),  .i_start (i_start),  .i_m0_rd_data (i_m0_rd_data),  .o_m0_rd_addr (o_m0_rd_addr),  .o_m0_rd_en (o_m0_rd_en),  .o_data (rd_data),  .o_data_valid (rd_valid),  .o_data_last (rd_last));"
  The following 18-bit expression is connected to 19-bit port 
  "CSR_RD_START_ADDR" of module "rsp_s1_prep_read_ram", instance 
  "u_rsp_s1_prep_read_ram".
  Expression: CSR_RD_START_ADDR
  Instantiated module defined at: "../src1/rsp_s1_prep_read_ram.sv", 24
  Use +lint=PCWM for more details.


Warning-[PCWM-W] Port connection width mismatch
../src1/rsp_s1_prep_core.sv, 141
"rsp_s1_prep_write_ram #(1, L1_DATA_WIDTH, SAMPLE_WIDTH, 16, ) u_rsp_s1_prep_write_ram( .clk (clk),  .rst_n (rst_n),  .CSR_BURST_LEN (CSR_BURST_LEN),  .CSR_WR_START_ADDR (CSR_WR_START_ADDR),  .CSR_EST_SMP_CNT (CSR_EST_SMP_CNT),  .CSR_EST_CHP_CNT (CSR_EST_CHP_CNT),  .CSR_EST_FRM_CNT (CSR_EST_FRM_CNT),  .i_data (wr_data),  .i_data_valid (wr_valid),  .o_m1_wr_data (o_m1_wr_data),  .o_m1_wr_addr (o_m1_wr_addr),  .o_m1_wr_en (o_m1_wr_en),  .o_m1_wr_wea (o_m1_wr_wea),  .o_finish (o_finish));"
  The following 14-bit expression is connected to 13-bit port 
  "CSR_EST_SMP_CNT" of module "rsp_s1_prep_write_ram", instance 
  "u_rsp_s1_prep_write_ram".
  Expression: CSR_EST_SMP_CNT
  Instantiated module defined at: "../src1/rsp_s1_prep_write_ram.sv", 24
  Use +lint=PCWM for more details.


Warning-[PCWM-W] Port connection width mismatch
../src1/rsp_s1_prep_core.sv, 141
"rsp_s1_prep_write_ram #(1, L1_DATA_WIDTH, SAMPLE_WIDTH, 16, ) u_rsp_s1_prep_write_ram( .clk (clk),  .rst_n (rst_n),  .CSR_BURST_LEN (CSR_BURST_LEN),  .CSR_WR_START_ADDR (CSR_WR_START_ADDR),  .CSR_EST_SMP_CNT (CSR_EST_SMP_CNT),  .CSR_EST_CHP_CNT (CSR_EST_CHP_CNT),  .CSR_EST_FRM_CNT (CSR_EST_FRM_CNT),  .i_data (wr_data),  .i_data_valid (wr_valid),  .o_m1_wr_data (o_m1_wr_data),  .o_m1_wr_addr (o_m1_wr_addr),  .o_m1_wr_en (o_m1_wr_en),  .o_m1_wr_wea (o_m1_wr_wea),  .o_finish (o_finish));"
  The following 10-bit expression is connected to 9-bit port "CSR_EST_CHP_CNT"
  of module "rsp_s1_prep_write_ram", instance "u_rsp_s1_prep_write_ram".
  Expression: CSR_EST_CHP_CNT
  Instantiated module defined at: "../src1/rsp_s1_prep_write_ram.sv", 24
  Use +lint=PCWM for more details.


Warning-[PCWM-W] Port connection width mismatch
../src1/rsp_s1_prep_core.sv, 141
"rsp_s1_prep_write_ram #(1, L1_DATA_WIDTH, SAMPLE_WIDTH, 16, ) u_rsp_s1_prep_write_ram( .clk (clk),  .rst_n (rst_n),  .CSR_BURST_LEN (CSR_BURST_LEN),  .CSR_WR_START_ADDR (CSR_WR_START_ADDR),  .CSR_EST_SMP_CNT (CSR_EST_SMP_CNT),  .CSR_EST_CHP_CNT (CSR_EST_CHP_CNT),  .CSR_EST_FRM_CNT (CSR_EST_FRM_CNT),  .i_data (wr_data),  .i_data_valid (wr_valid),  .o_m1_wr_data (o_m1_wr_data),  .o_m1_wr_addr (o_m1_wr_addr),  .o_m1_wr_en (o_m1_wr_en),  .o_m1_wr_wea (o_m1_wr_wea),  .o_finish (o_finish));"
  The following 4-bit expression is connected to 3-bit port "CSR_EST_FRM_CNT" 
  of module "rsp_s1_prep_write_ram", instance "u_rsp_s1_prep_write_ram".
  Expression: CSR_EST_FRM_CNT
  Instantiated module defined at: "../src1/rsp_s1_prep_write_ram.sv", 24
  Use +lint=PCWM for more details.


Warning-[PCWM-W] Port connection width mismatch
../src1/rsp_s1_prep_core.sv, 180
"rsp_s1_prep_top #(L1_DATA_WIDTH, SAMPLE_WIDTH, , SMP_CNT, CHP_CNT, FRM_CNT, TWIDDLE_ADDR, TWIDDLE_WIDTH, ENTRY_ADDR, ENTRY_WIDTH, 4, 1) u_rsp_s1_prep_top( .rst_n (rst_n),  .clk (clk),  .hrst_n (hrst_n),  .hclk (hclk),  .i_start (i_start),  .i_sel_16_32 (CSR_SEL_DATA_FORMATTRT[1]),  .i_is_real (CSR_SEL_DATA_FORMATTRT[0]),  .DC_DCEST_SMP_CNT (CSR_EST_SMP_CNT),  .DC_DCEST_CHP_CNT (CSR_EST_CHP_CNT),  .DC_DCEST_FRM_CNT (CSR_EST_FRM_CNT),  .DC_DCEST_SCALE (CSR_DC_EST_SCALE),  .DC_config_mode (CSR_DC_CFG_MODE),  .i_dc_u (CSR_DC_U),  .o_dc_u (o_dc_u),  .INTF_DCEST_SMP_CNT (CSR_EST_SMP_CNT),  .INTF_DCEST_CHP_CNT (CSR_EST_CHP_CNT),  .INTF_DCEST_FRM_CNT (CSR_EST_FRM_CNT),  .INTF_DCEST_SCALE (CSR_INTF_EST_SCALE),  .INTF_config_mode (CSR_INTF_CFG_MODE),  .i_intf_cmp ... "
  The following 14-bit expression is connected to 13-bit port 
  "DC_DCEST_SMP_CNT" of module "rsp_s1_prep_top", instance 
  "u_rsp_s1_prep_top".
  Expression: CSR_EST_SMP_CNT
  Instantiated module defined at: "../src1/rsp_s1_prep_top.sv", 18
  Use +lint=PCWM for more details.


Warning-[PCWM-W] Port connection width mismatch
../src1/rsp_s1_prep_core.sv, 180
"rsp_s1_prep_top #(L1_DATA_WIDTH, SAMPLE_WIDTH, , SMP_CNT, CHP_CNT, FRM_CNT, TWIDDLE_ADDR, TWIDDLE_WIDTH, ENTRY_ADDR, ENTRY_WIDTH, 4, 1) u_rsp_s1_prep_top( .rst_n (rst_n),  .clk (clk),  .hrst_n (hrst_n),  .hclk (hclk),  .i_start (i_start),  .i_sel_16_32 (CSR_SEL_DATA_FORMATTRT[1]),  .i_is_real (CSR_SEL_DATA_FORMATTRT[0]),  .DC_DCEST_SMP_CNT (CSR_EST_SMP_CNT),  .DC_DCEST_CHP_CNT (CSR_EST_CHP_CNT),  .DC_DCEST_FRM_CNT (CSR_EST_FRM_CNT),  .DC_DCEST_SCALE (CSR_DC_EST_SCALE),  .DC_config_mode (CSR_DC_CFG_MODE),  .i_dc_u (CSR_DC_U),  .o_dc_u (o_dc_u),  .INTF_DCEST_SMP_CNT (CSR_EST_SMP_CNT),  .INTF_DCEST_CHP_CNT (CSR_EST_CHP_CNT),  .INTF_DCEST_FRM_CNT (CSR_EST_FRM_CNT),  .INTF_DCEST_SCALE (CSR_INTF_EST_SCALE),  .INTF_config_mode (CSR_INTF_CFG_MODE),  .i_intf_cmp ... "
  The following 10-bit expression is connected to 9-bit port 
  "DC_DCEST_CHP_CNT" of module "rsp_s1_prep_top", instance 
  "u_rsp_s1_prep_top".
  Expression: CSR_EST_CHP_CNT
  Instantiated module defined at: "../src1/rsp_s1_prep_top.sv", 18
  Use +lint=PCWM for more details.


Warning-[PCWM-W] Port connection width mismatch
../src1/rsp_s1_prep_core.sv, 180
"rsp_s1_prep_top #(L1_DATA_WIDTH, SAMPLE_WIDTH, , SMP_CNT, CHP_CNT, FRM_CNT, TWIDDLE_ADDR, TWIDDLE_WIDTH, ENTRY_ADDR, ENTRY_WIDTH, 4, 1) u_rsp_s1_prep_top( .rst_n (rst_n),  .clk (clk),  .hrst_n (hrst_n),  .hclk (hclk),  .i_start (i_start),  .i_sel_16_32 (CSR_SEL_DATA_FORMATTRT[1]),  .i_is_real (CSR_SEL_DATA_FORMATTRT[0]),  .DC_DCEST_SMP_CNT (CSR_EST_SMP_CNT),  .DC_DCEST_CHP_CNT (CSR_EST_CHP_CNT),  .DC_DCEST_FRM_CNT (CSR_EST_FRM_CNT),  .DC_DCEST_SCALE (CSR_DC_EST_SCALE),  .DC_config_mode (CSR_DC_CFG_MODE),  .i_dc_u (CSR_DC_U),  .o_dc_u (o_dc_u),  .INTF_DCEST_SMP_CNT (CSR_EST_SMP_CNT),  .INTF_DCEST_CHP_CNT (CSR_EST_CHP_CNT),  .INTF_DCEST_FRM_CNT (CSR_EST_FRM_CNT),  .INTF_DCEST_SCALE (CSR_INTF_EST_SCALE),  .INTF_config_mode (CSR_INTF_CFG_MODE),  .i_intf_cmp ... "
  The following 4-bit expression is connected to 3-bit port "DC_DCEST_FRM_CNT"
  of module "rsp_s1_prep_top", instance "u_rsp_s1_prep_top".
  Expression: CSR_EST_FRM_CNT
  Instantiated module defined at: "../src1/rsp_s1_prep_top.sv", 18
  Use +lint=PCWM for more details.


Warning-[PCWM-W] Port connection width mismatch
../src1/rsp_s1_prep_core.sv, 180
"rsp_s1_prep_top #(L1_DATA_WIDTH, SAMPLE_WIDTH, , SMP_CNT, CHP_CNT, FRM_CNT, TWIDDLE_ADDR, TWIDDLE_WIDTH, ENTRY_ADDR, ENTRY_WIDTH, 4, 1) u_rsp_s1_prep_top( .rst_n (rst_n),  .clk (clk),  .hrst_n (hrst_n),  .hclk (hclk),  .i_start (i_start),  .i_sel_16_32 (CSR_SEL_DATA_FORMATTRT[1]),  .i_is_real (CSR_SEL_DATA_FORMATTRT[0]),  .DC_DCEST_SMP_CNT (CSR_EST_SMP_CNT),  .DC_DCEST_CHP_CNT (CSR_EST_CHP_CNT),  .DC_DCEST_FRM_CNT (CSR_EST_FRM_CNT),  .DC_DCEST_SCALE (CSR_DC_EST_SCALE),  .DC_config_mode (CSR_DC_CFG_MODE),  .i_dc_u (CSR_DC_U),  .o_dc_u (o_dc_u),  .INTF_DCEST_SMP_CNT (CSR_EST_SMP_CNT),  .INTF_DCEST_CHP_CNT (CSR_EST_CHP_CNT),  .INTF_DCEST_FRM_CNT (CSR_EST_FRM_CNT),  .INTF_DCEST_SCALE (CSR_INTF_EST_SCALE),  .INTF_config_mode (CSR_INTF_CFG_MODE),  .i_intf_cmp ... "
  The following 14-bit expression is connected to 13-bit port 
  "INTF_DCEST_SMP_CNT" of module "rsp_s1_prep_top", instance 
  "u_rsp_s1_prep_top".
  Expression: CSR_EST_SMP_CNT
  Instantiated module defined at: "../src1/rsp_s1_prep_top.sv", 18
  Use +lint=PCWM for more details.


Warning-[PCWM-W] Port connection width mismatch
../src1/rsp_s1_prep_core.sv, 180
"rsp_s1_prep_top #(L1_DATA_WIDTH, SAMPLE_WIDTH, , SMP_CNT, CHP_CNT, FRM_CNT, TWIDDLE_ADDR, TWIDDLE_WIDTH, ENTRY_ADDR, ENTRY_WIDTH, 4, 1) u_rsp_s1_prep_top( .rst_n (rst_n),  .clk (clk),  .hrst_n (hrst_n),  .hclk (hclk),  .i_start (i_start),  .i_sel_16_32 (CSR_SEL_DATA_FORMATTRT[1]),  .i_is_real (CSR_SEL_DATA_FORMATTRT[0]),  .DC_DCEST_SMP_CNT (CSR_EST_SMP_CNT),  .DC_DCEST_CHP_CNT (CSR_EST_CHP_CNT),  .DC_DCEST_FRM_CNT (CSR_EST_FRM_CNT),  .DC_DCEST_SCALE (CSR_DC_EST_SCALE),  .DC_config_mode (CSR_DC_CFG_MODE),  .i_dc_u (CSR_DC_U),  .o_dc_u (o_dc_u),  .INTF_DCEST_SMP_CNT (CSR_EST_SMP_CNT),  .INTF_DCEST_CHP_CNT (CSR_EST_CHP_CNT),  .INTF_DCEST_FRM_CNT (CSR_EST_FRM_CNT),  .INTF_DCEST_SCALE (CSR_INTF_EST_SCALE),  .INTF_config_mode (CSR_INTF_CFG_MODE),  .i_intf_cmp ... "
  The following 10-bit expression is connected to 9-bit port 
  "INTF_DCEST_CHP_CNT" of module "rsp_s1_prep_top", instance 
  "u_rsp_s1_prep_top".
  Expression: CSR_EST_CHP_CNT
  Instantiated module defined at: "../src1/rsp_s1_prep_top.sv", 18
  Use +lint=PCWM for more details.


Warning-[PCWM-W] Port connection width mismatch
../src1/rsp_s1_prep_core.sv, 180
"rsp_s1_prep_top #(L1_DATA_WIDTH, SAMPLE_WIDTH, , SMP_CNT, CHP_CNT, FRM_CNT, TWIDDLE_ADDR, TWIDDLE_WIDTH, ENTRY_ADDR, ENTRY_WIDTH, 4, 1) u_rsp_s1_prep_top( .rst_n (rst_n),  .clk (clk),  .hrst_n (hrst_n),  .hclk (hclk),  .i_start (i_start),  .i_sel_16_32 (CSR_SEL_DATA_FORMATTRT[1]),  .i_is_real (CSR_SEL_DATA_FORMATTRT[0]),  .DC_DCEST_SMP_CNT (CSR_EST_SMP_CNT),  .DC_DCEST_CHP_CNT (CSR_EST_CHP_CNT),  .DC_DCEST_FRM_CNT (CSR_EST_FRM_CNT),  .DC_DCEST_SCALE (CSR_DC_EST_SCALE),  .DC_config_mode (CSR_DC_CFG_MODE),  .i_dc_u (CSR_DC_U),  .o_dc_u (o_dc_u),  .INTF_DCEST_SMP_CNT (CSR_EST_SMP_CNT),  .INTF_DCEST_CHP_CNT (CSR_EST_CHP_CNT),  .INTF_DCEST_FRM_CNT (CSR_EST_FRM_CNT),  .INTF_DCEST_SCALE (CSR_INTF_EST_SCALE),  .INTF_config_mode (CSR_INTF_CFG_MODE),  .i_intf_cmp ... "
  The following 4-bit expression is connected to 3-bit port 
  "INTF_DCEST_FRM_CNT" of module "rsp_s1_prep_top", instance 
  "u_rsp_s1_prep_top".
  Expression: CSR_EST_FRM_CNT
  Instantiated module defined at: "../src1/rsp_s1_prep_top.sv", 18
  Use +lint=PCWM for more details.


Warning-[PCWM-W] Port connection width mismatch
../src1/rsp_s1_prep_core.sv, 180
"rsp_s1_prep_top #(L1_DATA_WIDTH, SAMPLE_WIDTH, , SMP_CNT, CHP_CNT, FRM_CNT, TWIDDLE_ADDR, TWIDDLE_WIDTH, ENTRY_ADDR, ENTRY_WIDTH, 4, 1) u_rsp_s1_prep_top( .rst_n (rst_n),  .clk (clk),  .hrst_n (hrst_n),  .hclk (hclk),  .i_start (i_start),  .i_sel_16_32 (CSR_SEL_DATA_FORMATTRT[1]),  .i_is_real (CSR_SEL_DATA_FORMATTRT[0]),  .DC_DCEST_SMP_CNT (CSR_EST_SMP_CNT),  .DC_DCEST_CHP_CNT (CSR_EST_CHP_CNT),  .DC_DCEST_FRM_CNT (CSR_EST_FRM_CNT),  .DC_DCEST_SCALE (CSR_DC_EST_SCALE),  .DC_config_mode (CSR_DC_CFG_MODE),  .i_dc_u (CSR_DC_U),  .o_dc_u (o_dc_u),  .INTF_DCEST_SMP_CNT (CSR_EST_SMP_CNT),  .INTF_DCEST_CHP_CNT (CSR_EST_CHP_CNT),  .INTF_DCEST_FRM_CNT (CSR_EST_FRM_CNT),  .INTF_DCEST_SCALE (CSR_INTF_EST_SCALE),  .INTF_config_mode (CSR_INTF_CFG_MODE),  .i_intf_cmp ... "
  The following 32-bit expression is connected to 64-bit port "i_phase_w" of 
  module "rsp_s1_prep_top", instance "u_rsp_s1_prep_top".
  Expression: CSR_PHASE_W
  Instantiated module defined at: "../src1/rsp_s1_prep_top.sv", 18
  Use +lint=PCWM for more details.


Warning-[PCWM-W] Port connection width mismatch
../src1/rsp_s1_prep_core.sv, 180
"rsp_s1_prep_top #(L1_DATA_WIDTH, SAMPLE_WIDTH, , SMP_CNT, CHP_CNT, FRM_CNT, TWIDDLE_ADDR, TWIDDLE_WIDTH, ENTRY_ADDR, ENTRY_WIDTH, 4, 1) u_rsp_s1_prep_top( .rst_n (rst_n),  .clk (clk),  .hrst_n (hrst_n),  .hclk (hclk),  .i_start (i_start),  .i_sel_16_32 (CSR_SEL_DATA_FORMATTRT[1]),  .i_is_real (CSR_SEL_DATA_FORMATTRT[0]),  .DC_DCEST_SMP_CNT (CSR_EST_SMP_CNT),  .DC_DCEST_CHP_CNT (CSR_EST_CHP_CNT),  .DC_DCEST_FRM_CNT (CSR_EST_FRM_CNT),  .DC_DCEST_SCALE (CSR_DC_EST_SCALE),  .DC_config_mode (CSR_DC_CFG_MODE),  .i_dc_u (CSR_DC_U),  .o_dc_u (o_dc_u),  .INTF_DCEST_SMP_CNT (CSR_EST_SMP_CNT),  .INTF_DCEST_CHP_CNT (CSR_EST_CHP_CNT),  .INTF_DCEST_FRM_CNT (CSR_EST_FRM_CNT),  .INTF_DCEST_SCALE (CSR_INTF_EST_SCALE),  .INTF_config_mode (CSR_INTF_CFG_MODE),  .i_intf_cmp ... "
  The following 6-bit expression is connected to 5-bit port 
  "i_phase_entry_select" of module "rsp_s1_prep_top", instance 
  "u_rsp_s1_prep_top".
  Expression: CSR_PHASE_ENTRY_SEL
  Instantiated module defined at: "../src1/rsp_s1_prep_top.sv", 18
  Use +lint=PCWM for more details.


Warning-[PCWM-W] Port connection width mismatch
../src1/rsp_s1_prep_core.sv, 180
"rsp_s1_prep_top #(L1_DATA_WIDTH, SAMPLE_WIDTH, , SMP_CNT, CHP_CNT, FRM_CNT, TWIDDLE_ADDR, TWIDDLE_WIDTH, ENTRY_ADDR, ENTRY_WIDTH, 4, 1) u_rsp_s1_prep_top( .rst_n (rst_n),  .clk (clk),  .hrst_n (hrst_n),  .hclk (hclk),  .i_start (i_start),  .i_sel_16_32 (CSR_SEL_DATA_FORMATTRT[1]),  .i_is_real (CSR_SEL_DATA_FORMATTRT[0]),  .DC_DCEST_SMP_CNT (CSR_EST_SMP_CNT),  .DC_DCEST_CHP_CNT (CSR_EST_CHP_CNT),  .DC_DCEST_FRM_CNT (CSR_EST_FRM_CNT),  .DC_DCEST_SCALE (CSR_DC_EST_SCALE),  .DC_config_mode (CSR_DC_CFG_MODE),  .i_dc_u (CSR_DC_U),  .o_dc_u (o_dc_u),  .INTF_DCEST_SMP_CNT (CSR_EST_SMP_CNT),  .INTF_DCEST_CHP_CNT (CSR_EST_CHP_CNT),  .INTF_DCEST_FRM_CNT (CSR_EST_FRM_CNT),  .INTF_DCEST_SCALE (CSR_INTF_EST_SCALE),  .INTF_config_mode (CSR_INTF_CFG_MODE),  .i_intf_cmp ... "
  The following 32-bit expression is connected to 64-bit port "i_phase_coe" of
  module "rsp_s1_prep_top", instance "u_rsp_s1_prep_top".
  Expression: CSR_PHASE_COE
  Instantiated module defined at: "../src1/rsp_s1_prep_top.sv", 18
  Use +lint=PCWM for more details.


Warning-[PCWM-W] Port connection width mismatch
../src1/rsp_s1_prep_core.sv, 180
"rsp_s1_prep_top #(L1_DATA_WIDTH, SAMPLE_WIDTH, , SMP_CNT, CHP_CNT, FRM_CNT, TWIDDLE_ADDR, TWIDDLE_WIDTH, ENTRY_ADDR, ENTRY_WIDTH, 4, 1) u_rsp_s1_prep_top( .rst_n (rst_n),  .clk (clk),  .hrst_n (hrst_n),  .hclk (hclk),  .i_start (i_start),  .i_sel_16_32 (CSR_SEL_DATA_FORMATTRT[1]),  .i_is_real (CSR_SEL_DATA_FORMATTRT[0]),  .DC_DCEST_SMP_CNT (CSR_EST_SMP_CNT),  .DC_DCEST_CHP_CNT (CSR_EST_CHP_CNT),  .DC_DCEST_FRM_CNT (CSR_EST_FRM_CNT),  .DC_DCEST_SCALE (CSR_DC_EST_SCALE),  .DC_config_mode (CSR_DC_CFG_MODE),  .i_dc_u (CSR_DC_U),  .o_dc_u (o_dc_u),  .INTF_DCEST_SMP_CNT (CSR_EST_SMP_CNT),  .INTF_DCEST_CHP_CNT (CSR_EST_CHP_CNT),  .INTF_DCEST_FRM_CNT (CSR_EST_FRM_CNT),  .INTF_DCEST_SCALE (CSR_INTF_EST_SCALE),  .INTF_config_mode (CSR_INTF_CFG_MODE),  .i_intf_cmp ... "
  The following 9-bit expression is connected to 11-bit port 
  "i_phase_ram0_addra" of module "rsp_s1_prep_top", instance 
  "u_rsp_s1_prep_top".
  Expression: i_phase_ram0_addra
  Instantiated module defined at: "../src1/rsp_s1_prep_top.sv", 18
  Use +lint=PCWM for more details.


Warning-[PCWM-W] Port connection width mismatch
../src1/rsp_s1_prep_core.sv, 180
"rsp_s1_prep_top #(L1_DATA_WIDTH, SAMPLE_WIDTH, , SMP_CNT, CHP_CNT, FRM_CNT, TWIDDLE_ADDR, TWIDDLE_WIDTH, ENTRY_ADDR, ENTRY_WIDTH, 4, 1) u_rsp_s1_prep_top( .rst_n (rst_n),  .clk (clk),  .hrst_n (hrst_n),  .hclk (hclk),  .i_start (i_start),  .i_sel_16_32 (CSR_SEL_DATA_FORMATTRT[1]),  .i_is_real (CSR_SEL_DATA_FORMATTRT[0]),  .DC_DCEST_SMP_CNT (CSR_EST_SMP_CNT),  .DC_DCEST_CHP_CNT (CSR_EST_CHP_CNT),  .DC_DCEST_FRM_CNT (CSR_EST_FRM_CNT),  .DC_DCEST_SCALE (CSR_DC_EST_SCALE),  .DC_config_mode (CSR_DC_CFG_MODE),  .i_dc_u (CSR_DC_U),  .o_dc_u (o_dc_u),  .INTF_DCEST_SMP_CNT (CSR_EST_SMP_CNT),  .INTF_DCEST_CHP_CNT (CSR_EST_CHP_CNT),  .INTF_DCEST_FRM_CNT (CSR_EST_FRM_CNT),  .INTF_DCEST_SCALE (CSR_INTF_EST_SCALE),  .INTF_config_mode (CSR_INTF_CFG_MODE),  .i_intf_cmp ... "
  The following 65-bit expression is connected to 64-bit port 
  "i_phase_ram0_dina" of module "rsp_s1_prep_top", instance 
  "u_rsp_s1_prep_top".
  Expression: i_phase_ram0_dina
  Instantiated module defined at: "../src1/rsp_s1_prep_top.sv", 18
  Use +lint=PCWM for more details.


Warning-[PCWM-W] Port connection width mismatch
../src1/rsp_s1_prep_core.sv, 180
"rsp_s1_prep_top #(L1_DATA_WIDTH, SAMPLE_WIDTH, , SMP_CNT, CHP_CNT, FRM_CNT, TWIDDLE_ADDR, TWIDDLE_WIDTH, ENTRY_ADDR, ENTRY_WIDTH, 4, 1) u_rsp_s1_prep_top( .rst_n (rst_n),  .clk (clk),  .hrst_n (hrst_n),  .hclk (hclk),  .i_start (i_start),  .i_sel_16_32 (CSR_SEL_DATA_FORMATTRT[1]),  .i_is_real (CSR_SEL_DATA_FORMATTRT[0]),  .DC_DCEST_SMP_CNT (CSR_EST_SMP_CNT),  .DC_DCEST_CHP_CNT (CSR_EST_CHP_CNT),  .DC_DCEST_FRM_CNT (CSR_EST_FRM_CNT),  .DC_DCEST_SCALE (CSR_DC_EST_SCALE),  .DC_config_mode (CSR_DC_CFG_MODE),  .i_dc_u (CSR_DC_U),  .o_dc_u (o_dc_u),  .INTF_DCEST_SMP_CNT (CSR_EST_SMP_CNT),  .INTF_DCEST_CHP_CNT (CSR_EST_CHP_CNT),  .INTF_DCEST_FRM_CNT (CSR_EST_FRM_CNT),  .INTF_DCEST_SCALE (CSR_INTF_EST_SCALE),  .INTF_config_mode (CSR_INTF_CFG_MODE),  .i_intf_cmp ... "
  The following 65-bit expression is connected to 64-bit port 
  "o_phase_ram0_douta" of module "rsp_s1_prep_top", instance 
  "u_rsp_s1_prep_top".
  Expression: o_phase_ram0_douta
  Instantiated module defined at: "../src1/rsp_s1_prep_top.sv", 18
  Use +lint=PCWM for more details.


Warning-[PCWM-W] Port connection width mismatch
../src1/rsp_s1_prep_core.sv, 180
"rsp_s1_prep_top #(L1_DATA_WIDTH, SAMPLE_WIDTH, , SMP_CNT, CHP_CNT, FRM_CNT, TWIDDLE_ADDR, TWIDDLE_WIDTH, ENTRY_ADDR, ENTRY_WIDTH, 4, 1) u_rsp_s1_prep_top( .rst_n (rst_n),  .clk (clk),  .hrst_n (hrst_n),  .hclk (hclk),  .i_start (i_start),  .i_sel_16_32 (CSR_SEL_DATA_FORMATTRT[1]),  .i_is_real (CSR_SEL_DATA_FORMATTRT[0]),  .DC_DCEST_SMP_CNT (CSR_EST_SMP_CNT),  .DC_DCEST_CHP_CNT (CSR_EST_CHP_CNT),  .DC_DCEST_FRM_CNT (CSR_EST_FRM_CNT),  .DC_DCEST_SCALE (CSR_DC_EST_SCALE),  .DC_config_mode (CSR_DC_CFG_MODE),  .i_dc_u (CSR_DC_U),  .o_dc_u (o_dc_u),  .INTF_DCEST_SMP_CNT (CSR_EST_SMP_CNT),  .INTF_DCEST_CHP_CNT (CSR_EST_CHP_CNT),  .INTF_DCEST_FRM_CNT (CSR_EST_FRM_CNT),  .INTF_DCEST_SCALE (CSR_INTF_EST_SCALE),  .INTF_config_mode (CSR_INTF_CFG_MODE),  .i_intf_cmp ... "
  The following 6-bit expression is connected to 5-bit port 
  "i_phase_ram1_addra" of module "rsp_s1_prep_top", instance 
  "u_rsp_s1_prep_top".
  Expression: i_phase_ram1_addra
  Instantiated module defined at: "../src1/rsp_s1_prep_top.sv", 18
  Use +lint=PCWM for more details.


Warning-[PCWM-W] Port connection width mismatch
../src1/rsp_s1_prep_core.sv, 180
"rsp_s1_prep_top #(L1_DATA_WIDTH, SAMPLE_WIDTH, , SMP_CNT, CHP_CNT, FRM_CNT, TWIDDLE_ADDR, TWIDDLE_WIDTH, ENTRY_ADDR, ENTRY_WIDTH, 4, 1) u_rsp_s1_prep_top( .rst_n (rst_n),  .clk (clk),  .hrst_n (hrst_n),  .hclk (hclk),  .i_start (i_start),  .i_sel_16_32 (CSR_SEL_DATA_FORMATTRT[1]),  .i_is_real (CSR_SEL_DATA_FORMATTRT[0]),  .DC_DCEST_SMP_CNT (CSR_EST_SMP_CNT),  .DC_DCEST_CHP_CNT (CSR_EST_CHP_CNT),  .DC_DCEST_FRM_CNT (CSR_EST_FRM_CNT),  .DC_DCEST_SCALE (CSR_DC_EST_SCALE),  .DC_config_mode (CSR_DC_CFG_MODE),  .i_dc_u (CSR_DC_U),  .o_dc_u (o_dc_u),  .INTF_DCEST_SMP_CNT (CSR_EST_SMP_CNT),  .INTF_DCEST_CHP_CNT (CSR_EST_CHP_CNT),  .INTF_DCEST_FRM_CNT (CSR_EST_FRM_CNT),  .INTF_DCEST_SCALE (CSR_INTF_EST_SCALE),  .INTF_config_mode (CSR_INTF_CFG_MODE),  .i_intf_cmp ... "
  The following 33-bit expression is connected to 32-bit port 
  "i_phase_ram1_dina" of module "rsp_s1_prep_top", instance 
  "u_rsp_s1_prep_top".
  Expression: i_phase_ram1_dina
  Instantiated module defined at: "../src1/rsp_s1_prep_top.sv", 18
  Use +lint=PCWM for more details.


Warning-[PCWM-W] Port connection width mismatch
../src1/rsp_s1_prep_core.sv, 180
"rsp_s1_prep_top #(L1_DATA_WIDTH, SAMPLE_WIDTH, , SMP_CNT, CHP_CNT, FRM_CNT, TWIDDLE_ADDR, TWIDDLE_WIDTH, ENTRY_ADDR, ENTRY_WIDTH, 4, 1) u_rsp_s1_prep_top( .rst_n (rst_n),  .clk (clk),  .hrst_n (hrst_n),  .hclk (hclk),  .i_start (i_start),  .i_sel_16_32 (CSR_SEL_DATA_FORMATTRT[1]),  .i_is_real (CSR_SEL_DATA_FORMATTRT[0]),  .DC_DCEST_SMP_CNT (CSR_EST_SMP_CNT),  .DC_DCEST_CHP_CNT (CSR_EST_CHP_CNT),  .DC_DCEST_FRM_CNT (CSR_EST_FRM_CNT),  .DC_DCEST_SCALE (CSR_DC_EST_SCALE),  .DC_config_mode (CSR_DC_CFG_MODE),  .i_dc_u (CSR_DC_U),  .o_dc_u (o_dc_u),  .INTF_DCEST_SMP_CNT (CSR_EST_SMP_CNT),  .INTF_DCEST_CHP_CNT (CSR_EST_CHP_CNT),  .INTF_DCEST_FRM_CNT (CSR_EST_FRM_CNT),  .INTF_DCEST_SCALE (CSR_INTF_EST_SCALE),  .INTF_config_mode (CSR_INTF_CFG_MODE),  .i_intf_cmp ... "
  The following 33-bit expression is connected to 32-bit port 
  "o_phase_ram1_douta" of module "rsp_s1_prep_top", instance 
  "u_rsp_s1_prep_top".
  Expression: o_phase_ram1_douta
  Instantiated module defined at: "../src1/rsp_s1_prep_top.sv", 18
  Use +lint=PCWM for more details.


Warning-[CWUC] Concatenations with unsized constants
../tb1/common_tb.sv, 125
"0"
  An unsized constant '0' is used in the concatenation. The unsized constant 
  will be used as a 32-bit constant.


Warning-[CWUC] Concatenations with unsized constants
../tb1/common_tb.sv, 125
"0"
  An unsized constant '0' is used in the concatenation. The unsized constant 
  will be used as a 32-bit constant.


Warning-[CWUC] Concatenations with unsized constants
../tb1/common_tb.sv, 125
"0"
  An unsized constant '0' is used in the concatenation. The unsized constant 
  will be used as a 32-bit constant.


Warning-[CWUC] Concatenations with unsized constants
../tb1/common_tb.sv, 125
"0"
  An unsized constant '0' is used in the concatenation. The unsized constant 
  will be used as a 32-bit constant.


Warning-[PCWM-W] Port connection width mismatch
../tb1/rd_txt_data_tb.sv, 151
"delay_data_tb #(DELAY_DATA_DEPTH, DATA_WIDTH) u_delay_txt_data( .clk (clk),  .rst_n (rst_n),  .i_x0 (s_rd_data),  .o_y0 (rd_data));"
  The following 129-bit expression is connected to 128-bit port "i_x0" of 
  module "delay_data_tb", instance "u_delay_txt_data".
  Expression: s_rd_data
  Instantiated module defined at: "../tb1/rd_txt_data_tb.sv", 199
  Use +lint=PCWM for more details.


Warning-[IWNF] Implicit wire has no fanin
../src1/rsp_s1_prep.sv, 462
  Implicit wire 'phase_ram0_rd_data' does not have any driver, please make 
  sure this is intended.


Warning-[IWNF] Implicit wire has no fanin
../src1/rsp_s1_prep.sv, 580
  Implicit wire 'phase_ram1_rd_data' does not have any driver, please make 
  sure this is intended.


Warning-[IWNF] Implicit wire has no fanin
../src1/rsp_s1_prep.sv, 684
  Implicit wire 'fft_core_sts' does not have any driver, please make sure this
  is intended.


Warning-[IWNF] Implicit wire has no fanin
../src1/rsp_s1_prep.sv, 712
  Implicit wire 'mem_cnt_rd_A' does not have any driver, please make sure this
  is intended.


Warning-[IWNF] Implicit wire has no fanin
../src1/rsp_s1_prep.sv, 713
  Implicit wire 'mem_cnt_rd_B' does not have any driver, please make sure this
  is intended.


Warning-[IWNF] Implicit wire has no fanin
../src1/rsp_s1_prep.sv, 714
  Implicit wire 'mem_cnt_wr_A' does not have any driver, please make sure this
  is intended.


Warning-[IWNF] Implicit wire has no fanin
../src1/rsp_s1_prep.sv, 715
  Implicit wire 'mem_cnt_wr_B' does not have any driver, please make sure this
  is intended.


Warning-[IWNF] Implicit wire has no fanin
../src1/rsp_s1_prep.sv, 716
  Implicit wire 'counter_tw_download' does not have any driver, please make 
  sure this is intended.


Warning-[IWNF] Implicit wire has no fanin
../src1/rsp_s1_prep.sv, 717
  Implicit wire 'counter_win_download' does not have any driver, please make 
  sure this is intended.


Warning-[PCWM-W] Port connection width mismatch
../src1/rsp_s1_prep.sv, 446
"ahb2fifo #(32, 32, 64, , , , , , ) u_ahb2fifo_twiddle( .rst_n (rst_n),  .clk (clk),  .shready (HREADYOUTS_FIFO_0),  .shtrans (HTRANSS_FIFO_0),  .shwdata (HWDATAS_FIFO_0),  .shwrite (HWRITES_FIFO_0),  .shrdata (HRDATAS_FIFO_0),  .shresp (HRESPS_FIFO_0),  .wr_en (wr_en_tw),  .wr_data (wr_data_tw),  .rd_vld (1'b0),  .rd_data (phase_ram0_rd_data));"
  The following 1-bit expression is connected to 64-bit port "rd_data" of 
  module "ahb2fifo", instance "u_ahb2fifo_twiddle".
  Expression: phase_ram0_rd_data
  Instantiated module defined at: 
  "/prj/chips/pvg/venus/yuyushan/jade_venus_3/vobs/cores/amba_if/src/ahb2fifo.v",
  14
  Use +lint=PCWM for more details.


Warning-[PCWM-W] Port connection width mismatch
../src1/rsp_s1_prep.sv, 564
"ahb2fifo #(32, 32, 32, , , , , , ) u_ahb2fifo1( .rst_n (rst_n),  .clk (clk),  .shready (HREADYOUTS_FIFO_1),  .shtrans (HTRANSS_FIFO_1),  .shwdata (HWDATAS_FIFO_1),  .shwrite (HWRITES_FIFO_1),  .shrdata (HRDATAS_FIFO_1),  .shresp (HRESPS_FIFO_1),  .wr_en (wr_en_et),  .wr_data (wr_data_et),  .rd_vld (1'b0),  .rd_data (phase_ram1_rd_data));"
  The following 33-bit expression is connected to 32-bit port "wr_data" of 
  module "ahb2fifo", instance "u_ahb2fifo1".
  Expression: wr_data_et
  Instantiated module defined at: 
  "/prj/chips/pvg/venus/yuyushan/jade_venus_3/vobs/cores/amba_if/src/ahb2fifo.v",
  14
  Use +lint=PCWM for more details.


Warning-[PCWM-W] Port connection width mismatch
../src1/rsp_s1_prep.sv, 564
"ahb2fifo #(32, 32, 32, , , , , , ) u_ahb2fifo1( .rst_n (rst_n),  .clk (clk),  .shready (HREADYOUTS_FIFO_1),  .shtrans (HTRANSS_FIFO_1),  .shwdata (HWDATAS_FIFO_1),  .shwrite (HWRITES_FIFO_1),  .shrdata (HRDATAS_FIFO_1),  .shresp (HRESPS_FIFO_1),  .wr_en (wr_en_et),  .wr_data (wr_data_et),  .rd_vld (1'b0),  .rd_data (phase_ram1_rd_data));"
  The following 1-bit expression is connected to 32-bit port "rd_data" of 
  module "ahb2fifo", instance "u_ahb2fifo1".
  Expression: phase_ram1_rd_data
  Instantiated module defined at: 
  "/prj/chips/pvg/venus/yuyushan/jade_venus_3/vobs/cores/amba_if/src/ahb2fifo.v",
  14
  Use +lint=PCWM for more details.


Warning-[INAV] Index into non-array variable
../src1/rsp_s1_prep.sv, 678
rsp_s1_prep, "fft_core_sts[0]"
  Bit/Part-select specified for non array variable.
  Base object: fft_core_sts
  Of type: wire
  Declared at:
  "../src1/rsp_s1_prep.sv", 684.


Warning-[INAV] Index into non-array variable
../src1/rsp_s1_prep.sv, 678
rsp_s1_prep, "fft_core_sts[1]"
  Bit/Part-select specified for non array variable.
  Base object: fft_core_sts
  Of type: wire
  Declared at:
  "../src1/rsp_s1_prep.sv", 684.


Warning-[PCWM-W] Port connection width mismatch
../src1/rsp_s1_prep.sv, 678
"rsp_s1_prep_glb_reg u_rsp_s1_prep_glb_reg( .irq_status_core_finish (irq_status[0]),  .irq_status_core_finish_lat_pls (irq_status_lat_pls[0]),  .irq_mask_core_finish (irq_mask[0]),  .irq_enable_core_finish (irq_enable[0]),  .status_pts_not_match (fft_core_sts[0]),  .status_out_width_error (fft_core_sts[1]),  .cmd0_ttl_counter (ttl_counter),  .cmd0_cs (cs),  .cmd0_op_id (op_id),  .cmd0_ttl (ttl),  .cmd1_trig_in (cmd_trig_in),  .cmd2_trig_out (cmd_trig_out),  .sw0_cmd_req (sw_cmd_req),  .sw0_cmd_req_clr_pls (sw_cmd_req_clr2ahb),  .sw0_cmd_op_id (sw_cmd_info_op_id),  .sw0_cmd_ttl (sw_cmd_info_ttl),  .sw1_cmd_trig_in (sw_cmd_info_trig_in),  .sw2_cmd_trig_out (sw_cmd_info_trig_out),  .sw3_start (sw_start),  .sw3_start_clr_pls (sw_start_clr2ahb),  .sw3_start_p ... "
  The following 1-bit expression is connected to 16-bit port "mem_cnt_rd_a" of
  module "rsp_s1_prep_glb_reg", instance "u_rsp_s1_prep_glb_reg".
  Expression: mem_cnt_rd_A
  Instantiated module defined at: 
  "/prj/chips/pvg/venus/yuyushan/jade_venus_3/vobs/ip/rsp/design/rsp_s1/sub/rsp_s1_prep/src/../reg/rsp_s1_prep_glb_reg.v",
  2
  Use +lint=PCWM for more details.


Warning-[PCWM-W] Port connection width mismatch
../src1/rsp_s1_prep.sv, 678
"rsp_s1_prep_glb_reg u_rsp_s1_prep_glb_reg( .irq_status_core_finish (irq_status[0]),  .irq_status_core_finish_lat_pls (irq_status_lat_pls[0]),  .irq_mask_core_finish (irq_mask[0]),  .irq_enable_core_finish (irq_enable[0]),  .status_pts_not_match (fft_core_sts[0]),  .status_out_width_error (fft_core_sts[1]),  .cmd0_ttl_counter (ttl_counter),  .cmd0_cs (cs),  .cmd0_op_id (op_id),  .cmd0_ttl (ttl),  .cmd1_trig_in (cmd_trig_in),  .cmd2_trig_out (cmd_trig_out),  .sw0_cmd_req (sw_cmd_req),  .sw0_cmd_req_clr_pls (sw_cmd_req_clr2ahb),  .sw0_cmd_op_id (sw_cmd_info_op_id),  .sw0_cmd_ttl (sw_cmd_info_ttl),  .sw1_cmd_trig_in (sw_cmd_info_trig_in),  .sw2_cmd_trig_out (sw_cmd_info_trig_out),  .sw3_start (sw_start),  .sw3_start_clr_pls (sw_start_clr2ahb),  .sw3_start_p ... "
  The following 1-bit expression is connected to 16-bit port "mem_cnt_rd_b" of
  module "rsp_s1_prep_glb_reg", instance "u_rsp_s1_prep_glb_reg".
  Expression: mem_cnt_rd_B
  Instantiated module defined at: 
  "/prj/chips/pvg/venus/yuyushan/jade_venus_3/vobs/ip/rsp/design/rsp_s1/sub/rsp_s1_prep/src/../reg/rsp_s1_prep_glb_reg.v",
  2
  Use +lint=PCWM for more details.


Warning-[PCWM-W] Port connection width mismatch
../src1/rsp_s1_prep.sv, 678
"rsp_s1_prep_glb_reg u_rsp_s1_prep_glb_reg( .irq_status_core_finish (irq_status[0]),  .irq_status_core_finish_lat_pls (irq_status_lat_pls[0]),  .irq_mask_core_finish (irq_mask[0]),  .irq_enable_core_finish (irq_enable[0]),  .status_pts_not_match (fft_core_sts[0]),  .status_out_width_error (fft_core_sts[1]),  .cmd0_ttl_counter (ttl_counter),  .cmd0_cs (cs),  .cmd0_op_id (op_id),  .cmd0_ttl (ttl),  .cmd1_trig_in (cmd_trig_in),  .cmd2_trig_out (cmd_trig_out),  .sw0_cmd_req (sw_cmd_req),  .sw0_cmd_req_clr_pls (sw_cmd_req_clr2ahb),  .sw0_cmd_op_id (sw_cmd_info_op_id),  .sw0_cmd_ttl (sw_cmd_info_ttl),  .sw1_cmd_trig_in (sw_cmd_info_trig_in),  .sw2_cmd_trig_out (sw_cmd_info_trig_out),  .sw3_start (sw_start),  .sw3_start_clr_pls (sw_start_clr2ahb),  .sw3_start_p ... "
  The following 1-bit expression is connected to 16-bit port "mem_cnt_wr_a" of
  module "rsp_s1_prep_glb_reg", instance "u_rsp_s1_prep_glb_reg".
  Expression: mem_cnt_wr_A
  Instantiated module defined at: 
  "/prj/chips/pvg/venus/yuyushan/jade_venus_3/vobs/ip/rsp/design/rsp_s1/sub/rsp_s1_prep/src/../reg/rsp_s1_prep_glb_reg.v",
  2
  Use +lint=PCWM for more details.


Warning-[PCWM-W] Port connection width mismatch
../src1/rsp_s1_prep.sv, 678
"rsp_s1_prep_glb_reg u_rsp_s1_prep_glb_reg( .irq_status_core_finish (irq_status[0]),  .irq_status_core_finish_lat_pls (irq_status_lat_pls[0]),  .irq_mask_core_finish (irq_mask[0]),  .irq_enable_core_finish (irq_enable[0]),  .status_pts_not_match (fft_core_sts[0]),  .status_out_width_error (fft_core_sts[1]),  .cmd0_ttl_counter (ttl_counter),  .cmd0_cs (cs),  .cmd0_op_id (op_id),  .cmd0_ttl (ttl),  .cmd1_trig_in (cmd_trig_in),  .cmd2_trig_out (cmd_trig_out),  .sw0_cmd_req (sw_cmd_req),  .sw0_cmd_req_clr_pls (sw_cmd_req_clr2ahb),  .sw0_cmd_op_id (sw_cmd_info_op_id),  .sw0_cmd_ttl (sw_cmd_info_ttl),  .sw1_cmd_trig_in (sw_cmd_info_trig_in),  .sw2_cmd_trig_out (sw_cmd_info_trig_out),  .sw3_start (sw_start),  .sw3_start_clr_pls (sw_start_clr2ahb),  .sw3_start_p ... "
  The following 1-bit expression is connected to 16-bit port "mem_cnt_wr_b" of
  module "rsp_s1_prep_glb_reg", instance "u_rsp_s1_prep_glb_reg".
  Expression: mem_cnt_wr_B
  Instantiated module defined at: 
  "/prj/chips/pvg/venus/yuyushan/jade_venus_3/vobs/ip/rsp/design/rsp_s1/sub/rsp_s1_prep/src/../reg/rsp_s1_prep_glb_reg.v",
  2
  Use +lint=PCWM for more details.


Warning-[PCWM-W] Port connection width mismatch
../src1/rsp_s1_prep.sv, 678
"rsp_s1_prep_glb_reg u_rsp_s1_prep_glb_reg( .irq_status_core_finish (irq_status[0]),  .irq_status_core_finish_lat_pls (irq_status_lat_pls[0]),  .irq_mask_core_finish (irq_mask[0]),  .irq_enable_core_finish (irq_enable[0]),  .status_pts_not_match (fft_core_sts[0]),  .status_out_width_error (fft_core_sts[1]),  .cmd0_ttl_counter (ttl_counter),  .cmd0_cs (cs),  .cmd0_op_id (op_id),  .cmd0_ttl (ttl),  .cmd1_trig_in (cmd_trig_in),  .cmd2_trig_out (cmd_trig_out),  .sw0_cmd_req (sw_cmd_req),  .sw0_cmd_req_clr_pls (sw_cmd_req_clr2ahb),  .sw0_cmd_op_id (sw_cmd_info_op_id),  .sw0_cmd_ttl (sw_cmd_info_ttl),  .sw1_cmd_trig_in (sw_cmd_info_trig_in),  .sw2_cmd_trig_out (sw_cmd_info_trig_out),  .sw3_start (sw_start),  .sw3_start_clr_pls (sw_start_clr2ahb),  .sw3_start_p ... "
  The following 1-bit expression is connected to 16-bit port "counter_tw" of 
  module "rsp_s1_prep_glb_reg", instance "u_rsp_s1_prep_glb_reg".
  Expression: counter_tw_download
  Instantiated module defined at: 
  "/prj/chips/pvg/venus/yuyushan/jade_venus_3/vobs/ip/rsp/design/rsp_s1/sub/rsp_s1_prep/src/../reg/rsp_s1_prep_glb_reg.v",
  2
  Use +lint=PCWM for more details.


Warning-[PCWM-W] Port connection width mismatch
../src1/rsp_s1_prep.sv, 678
"rsp_s1_prep_glb_reg u_rsp_s1_prep_glb_reg( .irq_status_core_finish (irq_status[0]),  .irq_status_core_finish_lat_pls (irq_status_lat_pls[0]),  .irq_mask_core_finish (irq_mask[0]),  .irq_enable_core_finish (irq_enable[0]),  .status_pts_not_match (fft_core_sts[0]),  .status_out_width_error (fft_core_sts[1]),  .cmd0_ttl_counter (ttl_counter),  .cmd0_cs (cs),  .cmd0_op_id (op_id),  .cmd0_ttl (ttl),  .cmd1_trig_in (cmd_trig_in),  .cmd2_trig_out (cmd_trig_out),  .sw0_cmd_req (sw_cmd_req),  .sw0_cmd_req_clr_pls (sw_cmd_req_clr2ahb),  .sw0_cmd_op_id (sw_cmd_info_op_id),  .sw0_cmd_ttl (sw_cmd_info_ttl),  .sw1_cmd_trig_in (sw_cmd_info_trig_in),  .sw2_cmd_trig_out (sw_cmd_info_trig_out),  .sw3_start (sw_start),  .sw3_start_clr_pls (sw_start_clr2ahb),  .sw3_start_p ... "
  The following 1-bit expression is connected to 16-bit port "counter_win" of 
  module "rsp_s1_prep_glb_reg", instance "u_rsp_s1_prep_glb_reg".
  Expression: counter_win_download
  Instantiated module defined at: 
  "/prj/chips/pvg/venus/yuyushan/jade_venus_3/vobs/ip/rsp/design/rsp_s1/sub/rsp_s1_prep/src/../reg/rsp_s1_prep_glb_reg.v",
  2
  Use +lint=PCWM for more details.


Warning-[PCWM-W] Port connection width mismatch
../src1/rsp_s1_prep.sv, 749
"rsp_s1_prep_core #(2, 128, 32, 13, 9, 3, $clog2(136), 64, $clog2(32), 32, 1) u_rsp_s1_prep_core( .rst_n (rst_n),  .hrst_n ((~hreset)),  .clk (clk),  .hclk (hclk),  .i_start (core_start),  .o_finish (core_finish),  .CSR_BURST_LEN ('d8),  .CSR_RD_START_ADDR (18'b0),  .CSR_WR_START_ADDR (18'b0),  .CSR_SEL_DATA_FORMATTRT (2'b10),  .CSR_EST_SMP_CNT ('d256),  .CSR_EST_CHP_CNT ('d4),  .CSR_EST_FRM_CNT (4'b0),  .CSR_DC_EST_SCALE (17'd65536),  .CSR_DC_CFG_MODE (4'b0),  .CSR_INTF_EST_SCALE (17'd80000),  .CSR_INTF_CFG_MODE (4'b0),  .CSR_COMB_CFG_MODE (4'b0),  .CSR_PHASE_ENTRY_SEL (6'h10),  .CSR_DC_U ({32'd118, 32'd420}),  .CSR_INTF_CMP ({64'h000000006553f100}),  .CSR_PHASE_W (64'h0000000002000200),  .CSR_PHASE_COE (64'b0),  .i_phase_ram0_ena (wr_en_tw),  .i_phase_ ... "
  The following 32-bit expression is connected to 5-bit port "CSR_BURST_LEN" 
  of module "rsp_s1_prep_core", instance "u_rsp_s1_prep_core".
  Expression: 'd8
  Instantiated module defined at: "../src1/rsp_s1_prep_core.sv", 24
  Use +lint=PCWM for more details.


Warning-[PCWM-W] Port connection width mismatch
../src1/rsp_s1_prep.sv, 749
"rsp_s1_prep_core #(2, 128, 32, 13, 9, 3, $clog2(136), 64, $clog2(32), 32, 1) u_rsp_s1_prep_core( .rst_n (rst_n),  .hrst_n ((~hreset)),  .clk (clk),  .hclk (hclk),  .i_start (core_start),  .o_finish (core_finish),  .CSR_BURST_LEN ('d8),  .CSR_RD_START_ADDR (18'b0),  .CSR_WR_START_ADDR (18'b0),  .CSR_SEL_DATA_FORMATTRT (2'b10),  .CSR_EST_SMP_CNT ('d256),  .CSR_EST_CHP_CNT ('d4),  .CSR_EST_FRM_CNT (4'b0),  .CSR_DC_EST_SCALE (17'd65536),  .CSR_DC_CFG_MODE (4'b0),  .CSR_INTF_EST_SCALE (17'd80000),  .CSR_INTF_CFG_MODE (4'b0),  .CSR_COMB_CFG_MODE (4'b0),  .CSR_PHASE_ENTRY_SEL (6'h10),  .CSR_DC_U ({32'd118, 32'd420}),  .CSR_INTF_CMP ({64'h000000006553f100}),  .CSR_PHASE_W (64'h0000000002000200),  .CSR_PHASE_COE (64'b0),  .i_phase_ram0_ena (wr_en_tw),  .i_phase_ ... "
  The following 32-bit expression is connected to 14-bit port 
  "CSR_EST_SMP_CNT" of module "rsp_s1_prep_core", instance 
  "u_rsp_s1_prep_core".
  Expression: 'd256
  Instantiated module defined at: "../src1/rsp_s1_prep_core.sv", 24
  Use +lint=PCWM for more details.


Warning-[PCWM-W] Port connection width mismatch
../src1/rsp_s1_prep.sv, 749
"rsp_s1_prep_core #(2, 128, 32, 13, 9, 3, $clog2(136), 64, $clog2(32), 32, 1) u_rsp_s1_prep_core( .rst_n (rst_n),  .hrst_n ((~hreset)),  .clk (clk),  .hclk (hclk),  .i_start (core_start),  .o_finish (core_finish),  .CSR_BURST_LEN ('d8),  .CSR_RD_START_ADDR (18'b0),  .CSR_WR_START_ADDR (18'b0),  .CSR_SEL_DATA_FORMATTRT (2'b10),  .CSR_EST_SMP_CNT ('d256),  .CSR_EST_CHP_CNT ('d4),  .CSR_EST_FRM_CNT (4'b0),  .CSR_DC_EST_SCALE (17'd65536),  .CSR_DC_CFG_MODE (4'b0),  .CSR_INTF_EST_SCALE (17'd80000),  .CSR_INTF_CFG_MODE (4'b0),  .CSR_COMB_CFG_MODE (4'b0),  .CSR_PHASE_ENTRY_SEL (6'h10),  .CSR_DC_U ({32'd118, 32'd420}),  .CSR_INTF_CMP ({64'h000000006553f100}),  .CSR_PHASE_W (64'h0000000002000200),  .CSR_PHASE_COE (64'b0),  .i_phase_ram0_ena (wr_en_tw),  .i_phase_ ... "
  The following 32-bit expression is connected to 10-bit port 
  "CSR_EST_CHP_CNT" of module "rsp_s1_prep_core", instance 
  "u_rsp_s1_prep_core".
  Expression: 'd4
  Instantiated module defined at: "../src1/rsp_s1_prep_core.sv", 24
  Use +lint=PCWM for more details.


Warning-[PCWM-W] Port connection width mismatch
../src1/rsp_s1_prep.sv, 749
"rsp_s1_prep_core #(2, 128, 32, 13, 9, 3, $clog2(136), 64, $clog2(32), 32, 1) u_rsp_s1_prep_core( .rst_n (rst_n),  .hrst_n ((~hreset)),  .clk (clk),  .hclk (hclk),  .i_start (core_start),  .o_finish (core_finish),  .CSR_BURST_LEN ('d8),  .CSR_RD_START_ADDR (18'b0),  .CSR_WR_START_ADDR (18'b0),  .CSR_SEL_DATA_FORMATTRT (2'b10),  .CSR_EST_SMP_CNT ('d256),  .CSR_EST_CHP_CNT ('d4),  .CSR_EST_FRM_CNT (4'b0),  .CSR_DC_EST_SCALE (17'd65536),  .CSR_DC_CFG_MODE (4'b0),  .CSR_INTF_EST_SCALE (17'd80000),  .CSR_INTF_CFG_MODE (4'b0),  .CSR_COMB_CFG_MODE (4'b0),  .CSR_PHASE_ENTRY_SEL (6'h10),  .CSR_DC_U ({32'd118, 32'd420}),  .CSR_INTF_CMP ({64'h000000006553f100}),  .CSR_PHASE_W (64'h0000000002000200),  .CSR_PHASE_COE (64'b0),  .i_phase_ram0_ena (wr_en_tw),  .i_phase_ ... "
  The following 64-bit expression is connected to 32-bit port "CSR_PHASE_W" of
  module "rsp_s1_prep_core", instance "u_rsp_s1_prep_core".
  Expression: 64'h0000000002000200
  Instantiated module defined at: "../src1/rsp_s1_prep_core.sv", 24
  Use +lint=PCWM for more details.


Warning-[PCWM-W] Port connection width mismatch
../src1/rsp_s1_prep.sv, 749
"rsp_s1_prep_core #(2, 128, 32, 13, 9, 3, $clog2(136), 64, $clog2(32), 32, 1) u_rsp_s1_prep_core( .rst_n (rst_n),  .hrst_n ((~hreset)),  .clk (clk),  .hclk (hclk),  .i_start (core_start),  .o_finish (core_finish),  .CSR_BURST_LEN ('d8),  .CSR_RD_START_ADDR (18'b0),  .CSR_WR_START_ADDR (18'b0),  .CSR_SEL_DATA_FORMATTRT (2'b10),  .CSR_EST_SMP_CNT ('d256),  .CSR_EST_CHP_CNT ('d4),  .CSR_EST_FRM_CNT (4'b0),  .CSR_DC_EST_SCALE (17'd65536),  .CSR_DC_CFG_MODE (4'b0),  .CSR_INTF_EST_SCALE (17'd80000),  .CSR_INTF_CFG_MODE (4'b0),  .CSR_COMB_CFG_MODE (4'b0),  .CSR_PHASE_ENTRY_SEL (6'h10),  .CSR_DC_U ({32'd118, 32'd420}),  .CSR_INTF_CMP ({64'h000000006553f100}),  .CSR_PHASE_W (64'h0000000002000200),  .CSR_PHASE_COE (64'b0),  .i_phase_ram0_ena (wr_en_tw),  .i_phase_ ... "
  The following 64-bit expression is connected to 32-bit port "CSR_PHASE_COE" 
  of module "rsp_s1_prep_core", instance "u_rsp_s1_prep_core".
  Expression: 64'b0
  Instantiated module defined at: "../src1/rsp_s1_prep_core.sv", 24
  Use +lint=PCWM for more details.


Warning-[PCWM-W] Port connection width mismatch
../src1/rsp_s1_prep.sv, 749
"rsp_s1_prep_core #(2, 128, 32, 13, 9, 3, $clog2(136), 64, $clog2(32), 32, 1) u_rsp_s1_prep_core( .rst_n (rst_n),  .hrst_n ((~hreset)),  .clk (clk),  .hclk (hclk),  .i_start (core_start),  .o_finish (core_finish),  .CSR_BURST_LEN ('d8),  .CSR_RD_START_ADDR (18'b0),  .CSR_WR_START_ADDR (18'b0),  .CSR_SEL_DATA_FORMATTRT (2'b10),  .CSR_EST_SMP_CNT ('d256),  .CSR_EST_CHP_CNT ('d4),  .CSR_EST_FRM_CNT (4'b0),  .CSR_DC_EST_SCALE (17'd65536),  .CSR_DC_CFG_MODE (4'b0),  .CSR_INTF_EST_SCALE (17'd80000),  .CSR_INTF_CFG_MODE (4'b0),  .CSR_COMB_CFG_MODE (4'b0),  .CSR_PHASE_ENTRY_SEL (6'h10),  .CSR_DC_U ({32'd118, 32'd420}),  .CSR_INTF_CMP ({64'h000000006553f100}),  .CSR_PHASE_W (64'h0000000002000200),  .CSR_PHASE_COE (64'b0),  .i_phase_ram0_ena (wr_en_tw),  .i_phase_ ... "
  The following 64-bit expression is connected to 65-bit port 
  "i_phase_ram0_dina" of module "rsp_s1_prep_core", instance 
  "u_rsp_s1_prep_core".
  Expression: wr_data_tw
  Instantiated module defined at: "../src1/rsp_s1_prep_core.sv", 24
  Use +lint=PCWM for more details.


Warning-[PCWM-W] Port connection width mismatch
../src1/rsp_s1_prep_top.sv, 572
"rsp_s1_prep_phase_generation #(2, 11, 6, 64, 64, 1024, , , ) u_rsp_s1_prep_phase_generation( .rst_n (rst_n),  .clk (clk),  .i_start (i_start),  .i_data_valid (buffer_rd_en),  .i_data_last (phase_last),  .i_sel_16_32 (i_sel_16_32),  .i_phase_w (i_phase_w),  .i_phase_coe (i_phase_coe),  .i_phase_entry_select (i_phase_entry_select),  .i_phase_ram0_addra (i_phase_ram0_addra),  .i_phase_ram0_bwea (i_phase_ram0_bwea),  .i_phase_ram0_ena (i_phase_ram0_ena),  .i_phase_ram0_dina (i_phase_ram0_dina),  .o_phase_ram0_douta (o_phase_ram0_douta),  .i_phase_ram0_wena (i_phase_ram0_wena),  .i_phase_ram1_addra (i_phase_ram1_addra),  .i_phase_ram1_bwea (i_phase_ram1_bwea),  .i_phase_ram1_ena (i_phase_ram1_ena),  .i_phase_ram1_dina (i_phase_ram1_dina),  .o_phase_ram1_dout ... "
  The following 5-bit expression is connected to 6-bit port 
  "i_phase_entry_select" of module "rsp_s1_prep_phase_generation", instance 
  "u_rsp_s1_prep_phase_generation".
  Expression: i_phase_entry_select
  Instantiated module defined at: "../src1/rsp_s1_prep_phase_generation.sv", 
  23
  Use +lint=PCWM for more details.


Warning-[PCWM-W] Port connection width mismatch
../src1/rsp_s1_prep_top.sv, 572
"rsp_s1_prep_phase_generation #(2, 11, 6, 64, 64, 1024, , , ) u_rsp_s1_prep_phase_generation( .rst_n (rst_n),  .clk (clk),  .i_start (i_start),  .i_data_valid (buffer_rd_en),  .i_data_last (phase_last),  .i_sel_16_32 (i_sel_16_32),  .i_phase_w (i_phase_w),  .i_phase_coe (i_phase_coe),  .i_phase_entry_select (i_phase_entry_select),  .i_phase_ram0_addra (i_phase_ram0_addra),  .i_phase_ram0_bwea (i_phase_ram0_bwea),  .i_phase_ram0_ena (i_phase_ram0_ena),  .i_phase_ram0_dina (i_phase_ram0_dina),  .o_phase_ram0_douta (o_phase_ram0_douta),  .i_phase_ram0_wena (i_phase_ram0_wena),  .i_phase_ram1_addra (i_phase_ram1_addra),  .i_phase_ram1_bwea (i_phase_ram1_bwea),  .i_phase_ram1_ena (i_phase_ram1_ena),  .i_phase_ram1_dina (i_phase_ram1_dina),  .o_phase_ram1_dout ... "
  The following 5-bit expression is connected to 6-bit port 
  "i_phase_ram1_addra" of module "rsp_s1_prep_phase_generation", instance 
  "u_rsp_s1_prep_phase_generation".
  Expression: i_phase_ram1_addra
  Instantiated module defined at: "../src1/rsp_s1_prep_phase_generation.sv", 
  23
  Use +lint=PCWM for more details.

Notice: Ports coerced to inout, use -notice for details
Starting vcs inline pass...

1093 modules and 4 UDPs read.
recompiling module commmon_tb
	However, due to incremental compilation, only 1 module needs to be compiled. 
rm -f _cuarc*.so _csrc*.so pre_vcsobj_*.so share_vcsobj_*.so
ld -shared  -Bsymbolic   -o .//../simv.daidir//_cuarc0.so objs/a/amcQw_d.o 
rm -f _cuarc0.so
if [ -x ../simv ]; then chmod a-x ../simv; fi
g++  -o ../simv      -rdynamic  -Wl,-rpath='$ORIGIN'/simv.daidir -Wl,-rpath=./simv.daidir \
-Wl,-rpath=/home/tools/synopsys/VCS2020/Q-2020.03-SP2/linux64/lib -L/home/tools/synopsys/VCS2020/Q-2020.03-SP2/linux64/lib \
-Wl,-rpath-link=./  /usr/lib64/libnuma.so.1     _1389_archive_1.so _prev_archive_1.so \
_cuarc0.so objs/udps/df3ii.o objs/udps/HWVx0.o objs/udps/JvR1L.o objs/udps/m6zeg.o \
SIM_l.o      rmapats_mop.o rmapats.o rmar.o rmar_nd.o  rmar_llvm_0_1.o rmar_llvm_0_0.o \
-lvirsim -lerrorinf -lsnpsmalloc -lvfs    -lvcsnew -lsimprofile -luclinative /home/tools/synopsys/VCS2020/Q-2020.03-SP2/linux64/lib/vcs_tls.o \
-Wl,-whole-archive  -lvcsucli    -Wl,-no-whole-archive        _vcs_pli_stub_.o   \
/home/tools/synopsys/VCS2020/Q-2020.03-SP2/linux64/lib/vcs_save_restore_new.o /home/tools/synopsys/verdi/Q-2020.03-SP2/share/PLI/VCS/LINUX64/pli.a \
-ldl  -lc -lm -lpthread -ldl 
../simv up to date
CPU time: 7.772 seconds to compile + 1.143 seconds to elab + .844 seconds to link
