*design* DebussyLib (btIdent Verdi_Q-2020.03-SP2)
Command arguments:
    +define+verilog
    -f tb.f
        /prj/chips/pvg/venus/yuyushan/jade_venus_3/vobs/ip/rsp/design/rsp_common/header/rsp_s1_op_info.svh
        /prj/chips/pvg/venus/yuyushan/jade_venus_3/vobs/ip/rsp/design/rsp_common/header/rsp_common_defines.vh
        /prj/chips/pvg/venus/yuyushan/jade_venus_3/vobs/ip/rsp/design/rsp_s1/sub/rsp_s1_prep/src/rsp_s1_prep_defines.vh
        +incdir+/prj/chips/pvg/venus/yuyushan/jade_venus_3/vobs/cores/amba_if/src
        +incdir+/prj/chips/pvg/venus/yuyushan/jade_venus_3/vobs/ip/rsp/design/rsp_common/header/
        +define+ASIC
        /prj/chips/pvg/venus/yuyushan/jade_venus_3/vobs/cores/amba_if/src/ahb2fifo.v
        +incdir+/prj/chips/pvg/venus/yuyushan/jade_venus_3/vobs/cores/amba_if/src
        +incdir+/prj/chips/pvg/venus/yuyushan/jade_venus_3/vobs/ip/rsp/design/rsp_common/header/
        +define+ASIC
        /prj/chips/pvg/venus/yuyushan/jade_venus_3/vobs/cores/amba_if/src/axi_v4_wr_if.sv
        +incdir+/prj/chips/pvg/venus/yuyushan/jade_venus_3/vobs/cores/amba_if/src
        +incdir+/prj/chips/pvg/venus/yuyushan/jade_venus_3/vobs/ip/rsp/design/rsp_common/header/
        +define+ASIC
        /prj/chips/pvg/venus/yuyushan/jade_venus_3/vobs/cores/amba_if/src/ahb_if_cfg.sv
        +incdir+/prj/chips/pvg/venus/yuyushan/jade_venus_3/vobs/cores/amba_if/src
        +incdir+/prj/chips/pvg/venus/yuyushan/jade_venus_3/vobs/ip/rsp/design/rsp_common/header/
        +define+ASIC
        /prj/chips/pvg/venus/yuyushan/jade_venus_3/vobs/cores/amba_if/src/axi_v4_rd_if.sv
        +incdir+/prj/chips/pvg/venus/yuyushan/jade_venus_3/vobs/cores/amba_if/src
        +incdir+/prj/chips/pvg/venus/yuyushan/jade_venus_3/vobs/ip/rsp/design/rsp_common/header/
        +define+ASIC
        /prj/chips/pvg/venus/yuyushan/jade_venus_3/vobs/cores/amba_if/src/axi_v4_if.sv
        -sverilog
        +define+ASIC
        /prj/chips/pvg/venus/yuyushan/jade_venus_3/vobs/cores/cdc_demet/src/cdc_demet_ares.sv
        -sverilog
        +define+ASIC
        /prj/chips/pvg/venus/yuyushan/jade_venus_3/vobs/cores/cdc_demet/src/pulse_sync.sv
        -sverilog
        +define+ASIC
        /prj/chips/pvg/venus/yuyushan/jade_venus_3/vobs/cores/cdc_demet/src/cdc_demet_aset_m.sv
        -sverilog
        +define+ASIC
        /prj/chips/pvg/venus/yuyushan/jade_venus_3/vobs/cores/cdc_demet/src/cdc_demet_aset.sv
        -sverilog
        +define+ASIC
        /prj/chips/pvg/venus/yuyushan/jade_venus_3/vobs/cores/cdc_demet/src/cdc_demet_ares_m.sv
        +incdir+/home/tools/synopsys/syn/R-2020.09-SP4/dw/sim_ver
        +define+ASIC
        /home/tools/synopsys/syn/R-2020.09-SP4/dw/sim_ver/DW02_mult_6_stage.v
        +incdir+/home/tools/synopsys/syn/R-2020.09-SP4/dw/sim_ver
        +define+ASIC
        /home/tools/synopsys/syn/R-2020.09-SP4/dw/sim_ver/DW02_mult_3_stage.v
        +incdir+/home/tools/synopsys/syn/R-2020.09-SP4/dw/sim_ver
        +define+ASIC
        /home/tools/synopsys/syn/R-2020.09-SP4/dw/sim_ver/DW02_mult_5_stage.v
        +define+ASIC
        /prj/chips/pvg/venus/yuyushan/jade_venus_3/vobs/cores/dsp_lib/src/data_delay.v
        +define+ASIC
        /prj/chips/pvg/venus/yuyushan/jade_venus_3/vobs/cores/dsp_lib/src/mult.v
        +define+ASIC
        /prj/chips/pvg/venus/yuyushan/jade_venus_3/vobs/cores/dsp_lib/src/adder.v
        +define+ASIC
        /prj/chips/pvg/venus/yuyushan/jade_venus_3/vobs/cores/dsp_lib/src/data_delay_ce.v
        +define+ASIC
        /prj/chips/pvg/venus/yuyushan/jade_venus_3/vobs/cores/dsp_lib/src/handshake_pipe_forward.v
        +define+ASIC
        /prj/chips/pvg/venus/yuyushan/jade_venus_3/vobs/cores/dsp_lib/src/complex_multiplier_3mult.v
        +define+ASIC
        /prj/chips/pvg/venus/yuyushan/jade_venus_3/vobs/cores/dsp_lib/src/tcbn28hpcplusbwp35p140hvt.v
        +define+ASIC
        /prj/chips/pvg/venus/yuyushan/jade_venus_3/vobs/cores/dsp_lib/src/delay_ce.v
        +define+ASIC
        /prj/chips/pvg/venus/yuyushan/jade_venus_3/vobs/cores/dsp_lib/src/handshake_pipe_backward.v
        +define+ASIC
        /prj/chips/pvg/venus/yuyushan/jade_venus_3/vobs/cores/dsp_lib/src/interpolation.sv
        +define+ASIC
        /prj/chips/pvg/venus/yuyushan/jade_venus_3/vobs/cores/dsp_lib/src/rsp_s1_op_fsm.sv
        +define+ASIC
        /prj/chips/pvg/venus/yuyushan/jade_venus_3/vobs/cores/dsp_lib/src/demux.sv
        +define+ASIC
        /prj/chips/pvg/venus/yuyushan/jade_venus_3/vobs/cores/dsp_lib/src/log2.sv
        +define+ASIC
        /prj/chips/pvg/venus/yuyushan/jade_venus_3/vobs/cores/dsp_lib/src/abs.sv
        +define+ASIC
        /prj/chips/pvg/venus/yuyushan/jade_venus_3/vobs/cores/dsp_lib/src/data_select_2d.sv
        +define+ASIC
        /prj/chips/pvg/venus/yuyushan/jade_venus_3/vobs/cores/dsp_lib/src/frac_divider.sv
        +define+ASIC
        /prj/chips/pvg/venus/yuyushan/jade_venus_3/vobs/cores/dsp_lib/src/mux.sv
        -sverilog
        +define+ASIC
        /prj/chips/pvg/venus/yuyushan/jade_venus_3/vobs/cores/fifos/src/fifo_fwft_small.v
        -sverilog
        +define+ASIC
        /prj/chips/pvg/venus/yuyushan/jade_venus_3/vobs/cores/fifos/src/fifo_standard_small.v
        -sverilog
        +define+ASIC
        /prj/chips/pvg/venus/yuyushan/jade_venus_3/vobs/cores/fifos/src/fifo_fwft_with_update.v
        -sverilog
        +define+ASIC
        /prj/chips/pvg/venus/yuyushan/jade_venus_3/vobs/cores/fifos/src/fifo_fwft_large.v
        -sverilog
        +define+ASIC
        /prj/chips/pvg/venus/yuyushan/jade_venus_3/vobs/cores/fifos/src/fifo_standard_large.v
        -sverilog
        +define+ASIC
        /prj/chips/pvg/venus/yuyushan/jade_venus_3/vobs/cores/fifos/src/fifo_fwft.v
        -sverilog
        +define+ASIC
        /prj/chips/pvg/venus/yuyushan/jade_venus_3/vobs/cores/fifos/src/fifo_standard.v
        -sverilog
        +define+ASIC
        /prj/chips/pvg/venus/yuyushan/jade_venus_3/vobs/cores/fifos/src/reg_sfifo.sv
        -sverilog
        +define+ASIC
        /prj/chips/pvg/venus/yuyushan/jade_venus_3/vobs/cores/fifos/src/afifo_ctrl.sv
        -sverilog
        +define+ASIC
        /prj/chips/pvg/venus/yuyushan/jade_venus_3/vobs/cores/fifos/src/reg_afifo.sv
        -sverilog
        +define+ASIC
        /prj/chips/pvg/venus/yuyushan/jade_venus_3/vobs/cores/fifos/src/sfifo_ctrl.sv
        +define+ASIC
        /prj/chips/pvg/venus/yuyushan/jade_venus_3/vobs/ip/rsp/design/rsp_common/rsp_dsp_lib/src/radix2_3mul.v
        +define+ASIC
        /prj/chips/pvg/venus/yuyushan/jade_venus_3/vobs/ip/rsp/design/rsp_common/rsp_dsp_lib/src/radix2_opt.v
        +define+ASIC
        /prj/chips/pvg/venus/yuyushan/jade_venus_3/vobs/ip/rsp/design/rsp_common/rsp_dsp_lib/src/rsp_irq.v
        +define+ASIC
        /prj/chips/pvg/venus/yuyushan/jade_venus_3/vobs/ip/rsp/design/rsp_common/rsp_dsp_lib/src/rsp_s2_op_fsm.sv
        +define+ASIC
        /prj/chips/pvg/venus/yuyushan/jade_venus_3/vobs/ip/rsp/design/rsp_common/rsp_dsp_lib/src/radix2_shared_tw.sv
        +define+ASIC
        /prj/chips/pvg/venus/yuyushan/jade_venus_3/vobs/ip/rsp/design/rsp_common/rsp_dsp_lib/src/pipelined_radix2_shared_tw.sv
        +define+ASIC
        /prj/chips/pvg/venus/yuyushan/jade_venus_3/vobs/ip/rsp/design/rsp_common/rsp_dsp_lib/src/radix2_shared_tw_ce.sv
        +define+ASIC
        /prj/chips/pvg/venus/yuyushan/jade_venus_3/vobs/ip/rsp/design/rsp_common/rsp_dsp_lib/src/rsp_s3_op_fsm.sv
        +incdir+/prj/chips/pvg/venus/yuyushan/jade_venus_3/vobs/cores/ahb2ahb_async/src
        +define+ASIC
        /prj/chips/pvg/venus/yuyushan/jade_venus_3/vobs/cores/ahb2ahb_async/src/ahb2ahb_async_DW_ahb_h2h_cc_constants.v
        +incdir+/prj/chips/pvg/venus/yuyushan/jade_venus_3/vobs/cores/ahb2ahb_async/src
        +define+ASIC
        /prj/chips/pvg/venus/yuyushan/jade_venus_3/vobs/cores/ahb2ahb_async/src/ahb2ahb_async_DW_ahb_h2h_constants.v
        +incdir+/prj/chips/pvg/venus/yuyushan/jade_venus_3/vobs/cores/ahb2ahb_async/src
        +define+ASIC
        /prj/chips/pvg/venus/yuyushan/jade_venus_3/vobs/cores/ahb2ahb_async/src/ahb2ahb_async_DW_ahb_h2h_bcm_params.v
        +incdir+/prj/chips/pvg/venus/yuyushan/jade_venus_3/vobs/cores/ahb2ahb_async/src
        +define+ASIC
        /prj/chips/pvg/venus/yuyushan/jade_venus_3/vobs/cores/ahb2ahb_async/src/ahb2ahb_async_DW_ahb_h2h_bcm02.v
        +incdir+/prj/chips/pvg/venus/yuyushan/jade_venus_3/vobs/cores/ahb2ahb_async/src
        +define+ASIC
        /prj/chips/pvg/venus/yuyushan/jade_venus_3/vobs/cores/ahb2ahb_async/src/ahb2ahb_async_DW_ahb_h2h_sfsm.v
        +incdir+/prj/chips/pvg/venus/yuyushan/jade_venus_3/vobs/cores/ahb2ahb_async/src
        +define+ASIC
        /prj/chips/pvg/venus/yuyushan/jade_venus_3/vobs/cores/ahb2ahb_async/src/ahb2ahb_async_DW_ahb_h2h_sbiu.v
        +incdir+/prj/chips/pvg/venus/yuyushan/jade_venus_3/vobs/cores/ahb2ahb_async/src
        +define+ASIC
        /prj/chips/pvg/venus/yuyushan/jade_venus_3/vobs/cores/ahb2ahb_async/src/ahb2ahb_async_DW_ahb_h2h_begen.v
        +incdir+/prj/chips/pvg/venus/yuyushan/jade_venus_3/vobs/cores/ahb2ahb_async/src
        +define+ASIC
        /prj/chips/pvg/venus/yuyushan/jade_venus_3/vobs/cores/ahb2ahb_async/src/ahb2ahb_async_DW_ahb_h2h_dreg.v
        +incdir+/prj/chips/pvg/venus/yuyushan/jade_venus_3/vobs/cores/ahb2ahb_async/src
        +define+ASIC
        /prj/chips/pvg/venus/yuyushan/jade_venus_3/vobs/cores/ahb2ahb_async/src/ahb2ahb_async_DW_ahb_h2h_mfsm.v
        +incdir+/prj/chips/pvg/venus/yuyushan/jade_venus_3/vobs/cores/ahb2ahb_async/src
        +define+ASIC
        /prj/chips/pvg/venus/yuyushan/jade_venus_3/vobs/cores/ahb2ahb_async/src/ahb2ahb_async_DW_ahb_h2h_mbiu.v
        +incdir+/prj/chips/pvg/venus/yuyushan/jade_venus_3/vobs/cores/ahb2ahb_async/src
        +define+ASIC
        /prj/chips/pvg/venus/yuyushan/jade_venus_3/vobs/cores/ahb2ahb_async/src/ahb2ahb_async_DW_ahb_h2h_core.v
        +incdir+/prj/chips/pvg/venus/yuyushan/jade_venus_3/vobs/cores/ahb2ahb_async/src
        +define+ASIC
        /prj/chips/pvg/venus/yuyushan/jade_venus_3/vobs/cores/ahb2ahb_async/src/ahb2ahb_async_DW_ahb_h2h_bcm21.v
        +incdir+/prj/chips/pvg/venus/yuyushan/jade_venus_3/vobs/cores/ahb2ahb_async/src
        +define+ASIC
        /prj/chips/pvg/venus/yuyushan/jade_venus_3/vobs/cores/ahb2ahb_async/src/ahb2ahb_async_DW_ahb_h2h_bcm99.v
        +incdir+/prj/chips/pvg/venus/yuyushan/jade_venus_3/vobs/cores/ahb2ahb_async/src
        +define+ASIC
        /prj/chips/pvg/venus/yuyushan/jade_venus_3/vobs/cores/ahb2ahb_async/src/ahb2ahb_async_DW_ahb_h2h_sync.v
        +incdir+/prj/chips/pvg/venus/yuyushan/jade_venus_3/vobs/cores/ahb2ahb_async/src
        +define+ASIC
        /prj/chips/pvg/venus/yuyushan/jade_venus_3/vobs/cores/ahb2ahb_async/src/ahb2ahb_async_DW_ahb_h2h.v
        +incdir+/prj/chips/pvg/venus/yuyushan/jade_venus_3/vobs/cores/ahb2ahb_async/src
        +define+ASIC
        /prj/chips/pvg/venus/yuyushan/jade_venus_3/vobs/cores/ahb2ahb_async/src/ahb2ahb_async_DW_ahb_h2h-undef.v
        +incdir+/prj/chips/pvg/venus/yuyushan/jade_venus_3/vobs/ip/rsp/design/rsp_s1/sub/rsp_s1_prep/src
        +incdir+/prj/chips/pvg/venus/yuyushan/jade_venus_3/vobs/ip/rsp/design/rsp_common/header/
        +define+ASIC
        /prj/chips/pvg/venus/yuyushan/jade_venus_3/vobs/ip/rsp/design/rsp_s1/sub/rsp_s1_prep/src/../ahb_ic/src/rsp_s1_prep_ahbic_out.v
        +incdir+/prj/chips/pvg/venus/yuyushan/jade_venus_3/vobs/ip/rsp/design/rsp_s1/sub/rsp_s1_prep/src
        +incdir+/prj/chips/pvg/venus/yuyushan/jade_venus_3/vobs/ip/rsp/design/rsp_common/header/
        +define+ASIC
        /prj/chips/pvg/venus/yuyushan/jade_venus_3/vobs/ip/rsp/design/rsp_s1/sub/rsp_s1_prep/src/../ahb_ic/src/rsp_s1_prep_ahbic_default_slave.v
        +incdir+/prj/chips/pvg/venus/yuyushan/jade_venus_3/vobs/ip/rsp/design/rsp_s1/sub/rsp_s1_prep/src
        +incdir+/prj/chips/pvg/venus/yuyushan/jade_venus_3/vobs/ip/rsp/design/rsp_common/header/
        +define+ASIC
        /prj/chips/pvg/venus/yuyushan/jade_venus_3/vobs/ip/rsp/design/rsp_s1/sub/rsp_s1_prep/src/../ahb_ic/src/rsp_s1_prep_ahbic_lite.v
        +incdir+/prj/chips/pvg/venus/yuyushan/jade_venus_3/vobs/ip/rsp/design/rsp_s1/sub/rsp_s1_prep/src
        +incdir+/prj/chips/pvg/venus/yuyushan/jade_venus_3/vobs/ip/rsp/design/rsp_common/header/
        +define+ASIC
        /prj/chips/pvg/venus/yuyushan/jade_venus_3/vobs/ip/rsp/design/rsp_s1/sub/rsp_s1_prep/src/../ahb_ic/src/rsp_s1_prep_ahbic_arb.v
        +incdir+/prj/chips/pvg/venus/yuyushan/jade_venus_3/vobs/ip/rsp/design/rsp_s1/sub/rsp_s1_prep/src
        +incdir+/prj/chips/pvg/venus/yuyushan/jade_venus_3/vobs/ip/rsp/design/rsp_common/header/
        +define+ASIC
        /prj/chips/pvg/venus/yuyushan/jade_venus_3/vobs/ip/rsp/design/rsp_s1/sub/rsp_s1_prep/src/../ahb_ic/src/rsp_s1_prep_ahbic_decS0.v
        +incdir+/prj/chips/pvg/venus/yuyushan/jade_venus_3/vobs/ip/rsp/design/rsp_s1/sub/rsp_s1_prep/src
        +incdir+/prj/chips/pvg/venus/yuyushan/jade_venus_3/vobs/ip/rsp/design/rsp_common/header/
        +define+ASIC
        /prj/chips/pvg/venus/yuyushan/jade_venus_3/vobs/ip/rsp/design/rsp_s1/sub/rsp_s1_prep/src/../ahb_ic/src/rsp_s1_prep_ahbic.v
        +incdir+/prj/chips/pvg/venus/yuyushan/jade_venus_3/vobs/ip/rsp/design/rsp_s1/sub/rsp_s1_prep/src
        +incdir+/prj/chips/pvg/venus/yuyushan/jade_venus_3/vobs/ip/rsp/design/rsp_common/header/
        +define+ASIC
        /prj/chips/pvg/venus/yuyushan/jade_venus_3/vobs/ip/rsp/design/rsp_s1/sub/rsp_s1_prep/src/../ahb_ic/src/rsp_s1_prep_ahbic_in.v
        +incdir+/prj/chips/pvg/venus/yuyushan/jade_venus_3/vobs/ip/rsp/design/rsp_s1/sub/rsp_s1_prep/src
        +incdir+/prj/chips/pvg/venus/yuyushan/jade_venus_3/vobs/ip/rsp/design/rsp_common/header/
        +define+ASIC
        /prj/chips/pvg/venus/yuyushan/jade_venus_3/vobs/ip/rsp/design/rsp_s1/sub/rsp_s1_prep/src/../reg/rsp_s1_prep_csr_reg.v
        +incdir+/prj/chips/pvg/venus/yuyushan/jade_venus_3/vobs/ip/rsp/design/rsp_s1/sub/rsp_s1_prep/src
        +incdir+/prj/chips/pvg/venus/yuyushan/jade_venus_3/vobs/ip/rsp/design/rsp_common/header/
        +define+ASIC
        /prj/chips/pvg/venus/yuyushan/jade_venus_3/vobs/ip/rsp/design/rsp_s1/sub/rsp_s1_prep/src/../reg/rsp_s1_prep_glb_reg.v
        ../src1/rsp_s1_prep_ahb_mux.v
        ../src1/rsp_s1_prep_mult.v
        ../src1/rsp_s1_prep_fifo.v
        ../src1/rsp_s1_prep_estimation.sv
        ../src1/rsp_s1_prep_pg_select_ram_data.sv
        ../src1/rsp_s1_prep_abs_cmp.sv
        ../src1/rsp_s1_prep_combination.sv
        ../src1/rsp_s1_prep_delay_data.sv
        ../src1/rsp_s1_prep_read_ram.sv
        ../src1/rsp_s1_prep_core.sv
        ../src1/rsp_s1_prep_diff.sv
        ../src1/rsp_s1_prep_multiplier0.sv
        ../src1/rsp_s1_prep_top.sv
        ../src1/rsp_s1_prep_abs_real.sv
        ../src1/rsp_s1_prep_write_ram.sv
        ../src1/rsp_s1_prep_phase_generation.sv
        ../src1/rsp_s1_prep_abs_complex.sv
        ../src1/rsp_s1_prep_add_u.sv
        ../src1/rsp_s1_prep.sv
        ../tb1/spram.v
        ../tb1/tpram.v
        ../tb1/spram_136x64.v
        ../tb1/delay.v
        ../tb1/common_tb.sv
        ../tb1/save_file_tb.sv
        ../tb1/rd_txt_data_tb.sv
    +incdir+/prj/chips/pvg/venus/yuyushan/jade_venus_3/vobs/ip/rsp/design/rsp_common/header
    +incdir+/prj/chips/pvg/venus/yuyushan/jade_venus_3/vobs/ip/rsp/design/rsp_s1/sub/rsp_s1_prep/src
    -sverilog

Highest level modules:
axi_v4_wr_if
axi_v4_rd_if
axi_v4_if
cdc_demet_aset_m
handshake_pipe_forward
complex_multiplier_3mult
AN2D0BWP35P140HVT
AN2D16BWP35P140HVT
AN2D1BWP35P140HVT
AN2D2BWP35P140HVT
AN2D4BWP35P140HVT
AN2D6BWP35P140HVT
AN2D8BWP35P140HVT
AN3D0BWP35P140HVT
AN3D16BWP35P140HVT
AN3D1BWP35P140HVT
AN3D2BWP35P140HVT
AN3D4BWP35P140HVT
AN3D6BWP35P140HVT
AN3D8BWP35P140HVT
AN4D0BWP35P140HVT
AN4D1BWP35P140HVT
AN4D2BWP35P140HVT
AN4D4BWP35P140HVT
AN4D8BWP35P140HVT
ANTENNABWP35P140HVT
AO211D0BWP35P140HVT
AO211D1BWP35P140HVT
AO211D2BWP35P140HVT
AO211D4BWP35P140HVT
AO21D0BWP35P140HVT
AO21D1BWP35P140HVT
AO21D2BWP35P140HVT
AO21D4BWP35P140HVT
AO22D0BWP35P140HVT
AO22D16BWP35P140HVT
AO22D1BWP35P140HVT
AO22D2BWP35P140HVT
AO22D4BWP35P140HVT
AO22D6BWP35P140HVT
AO22D8BWP35P140HVT
AOI211D0BWP35P140HVT
AOI211D16BWP35P140HVT
AOI211D1BWP35P140HVT
AOI211D2BWP35P140HVT
AOI211D4BWP35P140HVT
AOI211D6BWP35P140HVT
AOI211D8BWP35P140HVT
AOI211OPTREPBD12BWP35P140HVT
AOI211OPTREPBD16BWP35P140HVT
AOI211OPTREPBD1BWP35P140HVT
AOI211OPTREPBD2BWP35P140HVT
AOI211OPTREPBD4BWP35P140HVT
AOI211OPTREPBD6BWP35P140HVT
AOI211OPTREPBD8BWP35P140HVT
AOI21D0BWP35P140HVT
AOI21D0P7BWP35P140HVT
AOI21D16BWP35P140HVT
AOI21D1BWP35P140HVT
AOI21D1P5BWP35P140HVT
AOI21D2BWP35P140HVT
AOI21D4BWP35P140HVT
AOI21D6BWP35P140HVT
AOI21D8BWP35P140HVT
AOI21OPTREPBD12BWP35P140HVT
AOI21OPTREPBD16BWP35P140HVT
AOI21OPTREPBD1BWP35P140HVT
AOI21OPTREPBD2BWP35P140HVT
AOI21OPTREPBD4BWP35P140HVT
AOI21OPTREPBD6BWP35P140HVT
AOI21OPTREPBD8BWP35P140HVT
AOI221D0BWP35P140HVT
AOI221D1BWP35P140HVT
AOI221D2BWP35P140HVT
AOI221D4BWP35P140HVT
AOI222D0BWP35P140HVT
AOI222D1BWP35P140HVT
AOI222D2BWP35P140HVT
AOI222D4BWP35P140HVT
AOI22D0BWP35P140HVT
AOI22D0P7BWP35P140HVT
AOI22D16BWP35P140HVT
AOI22D1BWP35P140HVT
AOI22D1P5BWP35P140HVT
AOI22D2BWP35P140HVT
AOI22D4BWP35P140HVT
AOI22D6BWP35P140HVT
AOI22D8BWP35P140HVT
AOI31D0BWP35P140HVT
AOI31D1BWP35P140HVT
AOI31D2BWP35P140HVT
AOI31D4BWP35P140HVT
AOI32D0BWP35P140HVT
AOI32D1BWP35P140HVT
AOI32D2BWP35P140HVT
AOI32D4BWP35P140HVT
AOI33D0BWP35P140HVT
AOI33D1BWP35P140HVT
AOI33D2BWP35P140HVT
AOI33D4BWP35P140HVT
BHDBWP35P140HVT
BOUNDARY_LEFTBWP35P140
BOUNDARY_RIGHTBWP35P140
BUFFD0BWP35P140HVT
BUFFD0P7BWP35P140HVT
BUFFD12BWP35P140HVT
BUFFD16BWP35P140HVT
BUFFD1BWP35P140HVT
BUFFD1P5BWP35P140HVT
BUFFD20BWP35P140HVT
BUFFD24BWP35P140HVT
BUFFD2BWP35P140HVT
BUFFD3BWP35P140HVT
BUFFD4BWP35P140HVT
BUFFD6BWP35P140HVT
BUFFD8BWP35P140HVT
BUFTD12BWP35P140HVT
BUFTD16BWP35P140HVT
BUFTD20BWP35P140HVT
BUFTD24BWP35P140HVT
BUFTD4BWP35P140HVT
BUFTD6BWP35P140HVT
BUFTD8BWP35P140HVT
CKAN2D0BWP35P140HVT
CKAN2D1BWP35P140HVT
CKAN2D2BWP35P140HVT
CKAN2D4BWP35P140HVT
CKAN2D8BWP35P140HVT
CKBD0BWP35P140HVT
CKBD12BWP35P140HVT
CKBD16BWP35P140HVT
CKBD1BWP35P140HVT
CKBD20BWP35P140HVT
CKBD24BWP35P140HVT
CKBD2BWP35P140HVT
CKBD3BWP35P140HVT
CKBD4BWP35P140HVT
CKBD6BWP35P140HVT
CKBD8BWP35P140HVT
CKLHQD12BWP35P140HVT
CKLHQD16BWP35P140HVT
CKLHQD1BWP35P140HVT
CKLHQD20BWP35P140HVT
CKLHQD24BWP35P140HVT
CKLHQD2BWP35P140HVT
CKLHQD3BWP35P140HVT
CKLHQD4BWP35P140HVT
CKLHQD6BWP35P140HVT
CKLHQD8BWP35P140HVT
CKLNQD12BWP35P140HVT
CKLNQD16BWP35P140HVT
CKLNQD1BWP35P140HVT
CKLNQD20BWP35P140HVT
CKLNQD24BWP35P140HVT
CKLNQD2BWP35P140HVT
CKLNQD3BWP35P140HVT
CKLNQD4BWP35P140HVT
CKLNQD6BWP35P140HVT
CKLNQD8BWP35P140HVT
CKLNQOPTMAD16BWP35P140HVT
CKLNQOPTMAD4BWP35P140HVT
CKLNQOPTMAD8BWP35P140HVT
CKMUX2D0BWP35P140HVT
CKMUX2D1BWP35P140HVT
CKMUX2D2BWP35P140HVT
CKMUX2D4BWP35P140HVT
CKND0BWP35P140HVT
CKND12BWP35P140HVT
CKND16BWP35P140HVT
CKND1BWP35P140HVT
CKND20BWP35P140HVT
CKND24BWP35P140HVT
CKND2BWP35P140HVT
CKND2D0BWP35P140HVT
CKND2D1BWP35P140HVT
CKND2D2BWP35P140HVT
CKND2D3BWP35P140HVT
CKND2D4BWP35P140HVT
CKND2D8BWP35P140HVT
CKND3BWP35P140HVT
CKND4BWP35P140HVT
CKND6BWP35P140HVT
CKND8BWP35P140HVT
CKXOR2D0BWP35P140HVT
CKXOR2D1BWP35P140HVT
CKXOR2D2BWP35P140HVT
CKXOR2D4BWP35P140HVT
DCAP16BWP35P140HVT
DCAP32BWP35P140HVT
DCAP4BWP35P140HVT
DCAP64BWP35P140HVT
DCAP8BWP35P140HVT
DCCKBD12BWP35P140HVT
DCCKBD16BWP35P140HVT
DCCKBD20BWP35P140HVT
DCCKBD4BWP35P140HVT
DCCKBD8BWP35P140HVT
DCCKND12BWP35P140HVT
DCCKND16BWP35P140HVT
DCCKND20BWP35P140HVT
DCCKND4BWP35P140HVT
DCCKND8BWP35P140HVT
DEL025D1BWP35P140HVT
DEL050MD1BWP35P140HVT
DEL075MD1BWP35P140HVT
DEL100MD1BWP35P140HVT
DEL150MD1BWP35P140HVT
DEL200MD1BWP35P140HVT
DEL250MD1BWP35P140HVT
DFCND1BWP35P140HVT
DFCND2BWP35P140HVT
DFCND4BWP35P140HVT
DFCNQD1BWP35P140HVT
DFCNQD2BWP35P140HVT
DFCNQD4BWP35P140HVT
DFCSND1BWP35P140HVT
DFCSND2BWP35P140HVT
DFCSND4BWP35P140HVT
DFCSNQD1BWP35P140HVT
DFCSNQD2BWP35P140HVT
DFCSNQD4BWP35P140HVT
DFD1BWP35P140HVT
DFD2BWP35P140HVT
DFD4BWP35P140HVT
DFKCND1BWP35P140HVT
DFKCND2BWP35P140HVT
DFKCND4BWP35P140HVT
DFKCNQD1BWP35P140HVT
DFKCNQD2BWP35P140HVT
DFKCNQD4BWP35P140HVT
DFKCSND1BWP35P140HVT
DFKCSND2BWP35P140HVT
DFKCSND4BWP35P140HVT
DFKSND1BWP35P140HVT
DFKSND2BWP35P140HVT
DFKSND4BWP35P140HVT
DFMD1BWP35P140HVT
DFMD2BWP35P140HVT
DFMD4BWP35P140HVT
DFMQD1BWP35P140HVT
DFMQD2BWP35P140HVT
DFMQD4BWP35P140HVT
DFNCND1BWP35P140HVT
DFNCND2BWP35P140HVT
DFNCND4BWP35P140HVT
DFNCSND1BWP35P140HVT
DFNCSND2BWP35P140HVT
DFNCSND4BWP35P140HVT
DFND1BWP35P140HVT
DFND2BWP35P140HVT
DFND4BWP35P140HVT
DFNSND1BWP35P140HVT
DFNSND2BWP35P140HVT
DFNSND4BWP35P140HVT
DFQD1BWP35P140HVT
DFQD2BWP35P140HVT
DFQD4BWP35P140HVT
DFSND1BWP35P140HVT
DFSND2BWP35P140HVT
DFSND4BWP35P140HVT
DFSNQD1BWP35P140HVT
DFSNQD2BWP35P140HVT
DFSNQD4BWP35P140HVT
EDFCND1BWP35P140HVT
EDFCND2BWP35P140HVT
EDFCND4BWP35P140HVT
EDFCNQD1BWP35P140HVT
EDFCNQD2BWP35P140HVT
EDFCNQD4BWP35P140HVT
EDFD1BWP35P140HVT
EDFD2BWP35P140HVT
EDFD4BWP35P140HVT
EDFQD1BWP35P140HVT
EDFQD2BWP35P140HVT
EDFQD4BWP35P140HVT
FA1D0BWP35P140HVT
FA1D1BWP35P140HVT
FA1D2BWP35P140HVT
FA1D4BWP35P140HVT
FA1OPTCD1BWP35P140HVT
FA1OPTCD2BWP35P140HVT
FA1OPTSD1BWP35P140HVT
FA1OPTSD2BWP35P140HVT
FILL16BWP35P140HVT
FILL2BWP35P140HVT
FILL32BWP35P140HVT
FILL3BWP35P140HVT
FILL4BWP35P140HVT
FILL64BWP35P140HVT
FILL8BWP35P140HVT
GAN2D1BWP30P140HVT
GAN2D2BWP30P140HVT
GAOI21D1BWP30P140HVT
GAOI21D2BWP30P140HVT
GAOI22D1BWP30P140HVT
GBUFFD1BWP30P140HVT
GBUFFD2BWP30P140HVT
GBUFFD3BWP30P140HVT
GBUFFD4BWP30P140HVT
GBUFFD8BWP30P140HVT
GDCAP10BWP30P140HVT
GDCAP12BWP30P140HVT
GDCAP2BWP30P140HVT
GDCAP3BWP30P140HVT
GDCAP4BWP30P140HVT
GDCAPBWP30P140HVT
GDFCNQD1BWP30P140HVT
GDFQD1BWP30P140HVT
GFILL10BWP30P140HVT
GFILL12BWP30P140HVT
GFILL2BWP30P140HVT
GFILL3BWP30P140HVT
GFILL4BWP30P140HVT
GFILLBWP30P140HVT
GINVD1BWP30P140HVT
GINVD2BWP30P140HVT
GINVD3BWP30P140HVT
GINVD4BWP30P140HVT
GINVD8BWP30P140HVT
GMUX2D1BWP30P140HVT
GMUX2D2BWP30P140HVT
GMUX2ND1BWP30P140HVT
GMUX2ND2BWP30P140HVT
GND2D1BWP30P140HVT
GND2D2BWP30P140HVT
GND2D3BWP30P140HVT
GND2D4BWP30P140HVT
GND3D1BWP30P140HVT
GND3D2BWP30P140HVT
GNR2D1BWP30P140HVT
GNR2D2BWP30P140HVT
GNR3D1BWP30P140HVT
GNR3D2BWP30P140HVT
GOAI21D1BWP30P140HVT
GOAI21D2BWP30P140HVT
GOR2D1BWP30P140HVT
GOR2D2BWP30P140HVT
GSDFCNQD1BWP30P140HVT
GTIEHBWP30P140HVT
GTIELBWP30P140HVT
GXNR2D1BWP30P140HVT
GXNR2D2BWP30P140HVT
GXOR2D1BWP30P140HVT
GXOR2D2BWP30P140HVT
HA1D0BWP35P140HVT
HA1D1BWP35P140HVT
HA1D2BWP35P140HVT
HA1D4BWP35P140HVT
IAO21D0BWP35P140HVT
IAO21D1BWP35P140HVT
IAO21D2BWP35P140HVT
IAO21D4BWP35P140HVT
IAO22D0BWP35P140HVT
IAO22D1BWP35P140HVT
IAO22D2BWP35P140HVT
IAO22D4BWP35P140HVT
IND2D0BWP35P140HVT
IND2D16BWP35P140HVT
IND2D1BWP35P140HVT
IND2D2BWP35P140HVT
IND2D4BWP35P140HVT
IND2D6BWP35P140HVT
IND2D8BWP35P140HVT
IND3D0BWP35P140HVT
IND3D16BWP35P140HVT
IND3D1BWP35P140HVT
IND3D2BWP35P140HVT
IND3D4BWP35P140HVT
IND3D6BWP35P140HVT
IND3D8BWP35P140HVT
IND4D0BWP35P140HVT
IND4D1BWP35P140HVT
IND4D2BWP35P140HVT
IND4D4BWP35P140HVT
INR2D0BWP35P140HVT
INR2D16BWP35P140HVT
INR2D1BWP35P140HVT
INR2D2BWP35P140HVT
INR2D4BWP35P140HVT
INR2D6BWP35P140HVT
INR2D8BWP35P140HVT
INR3D0BWP35P140HVT
INR3D16BWP35P140HVT
INR3D1BWP35P140HVT
INR3D2BWP35P140HVT
INR3D4BWP35P140HVT
INR3D6BWP35P140HVT
INR3D8BWP35P140HVT
INR4D0BWP35P140HVT
INR4D1BWP35P140HVT
INR4D2BWP35P140HVT
INR4D4BWP35P140HVT
INVD0BWP35P140HVT
INVD0P7BWP35P140HVT
INVD12BWP35P140HVT
INVD15BWP35P140HVT
INVD16BWP35P140HVT
INVD18BWP35P140HVT
INVD1BWP35P140HVT
INVD1P5BWP35P140HVT
INVD20BWP35P140HVT
INVD21BWP35P140HVT
INVD24BWP35P140HVT
INVD2BWP35P140HVT
INVD32BWP35P140HVT
INVD3BWP35P140HVT
INVD4BWP35P140HVT
INVD6BWP35P140HVT
INVD8BWP35P140HVT
INVD9BWP35P140HVT
IOA21D0BWP35P140HVT
IOA21D1BWP35P140HVT
IOA21D2BWP35P140HVT
IOA21D4BWP35P140HVT
IOA22D0BWP35P140HVT
IOA22D1BWP35P140HVT
IOA22D2BWP35P140HVT
IOA22D4BWP35P140HVT
LHCNDD1BWP35P140HVT
LHCNDD2BWP35P140HVT
LHCNDD4BWP35P140HVT
LHCNDQD1BWP35P140HVT
LHCNDQD2BWP35P140HVT
LHCNDQD4BWP35P140HVT
LHCSNDD1BWP35P140HVT
LHCSNDD2BWP35P140HVT
LHCSNDD4BWP35P140HVT
LHCSNDQD1BWP35P140HVT
LHCSNDQD2BWP35P140HVT
LHCSNDQD4BWP35P140HVT
LHD1BWP35P140HVT
LHD2BWP35P140HVT
LHD4BWP35P140HVT
LHQD1BWP35P140HVT
LHQD2BWP35P140HVT
LHQD4BWP35P140HVT
LHQOPTDAD1BWP35P140HVT
LHQOPTDAD2BWP35P140HVT
LHQOPTDAD4BWP35P140HVT
LHQOPTDAD8BWP35P140HVT
LHSNDD1BWP35P140HVT
LHSNDD2BWP35P140HVT
LHSNDD4BWP35P140HVT
LHSNDQD1BWP35P140HVT
LHSNDQD2BWP35P140HVT
LHSNDQD4BWP35P140HVT
LNCNDD1BWP35P140HVT
LNCNDD2BWP35P140HVT
LNCNDD4BWP35P140HVT
LNCNDQD1BWP35P140HVT
LNCNDQD2BWP35P140HVT
LNCNDQD4BWP35P140HVT
LNCSNDD1BWP35P140HVT
LNCSNDD2BWP35P140HVT
LNCSNDD4BWP35P140HVT
LNCSNDQD1BWP35P140HVT
LNCSNDQD2BWP35P140HVT
LNCSNDQD4BWP35P140HVT
LND1BWP35P140HVT
LND2BWP35P140HVT
LND4BWP35P140HVT
LNQD1BWP35P140HVT
LNQD2BWP35P140HVT
LNQD4BWP35P140HVT
LNSNDD1BWP35P140HVT
LNSNDD2BWP35P140HVT
LNSNDD4BWP35P140HVT
LNSNDQD1BWP35P140HVT
LNSNDQD2BWP35P140HVT
LNSNDQD4BWP35P140HVT
MAOI222D0BWP35P140HVT
MAOI222D1BWP35P140HVT
MAOI222D2BWP35P140HVT
MAOI222D4BWP35P140HVT
MAOI22D0BWP35P140HVT
MAOI22D1BWP35P140HVT
MAOI22D2BWP35P140HVT
MAOI22D4BWP35P140HVT
MOAI22D0BWP35P140HVT
MOAI22D1BWP35P140HVT
MOAI22D2BWP35P140HVT
MOAI22D4BWP35P140HVT
MUX2D0BWP35P140HVT
MUX2D1BWP35P140HVT
MUX2D2BWP35P140HVT
MUX2D4BWP35P140HVT
MUX2ND0BWP35P140HVT
MUX2ND1BWP35P140HVT
MUX2ND2BWP35P140HVT
MUX2ND4BWP35P140HVT
MUX2NOPTD2BWP35P140HVT
MUX2NOPTD4BWP35P140HVT
MUX2NOPTD6BWP35P140HVT
MUX2NOPTD8BWP35P140HVT
MUX2NUD1BWP35P140HVT
MUX2OPTD12BWP35P140HVT
MUX2OPTD2BWP35P140HVT
MUX2OPTD4BWP35P140HVT
MUX2OPTD6BWP35P140HVT
MUX2OPTD8BWP35P140HVT
MUX3D0BWP35P140HVT
MUX3D1BWP35P140HVT
MUX3D2BWP35P140HVT
MUX3D4BWP35P140HVT
MUX3ND0BWP35P140HVT
MUX3ND1BWP35P140HVT
MUX3ND2BWP35P140HVT
MUX3ND4BWP35P140HVT
MUX3NUD1BWP35P140HVT
MUX4D0BWP35P140HVT
MUX4D1BWP35P140HVT
MUX4D2BWP35P140HVT
MUX4D4BWP35P140HVT
MUX4ND0BWP35P140HVT
MUX4ND1BWP35P140HVT
MUX4ND2BWP35P140HVT
MUX4ND4BWP35P140HVT
ND2D0BWP35P140HVT
ND2D0P7BWP35P140HVT
ND2D16BWP35P140HVT
ND2D1BWP35P140HVT
ND2D1P5BWP35P140HVT
ND2D2BWP35P140HVT
ND2D3BWP35P140HVT
ND2D4BWP35P140HVT
ND2D6BWP35P140HVT
ND2D8BWP35P140HVT
ND2OPTD12BWP35P140HVT
ND2OPTD20BWP35P140HVT
ND2OPTD6BWP35P140HVT
ND2OPTIBD12BWP35P140HVT
ND2OPTIBD16BWP35P140HVT
ND2OPTIBD1BWP35P140HVT
ND2OPTIBD20BWP35P140HVT
ND2OPTIBD24BWP35P140HVT
ND2OPTIBD2BWP35P140HVT
ND2OPTIBD4BWP35P140HVT
ND2OPTIBD6BWP35P140HVT
ND2OPTIBD8BWP35P140HVT
ND2OPTPAD12BWP35P140HVT
ND2OPTPAD16BWP35P140HVT
ND2OPTPAD1BWP35P140HVT
ND2OPTPAD20BWP35P140HVT
ND2OPTPAD2BWP35P140HVT
ND2OPTPAD4BWP35P140HVT
ND2OPTPAD6BWP35P140HVT
ND2OPTPAD8BWP35P140HVT
ND3D0BWP35P140HVT
ND3D0P7BWP35P140HVT
ND3D16BWP35P140HVT
ND3D1BWP35P140HVT
ND3D1P5BWP35P140HVT
ND3D2BWP35P140HVT
ND3D3BWP35P140HVT
ND3D4BWP35P140HVT
ND3D6BWP35P140HVT
ND3D8BWP35P140HVT
ND3OPTD12BWP35P140HVT
ND3OPTD6BWP35P140HVT
ND3OPTPAD12BWP35P140HVT
ND3OPTPAD16BWP35P140HVT
ND3OPTPAD1BWP35P140HVT
ND3OPTPAD2BWP35P140HVT
ND3OPTPAD4BWP35P140HVT
ND3OPTPAD6BWP35P140HVT
ND3OPTPAD8BWP35P140HVT
ND4D0BWP35P140HVT
ND4D1BWP35P140HVT
ND4D2BWP35P140HVT
ND4D3BWP35P140HVT
ND4D4BWP35P140HVT
ND4D8BWP35P140HVT
NR2D0BWP35P140HVT
NR2D0P7BWP35P140HVT
NR2D16BWP35P140HVT
NR2D1BWP35P140HVT
NR2D1P5BWP35P140HVT
NR2D2BWP35P140HVT
NR2D3BWP35P140HVT
NR2D4BWP35P140HVT
NR2D6BWP35P140HVT
NR2D8BWP35P140HVT
NR2OPTD12BWP35P140HVT
NR2OPTD20BWP35P140HVT
NR2OPTD6BWP35P140HVT
NR2OPTIBD12BWP35P140HVT
NR2OPTIBD16BWP35P140HVT
NR2OPTIBD1BWP35P140HVT
NR2OPTIBD20BWP35P140HVT
NR2OPTIBD24BWP35P140HVT
NR2OPTIBD2BWP35P140HVT
NR2OPTIBD4BWP35P140HVT
NR2OPTIBD6BWP35P140HVT
NR2OPTIBD8BWP35P140HVT
NR2OPTPAD12BWP35P140HVT
NR2OPTPAD16BWP35P140HVT
NR2OPTPAD1BWP35P140HVT
NR2OPTPAD20BWP35P140HVT
NR2OPTPAD2BWP35P140HVT
NR2OPTPAD4BWP35P140HVT
NR2OPTPAD6BWP35P140HVT
NR2OPTPAD8BWP35P140HVT
NR3D0BWP35P140HVT
NR3D0P7BWP35P140HVT
NR3D16BWP35P140HVT
NR3D1BWP35P140HVT
NR3D1P5BWP35P140HVT
NR3D2BWP35P140HVT
NR3D3BWP35P140HVT
NR3D4BWP35P140HVT
NR3D6BWP35P140HVT
NR3D8BWP35P140HVT
NR3OPTD12BWP35P140HVT
NR3OPTD6BWP35P140HVT
NR3OPTPAD12BWP35P140HVT
NR3OPTPAD16BWP35P140HVT
NR3OPTPAD1BWP35P140HVT
NR3OPTPAD2BWP35P140HVT
NR3OPTPAD4BWP35P140HVT
NR3OPTPAD6BWP35P140HVT
NR3OPTPAD8BWP35P140HVT
NR4D0BWP35P140HVT
NR4D1BWP35P140HVT
NR4D2BWP35P140HVT
NR4D3BWP35P140HVT
NR4D4BWP35P140HVT
NR4D8BWP35P140HVT
OA211D0BWP35P140HVT
OA211D1BWP35P140HVT
OA211D2BWP35P140HVT
OA211D4BWP35P140HVT
OA21D0BWP35P140HVT
OA21D16BWP35P140HVT
OA21D1BWP35P140HVT
OA21D2BWP35P140HVT
OA21D4BWP35P140HVT
OA21D6BWP35P140HVT
OA21D8BWP35P140HVT
OA22D0BWP35P140HVT
OA22D16BWP35P140HVT
OA22D1BWP35P140HVT
OA22D2BWP35P140HVT
OA22D4BWP35P140HVT
OA22D6BWP35P140HVT
OA22D8BWP35P140HVT
OAI211D0BWP35P140HVT
OAI211D1BWP35P140HVT
OAI211D2BWP35P140HVT
OAI211D4BWP35P140HVT
OAI211OPTD6BWP35P140HVT
OAI211OPTD8BWP35P140HVT
OAI211OPTREPBD12BWP35P140HVT
OAI211OPTREPBD16BWP35P140HVT
OAI211OPTREPBD1BWP35P140HVT
OAI211OPTREPBD2BWP35P140HVT
OAI211OPTREPBD4BWP35P140HVT
OAI211OPTREPBD6BWP35P140HVT
OAI211OPTREPBD8BWP35P140HVT
OAI21D0BWP35P140HVT
OAI21D0P7BWP35P140HVT
OAI21D16BWP35P140HVT
OAI21D1BWP35P140HVT
OAI21D1P5BWP35P140HVT
OAI21D2BWP35P140HVT
OAI21D4BWP35P140HVT
OAI21D6BWP35P140HVT
OAI21D8BWP35P140HVT
OAI21OPTREPBD12BWP35P140HVT
OAI21OPTREPBD16BWP35P140HVT
OAI21OPTREPBD1BWP35P140HVT
OAI21OPTREPBD2BWP35P140HVT
OAI21OPTREPBD4BWP35P140HVT
OAI21OPTREPBD6BWP35P140HVT
OAI21OPTREPBD8BWP35P140HVT
OAI221D0BWP35P140HVT
OAI221D1BWP35P140HVT
OAI221D2BWP35P140HVT
OAI221D4BWP35P140HVT
OAI222D0BWP35P140HVT
OAI222D1BWP35P140HVT
OAI222D2BWP35P140HVT
OAI222D4BWP35P140HVT
OAI22D0BWP35P140HVT
OAI22D0P7BWP35P140HVT
OAI22D16BWP35P140HVT
OAI22D1BWP35P140HVT
OAI22D1P5BWP35P140HVT
OAI22D2BWP35P140HVT
OAI22D4BWP35P140HVT
OAI22D6BWP35P140HVT
OAI22D8BWP35P140HVT
OAI22OPTPBD12BWP35P140HVT
OAI22OPTPBD16BWP35P140HVT
OAI22OPTPBD1BWP35P140HVT
OAI22OPTPBD2BWP35P140HVT
OAI22OPTPBD4BWP35P140HVT
OAI22OPTPBD6BWP35P140HVT
OAI22OPTPBD8BWP35P140HVT
OAI31D0BWP35P140HVT
OAI31D1BWP35P140HVT
OAI31D2BWP35P140HVT
OAI31D4BWP35P140HVT
OAI32D0BWP35P140HVT
OAI32D1BWP35P140HVT
OAI32D2BWP35P140HVT
OAI32D4BWP35P140HVT
OAI33D0BWP35P140HVT
OAI33D1BWP35P140HVT
OAI33D2BWP35P140HVT
OAI33D4BWP35P140HVT
OD18DCAP16BWP35P140
OD18DCAP32BWP35P140
OD18DCAP64BWP35P140
OR2D0BWP35P140HVT
OR2D16BWP35P140HVT
OR2D1BWP35P140HVT
OR2D2BWP35P140HVT
OR2D4BWP35P140HVT
OR2D6BWP35P140HVT
OR2D8BWP35P140HVT
OR3D0BWP35P140HVT
OR3D16BWP35P140HVT
OR3D1BWP35P140HVT
OR3D2BWP35P140HVT
OR3D4BWP35P140HVT
OR3D6BWP35P140HVT
OR3D8BWP35P140HVT
OR4D0BWP35P140HVT
OR4D1BWP35P140HVT
OR4D2BWP35P140HVT
OR4D4BWP35P140HVT
OR4D8BWP35P140HVT
SDFCNARD1BWP35P140HVT
SDFCNARD2BWP35P140HVT
SDFCNARD4BWP35P140HVT
SDFCND0BWP35P140HVT
SDFCND1BWP35P140HVT
SDFCND2BWP35P140HVT
SDFCND4BWP35P140HVT
SDFCNOPTBD1BWP35P140HVT
SDFCNOPTBD2BWP35P140HVT
SDFCNOPTBD4BWP35P140HVT
SDFCNOPTMAD12BWP35P140HVT
SDFCNOPTMAD4BWP35P140HVT
SDFCNOPTMAD8BWP35P140HVT
SDFCNOPTMCD12BWP35P140HVT
SDFCNOPTMCD8BWP35P140HVT
SDFCNOPTSADD12BWP35P140HVT
SDFCNOPTSADD4BWP35P140HVT
SDFCNOPTSADD8BWP35P140HVT
SDFCNQARD1BWP35P140HVT
SDFCNQARD2BWP35P140HVT
SDFCNQARD4BWP35P140HVT
SDFCNQD0BWP35P140HVT
SDFCNQD1BWP35P140HVT
SDFCNQD2BWP35P140HVT
SDFCNQD4BWP35P140HVT
SDFCNQOPTBD1BWP35P140HVT
SDFCNQOPTBD2BWP35P140HVT
SDFCNQOPTBD4BWP35P140HVT
SDFCNQOPTMAD12BWP35P140HVT
SDFCNQOPTMAD4BWP35P140HVT
SDFCNQOPTMAD8BWP35P140HVT
SDFCNQOPTMCD12BWP35P140HVT
SDFCNQOPTMCD8BWP35P140HVT
SDFCNQOPTSADD12BWP35P140HVT
SDFCNQOPTSADD4BWP35P140HVT
SDFCNQOPTSADD8BWP35P140HVT
SDFCSNARD1BWP35P140HVT
SDFCSND0BWP35P140HVT
SDFCSND1BWP35P140HVT
SDFCSND2BWP35P140HVT
SDFCSND4BWP35P140HVT
SDFCSNQD0BWP35P140HVT
SDFCSNQD1BWP35P140HVT
SDFCSNQD2BWP35P140HVT
SDFCSNQD4BWP35P140HVT
SDFD0BWP35P140HVT
SDFD1BWP35P140HVT
SDFD2BWP35P140HVT
SDFD4BWP35P140HVT
SDFKCNARD1BWP35P140HVT
SDFKCNARD2BWP35P140HVT
SDFKCNARD4BWP35P140HVT
SDFKCND0BWP35P140HVT
SDFKCND1BWP35P140HVT
SDFKCND2BWP35P140HVT
SDFKCND4BWP35P140HVT
SDFKCNQARD1BWP35P140HVT
SDFKCNQARD2BWP35P140HVT
SDFKCNQARD4BWP35P140HVT
SDFKCNQD0BWP35P140HVT
SDFKCNQD1BWP35P140HVT
SDFKCNQD2BWP35P140HVT
SDFKCNQD4BWP35P140HVT
SDFKCNQOPTMAD12BWP35P140HVT
SDFKCNQOPTMAD4BWP35P140HVT
SDFKCNQOPTMAD8BWP35P140HVT
SDFKCSNARD1BWP35P140HVT
SDFKCSND0BWP35P140HVT
SDFKCSND1BWP35P140HVT
SDFKCSND2BWP35P140HVT
SDFKCSND4BWP35P140HVT
SDFKCSNQD0BWP35P140HVT
SDFKCSNQD1BWP35P140HVT
SDFKCSNQD2BWP35P140HVT
SDFKCSNQD4BWP35P140HVT
SDFKSNARD1BWP35P140HVT
SDFKSND0BWP35P140HVT
SDFKSND1BWP35P140HVT
SDFKSND2BWP35P140HVT
SDFKSND4BWP35P140HVT
SDFKSNQARD1BWP35P140HVT
SDFKSNQD0BWP35P140HVT
SDFKSNQD1BWP35P140HVT
SDFKSNQD2BWP35P140HVT
SDFKSNQD4BWP35P140HVT
SDFMARD1BWP35P140HVT
SDFMD0BWP35P140HVT
SDFMD1BWP35P140HVT
SDFMD2BWP35P140HVT
SDFMD4BWP35P140HVT
SDFMQARD1BWP35P140HVT
SDFMQD0BWP35P140HVT
SDFMQD1BWP35P140HVT
SDFMQD2BWP35P140HVT
SDFMQD4BWP35P140HVT
SDFNCNARD1BWP35P140HVT
SDFNCND0BWP35P140HVT
SDFNCND1BWP35P140HVT
SDFNCND2BWP35P140HVT
SDFNCND4BWP35P140HVT
SDFNCSNARD1BWP35P140HVT
SDFNCSND0BWP35P140HVT
SDFNCSND1BWP35P140HVT
SDFNCSND2BWP35P140HVT
SDFNCSND4BWP35P140HVT
SDFND0BWP35P140HVT
SDFND1BWP35P140HVT
SDFND2BWP35P140HVT
SDFND4BWP35P140HVT
SDFNSND0BWP35P140HVT
SDFNSND1BWP35P140HVT
SDFNSND2BWP35P140HVT
SDFNSND4BWP35P140HVT
SDFNSYNCND1BWP35P140HVT
SDFNSYNCND2BWP35P140HVT
SDFNSYNCND4BWP35P140HVT
SDFNSYNCSND1BWP35P140HVT
SDFNSYNCSND2BWP35P140HVT
SDFNSYNCSND4BWP35P140HVT
SDFNSYND1BWP35P140HVT
SDFNSYND2BWP35P140HVT
SDFNSYND4BWP35P140HVT
SDFNSYNSND1BWP35P140HVT
SDFNSYNSND2BWP35P140HVT
SDFNSYNSND4BWP35P140HVT
SDFOPTBD1BWP35P140HVT
SDFOPTBD2BWP35P140HVT
SDFOPTBD4BWP35P140HVT
SDFOPTMAD12BWP35P140HVT
SDFOPTMAD4BWP35P140HVT
SDFOPTMAD8BWP35P140HVT
SDFOPTMCD12BWP35P140HVT
SDFOPTMCD8BWP35P140HVT
SDFOPTSADD12BWP35P140HVT
SDFOPTSADD4BWP35P140HVT
SDFOPTSADD8BWP35P140HVT
SDFQD0BWP35P140HVT
SDFQD1BWP35P140HVT
SDFQD2BWP35P140HVT
SDFQD4BWP35P140HVT
SDFQNARD1BWP35P140HVT
SDFQND0BWP35P140HVT
SDFQND1BWP35P140HVT
SDFQND2BWP35P140HVT
SDFQND4BWP35P140HVT
SDFQNOPTMAD12BWP35P140HVT
SDFQNOPTMAD4BWP35P140HVT
SDFQNOPTMAD8BWP35P140HVT
SDFQNOPTSADD12BWP35P140HVT
SDFQNOPTSADD4BWP35P140HVT
SDFQNOPTSADD8BWP35P140HVT
SDFQOPTBD1BWP35P140HVT
SDFQOPTBD2BWP35P140HVT
SDFQOPTBD4BWP35P140HVT
SDFQOPTMAD12BWP35P140HVT
SDFQOPTMAD4BWP35P140HVT
SDFQOPTMAD8BWP35P140HVT
SDFQOPTMCD12BWP35P140HVT
SDFQOPTMCD8BWP35P140HVT
SDFQOPTSADD12BWP35P140HVT
SDFQOPTSADD4BWP35P140HVT
SDFQOPTSADD8BWP35P140HVT
SDFSND0BWP35P140HVT
SDFSND1BWP35P140HVT
SDFSND2BWP35P140HVT
SDFSND4BWP35P140HVT
SDFSNOPTMAD12BWP35P140HVT
SDFSNOPTMAD4BWP35P140HVT
SDFSNOPTMAD8BWP35P140HVT
SDFSNQD0BWP35P140HVT
SDFSNQD1BWP35P140HVT
SDFSNQD2BWP35P140HVT
SDFSNQD4BWP35P140HVT
SDFSNQOPTMAD12BWP35P140HVT
SDFSNQOPTMAD4BWP35P140HVT
SDFSNQOPTMAD8BWP35P140HVT
SDFSYNCND1BWP35P140HVT
SDFSYNCND2BWP35P140HVT
SDFSYNCND4BWP35P140HVT
SDFSYNCNQD1BWP35P140HVT
SDFSYNCNQD2BWP35P140HVT
SDFSYNCNQD4BWP35P140HVT
SDFSYNCSND1BWP35P140HVT
SDFSYNCSND2BWP35P140HVT
SDFSYNCSND4BWP35P140HVT
SDFSYNCSNQD1BWP35P140HVT
SDFSYNCSNQD2BWP35P140HVT
SDFSYNCSNQD4BWP35P140HVT
SDFSYND1BWP35P140HVT
SDFSYND2BWP35P140HVT
SDFSYND4BWP35P140HVT
SDFSYNQD1BWP35P140HVT
SDFSYNQD2BWP35P140HVT
SDFSYNQD4BWP35P140HVT
SDFSYNQND1BWP35P140HVT
SDFSYNQND2BWP35P140HVT
SDFSYNQND4BWP35P140HVT
SDFSYNSND1BWP35P140HVT
SDFSYNSND2BWP35P140HVT
SDFSYNSND4BWP35P140HVT
SDFSYNSNQD1BWP35P140HVT
SDFSYNSNQD2BWP35P140HVT
SDFSYNSNQD4BWP35P140HVT
SEDFARD0BWP35P140HVT
SEDFARD1BWP35P140HVT
SEDFARD2BWP35P140HVT
SEDFARD4BWP35P140HVT
SEDFCNARD0BWP35P140HVT
SEDFCNARD1BWP35P140HVT
SEDFCND0BWP35P140HVT
SEDFCND1BWP35P140HVT
SEDFCND2BWP35P140HVT
SEDFCND4BWP35P140HVT
SEDFCNQARD0BWP35P140HVT
SEDFCNQARD1BWP35P140HVT
SEDFCNQD0BWP35P140HVT
SEDFCNQD1BWP35P140HVT
SEDFCNQD2BWP35P140HVT
SEDFCNQD4BWP35P140HVT
SEDFD0BWP35P140HVT
SEDFD1BWP35P140HVT
SEDFD2BWP35P140HVT
SEDFD4BWP35P140HVT
SEDFQARD0BWP35P140HVT
SEDFQARD1BWP35P140HVT
SEDFQARD2BWP35P140HVT
SEDFQARD4BWP35P140HVT
SEDFQD0BWP35P140HVT
SEDFQD1BWP35P140HVT
SEDFQD2BWP35P140HVT
SEDFQD4BWP35P140HVT
TAPCELLBWP35P140
TIEHBWP35P140HVT
TIELBWP35P140HVT
XNR2D0BWP35P140HVT
XNR2D1BWP35P140HVT
XNR2D2BWP35P140HVT
XNR2D4BWP35P140HVT
XNR2OPTND2BWP35P140HVT
XNR2OPTND4BWP35P140HVT
XNR2OPTND6BWP35P140HVT
XNR2OPTND8BWP35P140HVT
XNR2UD0BWP35P140HVT
XNR2UD1BWP35P140HVT
XNR3D0BWP35P140HVT
XNR3D1BWP35P140HVT
XNR3D2BWP35P140HVT
XNR3D4BWP35P140HVT
XNR3UD0BWP35P140HVT
XNR3UD1BWP35P140HVT
XNR4D0BWP35P140HVT
XNR4D1BWP35P140HVT
XNR4D2BWP35P140HVT
XNR4D4BWP35P140HVT
XOR2D0BWP35P140HVT
XOR2D1BWP35P140HVT
XOR2D2BWP35P140HVT
XOR2D4BWP35P140HVT
XOR2OPTND2BWP35P140HVT
XOR2OPTND4BWP35P140HVT
XOR2OPTND6BWP35P140HVT
XOR2OPTND8BWP35P140HVT
XOR2UD0BWP35P140HVT
XOR2UD1BWP35P140HVT
XOR3D0BWP35P140HVT
XOR3D1BWP35P140HVT
XOR3D2BWP35P140HVT
XOR3D4BWP35P140HVT
XOR3UD0BWP35P140HVT
XOR3UD1BWP35P140HVT
XOR4D0BWP35P140HVT
XOR4D1BWP35P140HVT
XOR4D2BWP35P140HVT
XOR4D4BWP35P140HVT
ISOHID1BWP35P140HVT
ISOHID2BWP35P140HVT
ISOHID4BWP35P140HVT
ISOHID8BWP35P140HVT
ISOLOD1BWP35P140HVT
ISOLOD2BWP35P140HVT
ISOLOD4BWP35P140HVT
ISOLOD8BWP35P140HVT
ISOSRHID2BWP35P140HVT
ISOSRHID4BWP35P140HVT
ISOSRHID8BWP35P140HVT
ISOSRLOD2BWP35P140HVT
ISOSRLOD4BWP35P140HVT
ISOSRLOD8BWP35P140HVT
LVLHLCD1BWP35P140HVT
LVLHLCD2BWP35P140HVT
LVLHLCD4BWP35P140HVT
LVLHLCD8BWP35P140HVT
LVLHLCLOD1BWP35P140HVT
LVLHLCLOD2BWP35P140HVT
LVLHLCLOD4BWP35P140HVT
LVLHLCLOD8BWP35P140HVT
LVLHLD1BWP35P140HVT
LVLHLD2BWP35P140HVT
LVLHLD4BWP35P140HVT
LVLHLD8BWP35P140HVT
LVLLHCD1BWP35P140HVT
LVLLHCD2BWP35P140HVT
LVLLHCD4BWP35P140HVT
LVLLHCD8BWP35P140HVT
LVLLHCLOD1BWP35P140HVT
LVLLHCLOD2BWP35P140HVT
LVLLHCLOD4BWP35P140HVT
LVLLHCLOD8BWP35P140HVT
LVLLHD1BWP35P140HVT
LVLLHD2BWP35P140HVT
LVLLHD4BWP35P140HVT
LVLLHD8BWP35P140HVT
LVLSRLHCD2BWP35P140HVT
LVLSRLHCD4BWP35P140HVT
LVLSRLHCD8BWP35P140HVT
LVLSRLHD2BWP35P140HVT
LVLSRLHD4BWP35P140HVT
LVLSRLHD8BWP35P140HVT
handshake_pipe_backward
interpolation
demux
log2
abs
data_select_2d
mux
fifo_fwft_with_update
fifo_standard
reg_sfifo
reg_afifo
rsp_irq
rsp_s2_op_fsm
radix2_shared_tw
pipelined_radix2_shared_tw
rsp_s3_op_fsm
ahb2ahb_async_DW_ahb_h2h_bcm99
rsp_s1_prep_ahbic_lite
commmon_tb


*Warning* port sizes differ (19 vs 18) in port connection (port CSR_RD_START_ADDR)
"../src1/rsp_s1_prep_core.sv", 124: 

*Warning* Failed to find the specified instance parameter READ_RAM_WIDTH in the master rsp_s1_prep_estimation
"../src1/rsp_s1_prep_top.sv", 201: 

*Warning* Failed to find the specified instance parameter DATA_WIDTH in the master rsp_s1_prep_estimation
"../src1/rsp_s1_prep_top.sv", 201: 

*Warning* Failed to find the specified instance parameter READ_RAM_WIDTH in the master rsp_s1_prep_estimation
"../src1/rsp_s1_prep_top.sv", 230: 

*Warning* Failed to find the specified instance parameter DATA_WIDTH in the master rsp_s1_prep_estimation
"../src1/rsp_s1_prep_top.sv", 230: 

*Warning* Failed to find the specified instance parameter READ_RAM_WIDTH in the master rsp_s1_prep_estimation
"../src1/rsp_s1_prep_top.sv", 251: 

*Warning* Failed to find the specified instance parameter DATA_WIDTH in the master rsp_s1_prep_estimation
"../src1/rsp_s1_prep_top.sv", 251: 

*Warning* port sizes differ (16 vs 1) in port connection (port mem_cnt_rd_a)
"../src1/rsp_s1_prep.sv", 712: 

*Warning* port sizes differ (16 vs 1) in port connection (port mem_cnt_rd_b)
"../src1/rsp_s1_prep.sv", 713: 

*Warning* port sizes differ (16 vs 1) in port connection (port mem_cnt_wr_a)
"../src1/rsp_s1_prep.sv", 714: 

*Warning* port sizes differ (16 vs 1) in port connection (port mem_cnt_wr_b)
"../src1/rsp_s1_prep.sv", 715: 

*Warning* port sizes differ (16 vs 1) in port connection (port counter_tw)
"../src1/rsp_s1_prep.sv", 716: 

*Warning* port sizes differ (16 vs 1) in port connection (port counter_win)
"../src1/rsp_s1_prep.sv", 717: 

*Warning* port sizes differ (5 vs 0) in port connection (port CSR_BURST_LEN)
"../src1/rsp_s1_prep.sv", 758: 
Total	0 error(s),   14 warning(s)
